Log file open, 10/01/20 17:57:52
LogInit: Display: Running engine for game: MicroDoom
LogPlatformFile: Not using cached read wrapper
LogTaskGraph: Started task graph with 5 named threads and 14 total threads with 3 sets of task threads.
LogStats: Stats thread started at 0.449815
LogD3D11RHI: Loaded GFSDK_Aftermath_Lib.x64.dll
LogICUInternationalization: ICU TimeZone Detection - Raw Offset: +3:00, Platform Override: ''
LogPluginManager: Mounting plugin Paper2D
LogPluginManager: Mounting plugin AISupport
LogPluginManager: Mounting plugin LightPropagationVolume
LogPluginManager: Mounting plugin CameraShakePreviewer
LogPluginManager: Mounting plugin ActorLayerUtilities
LogPluginManager: Mounting plugin AnimationSharing
LogPluginManager: Mounting plugin CLionSourceCodeAccess
LogPluginManager: Mounting plugin CodeLiteSourceCodeAccess
LogPluginManager: Mounting plugin GitSourceControl
LogPluginManager: Mounting plugin KDevelopSourceCodeAccess
LogPluginManager: Mounting plugin NullSourceCodeAccess
LogPluginManager: Mounting plugin PerforceSourceControl
LogPluginManager: Mounting plugin PlasticSourceControl
LogPluginManager: Mounting plugin RiderLink
LogPluginManager: Mounting plugin RiderSourceCodeAccess
LogPluginManager: Mounting plugin SubversionSourceControl
LogPluginManager: Mounting plugin UObjectPlugin
LogPluginManager: Mounting plugin VisualStudioCodeSourceCodeAccess
LogPluginManager: Mounting plugin VisualStudioSourceCodeAccess
LogPluginManager: Mounting plugin XCodeSourceCodeAccess
LogPluginManager: Mounting plugin AssetManagerEditor
LogPluginManager: Mounting plugin CryptoKeys
LogPluginManager: Mounting plugin CurveEditorTools
LogPluginManager: Mounting plugin DataValidation
LogPluginManager: Mounting plugin EditorScriptingUtilities
LogPluginManager: Mounting plugin FacialAnimation
LogPluginManager: Mounting plugin GameplayTagsEditor
LogPluginManager: Mounting plugin GeometryMode
LogPluginManager: Mounting plugin MacGraphicsSwitching
LogPluginManager: Mounting plugin MaterialAnalyzer
LogPluginManager: Mounting plugin MobileLauncherProfileWizard
LogPluginManager: Mounting plugin PluginBrowser
LogPluginManager: Mounting plugin SpeedTreeImporter
LogPluginManager: Mounting plugin DatasmithContent
LogPluginManager: Mounting plugin VariantManagerContent
LogPluginManager: Mounting plugin AlembicImporter
LogPluginManager: Mounting plugin AutomationUtils
LogPluginManager: Mounting plugin BackChannel
LogPluginManager: Mounting plugin ChaosCloth
LogPluginManager: Mounting plugin ChaosClothEditor
LogPluginManager: Mounting plugin ChaosEditor
LogPluginManager: Mounting plugin ChaosNiagara
LogPluginManager: Mounting plugin ChaosSolverPlugin
LogPluginManager: Mounting plugin CharacterAI
LogPluginManager: Mounting plugin GeometryCache
LogPluginManager: Mounting plugin GeometryCollectionPlugin
LogPluginManager: Mounting plugin GeometryProcessing
LogPluginManager: Mounting plugin PlanarCut
LogPluginManager: Mounting plugin PlatformCrypto
LogPluginManager: Mounting plugin ProxyLODPlugin
LogPluginManager: Mounting plugin SkeletalReduction
LogPluginManager: Mounting plugin Niagara
LogPluginManager: Mounting plugin MagicLeap
LogPluginManager: Mounting plugin MagicLeapLightEstimation
LogPluginManager: Mounting plugin MagicLeapMedia
LogPluginManager: Mounting plugin MagicLeapPassableWorld
LogPluginManager: Mounting plugin MLSDK
LogPluginManager: Mounting plugin AndroidMedia
LogPluginManager: Mounting plugin AvfMedia
LogPluginManager: Mounting plugin ImgMedia
LogPluginManager: Mounting plugin MediaCompositing
LogPluginManager: Mounting plugin MediaPlayerEditor
LogPluginManager: Mounting plugin WebMMedia
LogPluginManager: Mounting plugin WmfMedia
LogPluginManager: Mounting plugin MeshPainting
LogPluginManager: Mounting plugin TcpMessaging
LogPluginManager: Mounting plugin UdpMessaging
LogPluginManager: Mounting plugin ActorSequence
LogPluginManager: Mounting plugin LevelSequenceEditor
LogPluginManager: Mounting plugin MatineeToLevelSequence
LogPluginManager: Mounting plugin MovieRenderPipeline
LogPluginManager: Mounting plugin TemplateSequence
LogPluginManager: Mounting plugin NetcodeUnitTest
LogPluginManager: Mounting plugin NUTUnrealEngine4
LogPluginManager: Mounting plugin OnlineSubsystemGooglePlay
LogPluginManager: Mounting plugin OnlineSubsystemIOS
LogPluginManager: Mounting plugin OnlineSubsystem
LogPluginManager: Mounting plugin OnlineSubsystemNull
LogPluginManager: Mounting plugin OnlineSubsystemUtils
LogPluginManager: Mounting plugin LauncherChunkInstaller
LogPluginManager: Mounting plugin AndroidDeviceProfileSelector
LogPluginManager: Mounting plugin AndroidMoviePlayer
LogPluginManager: Mounting plugin AndroidPermission
LogPluginManager: Mounting plugin AppleImageUtils
LogPluginManager: Mounting plugin AppleMoviePlayer
LogPluginManager: Mounting plugin ArchVisCharacter
LogPluginManager: Mounting plugin AssetTags
LogPluginManager: Mounting plugin AudioCapture
LogPluginManager: Mounting plugin CableComponent
LogPluginManager: Mounting plugin CustomMeshComponent
LogPluginManager: Mounting plugin EditableMesh
LogPluginManager: Mounting plugin ExampleDeviceProfileSelector
LogPluginManager: Mounting plugin GoogleCloudMessaging
LogPluginManager: Mounting plugin GooglePAD
LogPluginManager: Mounting plugin IOSDeviceProfileSelector
LogPluginManager: Mounting plugin LinuxDeviceProfileSelector
LogPluginManager: Mounting plugin LocationServicesBPLibrary
LogPluginManager: Mounting plugin MobilePatchingUtils
LogPluginManager: Mounting plugin OculusVR
LogPluginManager: Mounting plugin PhysXVehicles
LogPluginManager: Mounting plugin PostSplashScreen
LogPluginManager: Mounting plugin ProceduralMeshComponent
LogPluginManager: Mounting plugin RuntimePhysXCooking
LogPluginManager: Mounting plugin SignificanceManager
LogPluginManager: Mounting plugin SoundFields
LogPluginManager: Mounting plugin SteamVR
LogPluginManager: Mounting plugin Synthesis
LogPluginManager: Mounting plugin WebMMoviePlayer
LogPluginManager: Mounting plugin WindowsMoviePlayer
LogPluginManager: Mounting plugin ScreenshotTools
LogInit: Using libcurl 7.55.1-DEV
LogInit:  - built for x86_64-pc-win32
LogInit:  - supports SSL with OpenSSL/1.1.1
LogInit:  - supports HTTP deflate (compression) using libz 1.2.8
LogInit:  - other features:
LogInit:      CURL_VERSION_SSL
LogInit:      CURL_VERSION_LIBZ
LogInit:      CURL_VERSION_IPV6
LogInit:      CURL_VERSION_ASYNCHDNS
LogInit:      CURL_VERSION_LARGEFILE
LogInit:      CURL_VERSION_IDN
LogInit:  CurlRequestOptions (configurable via config and command line):
LogInit:  - bVerifyPeer = true  - Libcurl will verify peer certificate
LogInit:  - bUseHttpProxy = false  - Libcurl will NOT use HTTP proxy
LogInit:  - bDontReuseConnections = false  - Libcurl will reuse connections
LogInit:  - MaxHostConnections = 16  - Libcurl will limit the number of connections to a host
LogInit:  - LocalHostAddr = Default
LogInit:  - BufferSize = 65536
LogOnline: OSS: Creating online subsystem instance for: NULL
LogInit: WinSock: version 1.1 (2.2), MaxSocks=32767, MaxUdp=65467
LogOnline: OSS: TryLoadSubsystemAndSetDefault: Loaded subsystem for module [NULL]
LogInit: Build: ++UE4+Release-4.25-CL-13942748
LogInit: Engine Version: 4.25.3-13942748+++UE4+Release-4.25
LogInit: Compatible Engine Version: 4.25.0-13144385+++UE4+Release-4.25
LogInit: Net CL: 13144385
LogInit: OS: Windows 10 (Release 2004) (), CPU: Intel(R) Core(TM) i5-6300HQ CPU @ 2.30GHz, GPU: Intel(R) HD Graphics 530
LogInit: Compiled (64-bit): Jul 25 2020 02:07:48
LogInit: Compiled with Visual C++: 19.24.28315.00
LogInit: Build Configuration: Development
LogInit: Branch Name: ++UE4+Release-4.25
LogInit: Command Line: 
LogInit: Base Directory: C:/Games/Epic Games/UE_4.25/Engine/Binaries/Win64/
LogInit: Allocator: TBB
LogInit: Installed Engine Build: 1
LogDevObjectVersion: Number of dev versions registered: 26
LogDevObjectVersion:   Dev-Blueprints (B0D832E4-1F89-4F0D-ACCF-7EB736FD4AA2): 10
LogDevObjectVersion:   Dev-Build (E1C64328-A22C-4D53-A36C-8E866417BD8C): 0
LogDevObjectVersion:   Dev-Core (375EC13C-06E4-48FB-B500-84F0262A717E): 4
LogDevObjectVersion:   Dev-Editor (E4B068ED-F494-42E9-A231-DA0B2E46BB41): 38
LogDevObjectVersion:   Dev-Framework (CFFC743F-43B0-4480-9391-14DF171D2073): 37
LogDevObjectVersion:   Dev-Mobile (B02B49B5-BB20-44E9-A304-32B752E40360): 2
LogDevObjectVersion:   Dev-Networking (A4E4105C-59A1-49B5-A7C5-40C4547EDFEE): 0
LogDevObjectVersion:   Dev-Online (39C831C9-5AE6-47DC-9A44-9C173E1C8E7C): 0
LogDevObjectVersion:   Dev-Physics (78F01B33-EBEA-4F98-B9B4-84EACCB95AA2): 4
LogDevObjectVersion:   Dev-Platform (6631380F-2D4D-43E0-8009-CF276956A95A): 0
LogDevObjectVersion:   Dev-Rendering (12F88B9F-8875-4AFC-A67C-D90C383ABD29): 43
LogDevObjectVersion:   Dev-Sequencer (7B5AE74C-D270-4C10-A958-57980B212A5A): 12
LogDevObjectVersion:   Dev-VR (D7296918-1DD6-4BDD-9DE2-64A83CC13884): 3
LogDevObjectVersion:   Dev-LoadTimes (C2A15278-BFE7-4AFE-6C17-90FF531DF755): 1
LogDevObjectVersion:   Private-Geometry (6EACA3D4-40EC-4CC1-B786-8BED09428FC5): 3
LogDevObjectVersion:   Dev-AnimPhys (29E575DD-E0A3-4627-9D10-D276232CDCEA): 17
LogDevObjectVersion:   Dev-Anim (AF43A65D-7FD3-4947-9873-3E8ED9C1BB05): 7
LogDevObjectVersion:   Dev-ReflectionCapture (6B266CEC-1EC7-4B8F-A30B-E4D90942FC07): 1
LogDevObjectVersion:   Dev-Automation (0DF73D61-A23F-47EA-B727-89E90C41499A): 1
LogDevObjectVersion:   FortniteMain (601D1886-AC64-4F84-AA16-D3DE0DEAC7D6): 31
LogDevObjectVersion:   Dev-Enterprise (9DFFBCD6-494F-0158-E221-12823C92A888): 10
LogDevObjectVersion:   Dev-Niagara (F2AED0AC-9AFE-416F-8664-AA7FFA26D6FC): 1
LogDevObjectVersion:   Dev-Destruction (174F1F0B-B4C6-45A5-B13F-2EE8D0FB917D): 10
LogDevObjectVersion:   Dev-Physics-Ext (35F94A83-E258-406C-A318-09F59610247C): 37
LogDevObjectVersion:   Dev-PhysicsMaterial-Chaos (B68FC16E-8B1B-42E2-B453-215C058844FE): 1
LogDevObjectVersion:   Dev-CineCamera (B2E18506-4273-CFC2-A54E-F4BB758BBA07): 1
LogInit: Presizing for max 25165824 objects, including 0 objects not considered by GC, pre-allocating 0 bytes for permanent pool.
LogConfig: Applying CVar settings from Section [/Script/Engine.StreamingSettings] File [C:/Projects/MicroDoomRep/MicroDoom/Saved/Config/Windows/Engine.ini]
LogConfig: Setting CVar [[s.MinBulkDataSizeForAsyncLoading:131072]]
LogConfig: Setting CVar [[s.AsyncLoadingThreadEnabled:0]]
LogConfig: Setting CVar [[s.EventDrivenLoaderEnabled:1]]
LogConfig: Setting CVar [[s.WarnIfTimeLimitExceeded:0]]
LogConfig: Setting CVar [[s.TimeLimitExceededMultiplier:1.5]]
LogConfig: Setting CVar [[s.TimeLimitExceededMinTime:0.005]]
LogConfig: Setting CVar [[s.UseBackgroundLevelStreaming:1]]
LogConfig: Setting CVar [[s.PriorityAsyncLoadingExtraTime:15.0]]
LogConfig: Setting CVar [[s.LevelStreamingActorsUpdateTimeLimit:5.0]]
LogConfig: Setting CVar [[s.PriorityLevelStreamingActorsUpdateExtraTime:5.0]]
LogConfig: Setting CVar [[s.LevelStreamingComponentsRegistrationGranularity:10]]
LogConfig: Setting CVar [[s.UnregisterComponentsTimeLimit:1.0]]
LogConfig: Setting CVar [[s.LevelStreamingComponentsUnregistrationGranularity:5]]
LogConfig: Setting CVar [[s.FlushStreamingOnExit:1]]
LogInit: Object subsystem initialized
LogConfig: Setting CVar [[con.DebugEarlyDefault:1]]
LogConfig: Setting CVar [[r.setres:1280x720]]
[2020.10.01-14.57.54:099][  0]LogConfig: Setting CVar [[r.VSync:0]]
[2020.10.01-14.57.54:099][  0]LogConfig: Setting CVar [[r.RHICmdBypass:0]]
[2020.10.01-14.57.54:100][  0]LogConfig: Applying CVar settings from Section [/Script/Engine.RendererSettings] File [C:/Projects/MicroDoomRep/MicroDoom/Saved/Config/Windows/Engine.ini]
[2020.10.01-14.57.54:100][  0]LogConfig: Setting CVar [[r.GPUCrashDebugging:0]]
[2020.10.01-14.57.54:100][  0]LogConfig: Applying CVar settings from Section [/Script/Engine.RendererOverrideSettings] File [C:/Projects/MicroDoomRep/MicroDoom/Saved/Config/Windows/Engine.ini]
[2020.10.01-14.57.54:100][  0]LogConfig: Applying CVar settings from Section [/Script/Engine.StreamingSettings] File [C:/Projects/MicroDoomRep/MicroDoom/Saved/Config/Windows/Engine.ini]
[2020.10.01-14.57.54:100][  0]LogConfig: Setting CVar [[s.MinBulkDataSizeForAsyncLoading:131072]]
[2020.10.01-14.57.54:100][  0]LogConfig: Setting CVar [[s.AsyncLoadingThreadEnabled:0]]
[2020.10.01-14.57.54:100][  0]LogConfig: Setting CVar [[s.EventDrivenLoaderEnabled:1]]
[2020.10.01-14.57.54:100][  0]LogConfig: Setting CVar [[s.WarnIfTimeLimitExceeded:0]]
[2020.10.01-14.57.54:100][  0]LogConfig: Setting CVar [[s.TimeLimitExceededMultiplier:1.5]]
[2020.10.01-14.57.54:100][  0]LogConfig: Setting CVar [[s.TimeLimitExceededMinTime:0.005]]
[2020.10.01-14.57.54:100][  0]LogConfig: Setting CVar [[s.UseBackgroundLevelStreaming:1]]
[2020.10.01-14.57.54:100][  0]LogConfig: Setting CVar [[s.PriorityAsyncLoadingExtraTime:15.0]]
[2020.10.01-14.57.54:100][  0]LogConfig: Setting CVar [[s.LevelStreamingActorsUpdateTimeLimit:5.0]]
[2020.10.01-14.57.54:100][  0]LogConfig: Setting CVar [[s.PriorityLevelStreamingActorsUpdateExtraTime:5.0]]
[2020.10.01-14.57.54:100][  0]LogConfig: Setting CVar [[s.LevelStreamingComponentsRegistrationGranularity:10]]
[2020.10.01-14.57.54:100][  0]LogConfig: Setting CVar [[s.UnregisterComponentsTimeLimit:1.0]]
[2020.10.01-14.57.54:100][  0]LogConfig: Setting CVar [[s.LevelStreamingComponentsUnregistrationGranularity:5]]
[2020.10.01-14.57.54:100][  0]LogConfig: Setting CVar [[s.FlushStreamingOnExit:1]]
[2020.10.01-14.57.54:100][  0]LogConfig: Applying CVar settings from Section [/Script/Engine.GarbageCollectionSettings] File [C:/Projects/MicroDoomRep/MicroDoom/Saved/Config/Windows/Engine.ini]
[2020.10.01-14.57.54:100][  0]LogConfig: Setting CVar [[gc.MaxObjectsNotConsideredByGC:1]]
[2020.10.01-14.57.54:100][  0]LogConfig: Setting CVar [[gc.SizeOfPermanentObjectPool:0]]
[2020.10.01-14.57.54:100][  0]LogConfig: Setting CVar [[gc.FlushStreamingOnGC:0]]
[2020.10.01-14.57.54:101][  0]LogConfig: Setting CVar [[gc.NumRetriesBeforeForcingGC:10]]
[2020.10.01-14.57.54:101][  0]LogConfig: Setting CVar [[gc.AllowParallelGC:1]]
[2020.10.01-14.57.54:101][  0]LogConfig: Setting CVar [[gc.TimeBetweenPurgingPendingKillObjects:61.1]]
[2020.10.01-14.57.54:101][  0]LogConfig: Setting CVar [[gc.MaxObjectsInEditor:25165824]]
[2020.10.01-14.57.54:101][  0]LogConfig: Setting CVar [[gc.IncrementalBeginDestroyEnabled:1]]
[2020.10.01-14.57.54:101][  0]LogConfig: Setting CVar [[gc.CreateGCClusters:1]]
[2020.10.01-14.57.54:101][  0]LogConfig: Setting CVar [[gc.MinGCClusterSize:5]]
[2020.10.01-14.57.54:101][  0]LogConfig: Setting CVar [[gc.ActorClusteringEnabled:0]]
[2020.10.01-14.57.54:101][  0]LogConfig: Setting CVar [[gc.BlueprintClusteringEnabled:0]]
[2020.10.01-14.57.54:101][  0]LogConfig: Setting CVar [[gc.UseDisregardForGCOnDedicatedServers:0]]
[2020.10.01-14.57.54:101][  0]LogConfig: Applying CVar settings from Section [/Script/Engine.NetworkSettings] File [C:/Projects/MicroDoomRep/MicroDoom/Saved/Config/Windows/Engine.ini]
[2020.10.01-14.57.54:101][  0]LogConfig: Applying CVar settings from Section [/Script/UnrealEd.CookerSettings] File [C:/Projects/MicroDoomRep/MicroDoom/Saved/Config/Windows/Engine.ini]
[2020.10.01-14.57.54:111][  0]LogConfig: Applying CVar settings from Section [ViewDistanceQuality@3] File [C:/Projects/MicroDoomRep/MicroDoom/Saved/Config/Windows/Scalability.ini]
[2020.10.01-14.57.54:111][  0]LogConfig: Setting CVar [[r.SkeletalMeshLODBias:0]]
[2020.10.01-14.57.54:111][  0]LogConfig: Setting CVar [[r.ViewDistanceScale:1.0]]
[2020.10.01-14.57.54:111][  0]LogConfig: Applying CVar settings from Section [AntiAliasingQuality@3] File [C:/Projects/MicroDoomRep/MicroDoom/Saved/Config/Windows/Scalability.ini]
[2020.10.01-14.57.54:111][  0]LogConfig: Setting CVar [[r.PostProcessAAQuality:4]]
[2020.10.01-14.57.54:111][  0]LogConfig: Applying CVar settings from Section [ShadowQuality@3] File [C:/Projects/MicroDoomRep/MicroDoom/Saved/Config/Windows/Scalability.ini]
[2020.10.01-14.57.54:111][  0]LogConfig: Setting CVar [[r.LightFunctionQuality:1]]
[2020.10.01-14.57.54:111][  0]LogConfig: Setting CVar [[r.ShadowQuality:5]]
[2020.10.01-14.57.54:111][  0]LogConfig: Setting CVar [[r.Shadow.CSM.MaxCascades:10]]
[2020.10.01-14.57.54:111][  0]LogConfig: Setting CVar [[r.Shadow.MaxResolution:2048]]
[2020.10.01-14.57.54:111][  0]LogConfig: Setting CVar [[r.Shadow.MaxCSMResolution:2048]]
[2020.10.01-14.57.54:111][  0]LogConfig: Setting CVar [[r.Shadow.RadiusThreshold:0.01]]
[2020.10.01-14.57.54:111][  0]LogConfig: Setting CVar [[r.Shadow.DistanceScale:1.0]]
[2020.10.01-14.57.54:111][  0]LogConfig: Setting CVar [[r.Shadow.CSM.TransitionScale:1.0]]
[2020.10.01-14.57.54:111][  0]LogConfig: Setting CVar [[r.Shadow.PreShadowResolutionFactor:1.0]]
[2020.10.01-14.57.54:111][  0]LogConfig: Setting CVar [[r.DistanceFieldShadowing:1]]
[2020.10.01-14.57.54:111][  0]LogConfig: Setting CVar [[r.DistanceFieldAO:1]]
[2020.10.01-14.57.54:111][  0]LogConfig: Setting CVar [[r.AOQuality:2]]
[2020.10.01-14.57.54:111][  0]LogConfig: Setting CVar [[r.VolumetricFog:1]]
[2020.10.01-14.57.54:111][  0]LogConfig: Setting CVar [[r.VolumetricFog.GridPixelSize:8]]
[2020.10.01-14.57.54:111][  0]LogConfig: Setting CVar [[r.VolumetricFog.GridSizeZ:128]]
[2020.10.01-14.57.54:111][  0]LogConfig: Setting CVar [[r.VolumetricFog.HistoryMissSupersampleCount:4]]
[2020.10.01-14.57.54:111][  0]LogConfig: Setting CVar [[r.LightMaxDrawDistanceScale:1]]
[2020.10.01-14.57.54:111][  0]LogConfig: Setting CVar [[r.CapsuleShadows:1]]
[2020.10.01-14.57.54:111][  0]LogConfig: Applying CVar settings from Section [PostProcessQuality@3] File [C:/Projects/MicroDoomRep/MicroDoom/Saved/Config/Windows/Scalability.ini]
[2020.10.01-14.57.54:111][  0]LogConfig: Setting CVar [[r.MotionBlurQuality:4]]
[2020.10.01-14.57.54:111][  0]LogConfig: Setting CVar [[r.AmbientOcclusionMipLevelFactor:0.4]]
[2020.10.01-14.57.54:111][  0]LogConfig: Setting CVar [[r.AmbientOcclusionMaxQuality:100]]
[2020.10.01-14.57.54:111][  0]LogConfig: Setting CVar [[r.AmbientOcclusionLevels:-1]]
[2020.10.01-14.57.54:112][  0]LogConfig: Setting CVar [[r.AmbientOcclusionRadiusScale:1.0]]
[2020.10.01-14.57.54:112][  0]LogConfig: Setting CVar [[r.DepthOfFieldQuality:2]]
[2020.10.01-14.57.54:112][  0]LogConfig: Setting CVar [[r.RenderTargetPoolMin:400]]
[2020.10.01-14.57.54:112][  0]LogConfig: Setting CVar [[r.LensFlareQuality:2]]
[2020.10.01-14.57.54:112][  0]LogConfig: Setting CVar [[r.SceneColorFringeQuality:1]]
[2020.10.01-14.57.54:112][  0]LogConfig: Setting CVar [[r.EyeAdaptationQuality:2]]
[2020.10.01-14.57.54:112][  0]LogConfig: Setting CVar [[r.BloomQuality:5]]
[2020.10.01-14.57.54:112][  0]LogConfig: Setting CVar [[r.FastBlurThreshold:100]]
[2020.10.01-14.57.54:112][  0]LogConfig: Setting CVar [[r.Upscale.Quality:3]]
[2020.10.01-14.57.54:112][  0]LogConfig: Setting CVar [[r.Tonemapper.GrainQuantization:1]]
[2020.10.01-14.57.54:112][  0]LogConfig: Setting CVar [[r.LightShaftQuality:1]]
[2020.10.01-14.57.54:112][  0]LogConfig: Setting CVar [[r.Filter.SizeScale:1]]
[2020.10.01-14.57.54:112][  0]LogConfig: Setting CVar [[r.Tonemapper.Quality:5]]
[2020.10.01-14.57.54:112][  0]LogConfig: Setting CVar [[r.DOF.Gather.AccumulatorQuality:1        ; higher gathering accumulator quality]]
[2020.10.01-14.57.54:112][  0]LogConfig: Setting CVar [[r.DOF.Gather.PostfilterMethod:1          ; Median3x3 postfilering method]]
[2020.10.01-14.57.54:112][  0]LogConfig: Setting CVar [[r.DOF.Gather.EnableBokehSettings:0       ; no bokeh simulation when gathering]]
[2020.10.01-14.57.54:112][  0]LogConfig: Setting CVar [[r.DOF.Gather.RingCount:4                 ; medium number of samples when gathering]]
[2020.10.01-14.57.54:112][  0]LogConfig: Setting CVar [[r.DOF.Scatter.ForegroundCompositing:1    ; additive foreground scattering]]
[2020.10.01-14.57.54:112][  0]LogConfig: Setting CVar [[r.DOF.Scatter.BackgroundCompositing:2    ; additive background scattering]]
[2020.10.01-14.57.54:112][  0]LogConfig: Setting CVar [[r.DOF.Scatter.EnableBokehSettings:1      ; bokeh simulation when scattering]]
[2020.10.01-14.57.54:112][  0]LogConfig: Setting CVar [[r.DOF.Scatter.MaxSpriteRatio:0.1         ; only a maximum of 10% of scattered bokeh]]
[2020.10.01-14.57.54:112][  0]LogConfig: Setting CVar [[r.DOF.Recombine.Quality:1                ; cheap slight out of focus]]
[2020.10.01-14.57.54:112][  0]LogConfig: Setting CVar [[r.DOF.Recombine.EnableBokehSettings:0    ; no bokeh simulation on slight out of focus]]
[2020.10.01-14.57.54:112][  0]LogConfig: Setting CVar [[r.DOF.TemporalAAQuality:1                ; more stable temporal accumulation]]
[2020.10.01-14.57.54:112][  0]LogConfig: Setting CVar [[r.DOF.Kernel.MaxForegroundRadius:0.025]]
[2020.10.01-14.57.54:112][  0]LogConfig: Setting CVar [[r.DOF.Kernel.MaxBackgroundRadius:0.025]]
[2020.10.01-14.57.54:112][  0]LogConfig: Applying CVar settings from Section [TextureQuality@3] File [C:/Projects/MicroDoomRep/MicroDoom/Saved/Config/Windows/Scalability.ini]
[2020.10.01-14.57.54:112][  0]LogConfig: Setting CVar [[r.Streaming.MipBias:0]]
[2020.10.01-14.57.54:112][  0]LogConfig: Setting CVar [[r.Streaming.AmortizeCPUToGPUCopy:0]]
[2020.10.01-14.57.54:112][  0]LogConfig: Setting CVar [[r.Streaming.MaxNumTexturesToStreamPerFrame:0]]
[2020.10.01-14.57.54:112][  0]LogConfig: Setting CVar [[r.Streaming.Boost:1]]
[2020.10.01-14.57.54:112][  0]LogConfig: Setting CVar [[r.MaxAnisotropy:8]]
[2020.10.01-14.57.54:112][  0]LogConfig: Setting CVar [[r.VT.MaxAnisotropy:8]]
[2020.10.01-14.57.54:112][  0]LogConfig: Setting CVar [[r.Streaming.LimitPoolSizeToVRAM:0]]
[2020.10.01-14.57.54:112][  0]LogConfig: Setting CVar [[r.Streaming.PoolSize:1000]]
[2020.10.01-14.57.54:112][  0]LogConfig: Setting CVar [[r.Streaming.MaxEffectiveScreenSize:0]]
[2020.10.01-14.57.54:112][  0]LogConfig: Applying CVar settings from Section [EffectsQuality@3] File [C:/Projects/MicroDoomRep/MicroDoom/Saved/Config/Windows/Scalability.ini]
[2020.10.01-14.57.54:112][  0]LogConfig: Setting CVar [[r.TranslucencyLightingVolumeDim:64]]
[2020.10.01-14.57.54:112][  0]LogConfig: Setting CVar [[r.RefractionQuality:2]]
[2020.10.01-14.57.54:112][  0]LogConfig: Setting CVar [[r.SSR.Quality:3]]
[2020.10.01-14.57.54:112][  0]LogConfig: Setting CVar [[r.SSR.HalfResSceneColor:0]]
[2020.10.01-14.57.54:112][  0]LogConfig: Setting CVar [[r.SceneColorFormat:4]]
[2020.10.01-14.57.54:112][  0]LogConfig: Setting CVar [[r.DetailMode:2]]
[2020.10.01-14.57.54:113][  0]LogConfig: Setting CVar [[r.TranslucencyVolumeBlur:1]]
[2020.10.01-14.57.54:113][  0]LogConfig: Setting CVar [[r.MaterialQualityLevel:1 ; High quality]]
[2020.10.01-14.57.54:113][  0]LogConfig: Setting CVar [[r.SSS.Scale:1]]
[2020.10.01-14.57.54:113][  0]LogConfig: Setting CVar [[r.SSS.SampleSet:2]]
[2020.10.01-14.57.54:113][  0]LogConfig: Setting CVar [[r.SSS.Quality:1]]
[2020.10.01-14.57.54:113][  0]LogConfig: Setting CVar [[r.SSS.HalfRes:0]]
[2020.10.01-14.57.54:113][  0]LogConfig: Setting CVar [[r.SSGI.Quality:3]]
[2020.10.01-14.57.54:113][  0]LogConfig: Setting CVar [[r.EmitterSpawnRateScale:1.0]]
[2020.10.01-14.57.54:113][  0]LogConfig: Setting CVar [[r.ParticleLightQuality:2]]
[2020.10.01-14.57.54:113][  0]LogConfig: Setting CVar [[r.SkyAtmosphere.AerialPerspectiveLUT.FastApplyOnOpaque:1 ; Always have FastSkyLUT 1 in this case to avoid wrong sky]]
[2020.10.01-14.57.54:113][  0]LogConfig: Setting CVar [[r.SkyAtmosphere.AerialPerspectiveLUT.SampleCountPerSlice:1]]
[2020.10.01-14.57.54:113][  0]LogConfig: Setting CVar [[r.SkyAtmosphere.AerialPerspectiveLUT.DepthResolution:16.0]]
[2020.10.01-14.57.54:113][  0]LogConfig: Setting CVar [[r.SkyAtmosphere.FastSkyLUT:1]]
[2020.10.01-14.57.54:113][  0]LogConfig: Setting CVar [[r.SkyAtmosphere.FastSkyLUT.SampleCountMin:4.0]]
[2020.10.01-14.57.54:113][  0]LogConfig: Setting CVar [[r.SkyAtmosphere.FastSkyLUT.SampleCountMax:32.0]]
[2020.10.01-14.57.54:113][  0]LogConfig: Setting CVar [[r.SkyAtmosphere.SampleCountMin:4.0]]
[2020.10.01-14.57.54:113][  0]LogConfig: Setting CVar [[r.SkyAtmosphere.SampleCountMax:32.0]]
[2020.10.01-14.57.54:113][  0]LogConfig: Setting CVar [[r.SkyAtmosphere.TransmittanceLUT.UseSmallFormat:0]]
[2020.10.01-14.57.54:113][  0]LogConfig: Setting CVar [[r.SkyAtmosphere.TransmittanceLUT.SampleCount:10.0]]
[2020.10.01-14.57.54:113][  0]LogConfig: Setting CVar [[r.SkyAtmosphere.MultiScatteringLUT.SampleCount:15.0]]
[2020.10.01-14.57.54:113][  0]LogConfig: Applying CVar settings from Section [FoliageQuality@3] File [C:/Projects/MicroDoomRep/MicroDoom/Saved/Config/Windows/Scalability.ini]
[2020.10.01-14.57.54:113][  0]LogConfig: Setting CVar [[foliage.DensityScale:1.0]]
[2020.10.01-14.57.54:113][  0]LogConfig: Setting CVar [[grass.DensityScale:1.0]]
[2020.10.01-14.57.54:113][  0]LogConfig: Applying CVar settings from Section [ShadingQuality@3] File [C:/Projects/MicroDoomRep/MicroDoom/Saved/Config/Windows/Scalability.ini]
[2020.10.01-14.57.54:113][  0]LogConfig: Setting CVar [[r.HairStrands.SkyLighting.SampleCount:16]]
[2020.10.01-14.57.54:113][  0]LogConfig: Setting CVar [[r.HairStrands.SkyLighting.JitterIntegration:0]]
[2020.10.01-14.57.54:113][  0]LogConfig: Setting CVar [[r.HairStrands.SkyAO.SampleCount:16]]
[2020.10.01-14.57.54:113][  0]LogConfig: Setting CVar [[r.HairStrands.DeepShadow.SuperSampling:0]]
[2020.10.01-14.57.54:113][  0]LogConfig: Setting CVar [[r.HairStrands.VisibilityPPLL:0]]
[2020.10.01-14.57.54:113][  0]LogConfig: Setting CVar [[r.HairStrands.RasterizationScale:0.5]]
[2020.10.01-14.57.54:113][  0]LogConfig: Setting CVar [[r.HairStrands.VelocityRasterizationScale:1]]
[2020.10.01-14.57.54:113][  0]LogInit: Selected Device Profile: [Windows]
[2020.10.01-14.57.54:113][  0]LogInit: Applying CVar settings loaded from the selected device profile: [Windows]
[2020.10.01-14.57.54:114][  0]LogHAL: Display: Platform has ~ 8 GB [8494370816 / 8589934592 / 8], which maps to Default [LargestMinGB=32, LargerMinGB=12, DefaultMinGB=8, SmallerMinGB=6, SmallestMinGB=0)
[2020.10.01-14.57.54:114][  0]LogInit: Going up to parent DeviceProfile []
[2020.10.01-14.57.54:114][  0]LogConfig: Applying CVar settings from Section [ViewDistanceQuality@3] File [C:/Projects/MicroDoomRep/MicroDoom/Saved/Config/Windows/Scalability.ini]
[2020.10.01-14.57.54:114][  0]LogConfig: Setting CVar [[r.SkeletalMeshLODBias:0]]
[2020.10.01-14.57.54:114][  0]LogConfig: Setting CVar [[r.ViewDistanceScale:1.0]]
[2020.10.01-14.57.54:114][  0]LogConfig: Applying CVar settings from Section [AntiAliasingQuality@3] File [C:/Projects/MicroDoomRep/MicroDoom/Saved/Config/Windows/Scalability.ini]
[2020.10.01-14.57.54:114][  0]LogConfig: Setting CVar [[r.PostProcessAAQuality:4]]
[2020.10.01-14.57.54:114][  0]LogConfig: Applying CVar settings from Section [ShadowQuality@3] File [C:/Projects/MicroDoomRep/MicroDoom/Saved/Config/Windows/Scalability.ini]
[2020.10.01-14.57.54:114][  0]LogConfig: Setting CVar [[r.LightFunctionQuality:1]]
[2020.10.01-14.57.54:114][  0]LogConfig: Setting CVar [[r.ShadowQuality:5]]
[2020.10.01-14.57.54:114][  0]LogConfig: Setting CVar [[r.Shadow.CSM.MaxCascades:10]]
[2020.10.01-14.57.54:114][  0]LogConfig: Setting CVar [[r.Shadow.MaxResolution:2048]]
[2020.10.01-14.57.54:114][  0]LogConfig: Setting CVar [[r.Shadow.MaxCSMResolution:2048]]
[2020.10.01-14.57.54:114][  0]LogConfig: Setting CVar [[r.Shadow.RadiusThreshold:0.01]]
[2020.10.01-14.57.54:114][  0]LogConfig: Setting CVar [[r.Shadow.DistanceScale:1.0]]
[2020.10.01-14.57.54:114][  0]LogConfig: Setting CVar [[r.Shadow.CSM.TransitionScale:1.0]]
[2020.10.01-14.57.54:114][  0]LogConfig: Setting CVar [[r.Shadow.PreShadowResolutionFactor:1.0]]
[2020.10.01-14.57.54:114][  0]LogConfig: Setting CVar [[r.DistanceFieldShadowing:1]]
[2020.10.01-14.57.54:115][  0]LogConfig: Setting CVar [[r.DistanceFieldAO:1]]
[2020.10.01-14.57.54:115][  0]LogConfig: Setting CVar [[r.AOQuality:2]]
[2020.10.01-14.57.54:115][  0]LogConfig: Setting CVar [[r.VolumetricFog:1]]
[2020.10.01-14.57.54:115][  0]LogConfig: Setting CVar [[r.VolumetricFog.GridPixelSize:8]]
[2020.10.01-14.57.54:115][  0]LogConfig: Setting CVar [[r.VolumetricFog.GridSizeZ:128]]
[2020.10.01-14.57.54:115][  0]LogConfig: Setting CVar [[r.VolumetricFog.HistoryMissSupersampleCount:4]]
[2020.10.01-14.57.54:115][  0]LogConfig: Setting CVar [[r.LightMaxDrawDistanceScale:1]]
[2020.10.01-14.57.54:115][  0]LogConfig: Setting CVar [[r.CapsuleShadows:1]]
[2020.10.01-14.57.54:115][  0]LogConfig: Applying CVar settings from Section [PostProcessQuality@3] File [C:/Projects/MicroDoomRep/MicroDoom/Saved/Config/Windows/Scalability.ini]
[2020.10.01-14.57.54:115][  0]LogConfig: Setting CVar [[r.MotionBlurQuality:4]]
[2020.10.01-14.57.54:115][  0]LogConfig: Setting CVar [[r.AmbientOcclusionMipLevelFactor:0.4]]
[2020.10.01-14.57.54:115][  0]LogConfig: Setting CVar [[r.AmbientOcclusionMaxQuality:100]]
[2020.10.01-14.57.54:115][  0]LogConfig: Setting CVar [[r.AmbientOcclusionLevels:-1]]
[2020.10.01-14.57.54:115][  0]LogConfig: Setting CVar [[r.AmbientOcclusionRadiusScale:1.0]]
[2020.10.01-14.57.54:115][  0]LogConfig: Setting CVar [[r.DepthOfFieldQuality:2]]
[2020.10.01-14.57.54:115][  0]LogConfig: Setting CVar [[r.RenderTargetPoolMin:400]]
[2020.10.01-14.57.54:115][  0]LogConfig: Setting CVar [[r.LensFlareQuality:2]]
[2020.10.01-14.57.54:115][  0]LogConfig: Setting CVar [[r.SceneColorFringeQuality:1]]
[2020.10.01-14.57.54:115][  0]LogConfig: Setting CVar [[r.EyeAdaptationQuality:2]]
[2020.10.01-14.57.54:115][  0]LogConfig: Setting CVar [[r.BloomQuality:5]]
[2020.10.01-14.57.54:115][  0]LogConfig: Setting CVar [[r.FastBlurThreshold:100]]
[2020.10.01-14.57.54:115][  0]LogConfig: Setting CVar [[r.Upscale.Quality:3]]
[2020.10.01-14.57.54:115][  0]LogConfig: Setting CVar [[r.Tonemapper.GrainQuantization:1]]
[2020.10.01-14.57.54:115][  0]LogConfig: Setting CVar [[r.LightShaftQuality:1]]
[2020.10.01-14.57.54:115][  0]LogConfig: Setting CVar [[r.Filter.SizeScale:1]]
[2020.10.01-14.57.54:115][  0]LogConfig: Setting CVar [[r.Tonemapper.Quality:5]]
[2020.10.01-14.57.54:115][  0]LogConfig: Setting CVar [[r.DOF.Gather.AccumulatorQuality:1        ; higher gathering accumulator quality]]
[2020.10.01-14.57.54:115][  0]LogConfig: Setting CVar [[r.DOF.Gather.PostfilterMethod:1          ; Median3x3 postfilering method]]
[2020.10.01-14.57.54:115][  0]LogConfig: Setting CVar [[r.DOF.Gather.EnableBokehSettings:0       ; no bokeh simulation when gathering]]
[2020.10.01-14.57.54:115][  0]LogConfig: Setting CVar [[r.DOF.Gather.RingCount:4                 ; medium number of samples when gathering]]
[2020.10.01-14.57.54:115][  0]LogConfig: Setting CVar [[r.DOF.Scatter.ForegroundCompositing:1    ; additive foreground scattering]]
[2020.10.01-14.57.54:115][  0]LogConfig: Setting CVar [[r.DOF.Scatter.BackgroundCompositing:2    ; additive background scattering]]
[2020.10.01-14.57.54:115][  0]LogConfig: Setting CVar [[r.DOF.Scatter.EnableBokehSettings:1      ; bokeh simulation when scattering]]
[2020.10.01-14.57.54:115][  0]LogConfig: Setting CVar [[r.DOF.Scatter.MaxSpriteRatio:0.1         ; only a maximum of 10% of scattered bokeh]]
[2020.10.01-14.57.54:115][  0]LogConfig: Setting CVar [[r.DOF.Recombine.Quality:1                ; cheap slight out of focus]]
[2020.10.01-14.57.54:115][  0]LogConfig: Setting CVar [[r.DOF.Recombine.EnableBokehSettings:0    ; no bokeh simulation on slight out of focus]]
[2020.10.01-14.57.54:115][  0]LogConfig: Setting CVar [[r.DOF.TemporalAAQuality:1                ; more stable temporal accumulation]]
[2020.10.01-14.57.54:115][  0]LogConfig: Setting CVar [[r.DOF.Kernel.MaxForegroundRadius:0.025]]
[2020.10.01-14.57.54:115][  0]LogConfig: Setting CVar [[r.DOF.Kernel.MaxBackgroundRadius:0.025]]
[2020.10.01-14.57.54:115][  0]LogConfig: Applying CVar settings from Section [TextureQuality@3] File [C:/Projects/MicroDoomRep/MicroDoom/Saved/Config/Windows/Scalability.ini]
[2020.10.01-14.57.54:115][  0]LogConfig: Setting CVar [[r.Streaming.MipBias:0]]
[2020.10.01-14.57.54:115][  0]LogConfig: Setting CVar [[r.Streaming.AmortizeCPUToGPUCopy:0]]
[2020.10.01-14.57.54:115][  0]LogConfig: Setting CVar [[r.Streaming.MaxNumTexturesToStreamPerFrame:0]]
[2020.10.01-14.57.54:115][  0]LogConfig: Setting CVar [[r.Streaming.Boost:1]]
[2020.10.01-14.57.54:115][  0]LogConfig: Setting CVar [[r.MaxAnisotropy:8]]
[2020.10.01-14.57.54:115][  0]LogConfig: Setting CVar [[r.VT.MaxAnisotropy:8]]
[2020.10.01-14.57.54:116][  0]LogConfig: Setting CVar [[r.Streaming.LimitPoolSizeToVRAM:0]]
[2020.10.01-14.57.54:116][  0]LogConfig: Setting CVar [[r.Streaming.PoolSize:1000]]
[2020.10.01-14.57.54:116][  0]LogConfig: Setting CVar [[r.Streaming.MaxEffectiveScreenSize:0]]
[2020.10.01-14.57.54:116][  0]LogConfig: Applying CVar settings from Section [EffectsQuality@3] File [C:/Projects/MicroDoomRep/MicroDoom/Saved/Config/Windows/Scalability.ini]
[2020.10.01-14.57.54:116][  0]LogConfig: Setting CVar [[r.TranslucencyLightingVolumeDim:64]]
[2020.10.01-14.57.54:116][  0]LogConfig: Setting CVar [[r.RefractionQuality:2]]
[2020.10.01-14.57.54:116][  0]LogConfig: Setting CVar [[r.SSR.Quality:3]]
[2020.10.01-14.57.54:116][  0]LogConfig: Setting CVar [[r.SSR.HalfResSceneColor:0]]
[2020.10.01-14.57.54:116][  0]LogConfig: Setting CVar [[r.SceneColorFormat:4]]
[2020.10.01-14.57.54:116][  0]LogConfig: Setting CVar [[r.DetailMode:2]]
[2020.10.01-14.57.54:116][  0]LogConfig: Setting CVar [[r.TranslucencyVolumeBlur:1]]
[2020.10.01-14.57.54:116][  0]LogConfig: Setting CVar [[r.MaterialQualityLevel:1 ; High quality]]
[2020.10.01-14.57.54:116][  0]LogConfig: Setting CVar [[r.SSS.Scale:1]]
[2020.10.01-14.57.54:116][  0]LogConfig: Setting CVar [[r.SSS.SampleSet:2]]
[2020.10.01-14.57.54:116][  0]LogConfig: Setting CVar [[r.SSS.Quality:1]]
[2020.10.01-14.57.54:116][  0]LogConfig: Setting CVar [[r.SSS.HalfRes:0]]
[2020.10.01-14.57.54:116][  0]LogConfig: Setting CVar [[r.SSGI.Quality:3]]
[2020.10.01-14.57.54:116][  0]LogConfig: Setting CVar [[r.EmitterSpawnRateScale:1.0]]
[2020.10.01-14.57.54:117][  0]LogConfig: Setting CVar [[r.ParticleLightQuality:2]]
[2020.10.01-14.57.54:117][  0]LogConfig: Setting CVar [[r.SkyAtmosphere.AerialPerspectiveLUT.FastApplyOnOpaque:1 ; Always have FastSkyLUT 1 in this case to avoid wrong sky]]
[2020.10.01-14.57.54:117][  0]LogConfig: Setting CVar [[r.SkyAtmosphere.AerialPerspectiveLUT.SampleCountPerSlice:1]]
[2020.10.01-14.57.54:117][  0]LogConfig: Setting CVar [[r.SkyAtmosphere.AerialPerspectiveLUT.DepthResolution:16.0]]
[2020.10.01-14.57.54:117][  0]LogConfig: Setting CVar [[r.SkyAtmosphere.FastSkyLUT:1]]
[2020.10.01-14.57.54:117][  0]LogConfig: Setting CVar [[r.SkyAtmosphere.FastSkyLUT.SampleCountMin:4.0]]
[2020.10.01-14.57.54:117][  0]LogConfig: Setting CVar [[r.SkyAtmosphere.FastSkyLUT.SampleCountMax:32.0]]
[2020.10.01-14.57.54:117][  0]LogConfig: Setting CVar [[r.SkyAtmosphere.SampleCountMin:4.0]]
[2020.10.01-14.57.54:117][  0]LogConfig: Setting CVar [[r.SkyAtmosphere.SampleCountMax:32.0]]
[2020.10.01-14.57.54:117][  0]LogConfig: Setting CVar [[r.SkyAtmosphere.TransmittanceLUT.UseSmallFormat:0]]
[2020.10.01-14.57.54:117][  0]LogConfig: Setting CVar [[r.SkyAtmosphere.TransmittanceLUT.SampleCount:10.0]]
[2020.10.01-14.57.54:117][  0]LogConfig: Setting CVar [[r.SkyAtmosphere.MultiScatteringLUT.SampleCount:15.0]]
[2020.10.01-14.57.54:117][  0]LogConfig: Applying CVar settings from Section [FoliageQuality@3] File [C:/Projects/MicroDoomRep/MicroDoom/Saved/Config/Windows/Scalability.ini]
[2020.10.01-14.57.54:117][  0]LogConfig: Setting CVar [[foliage.DensityScale:1.0]]
[2020.10.01-14.57.54:117][  0]LogConfig: Setting CVar [[grass.DensityScale:1.0]]
[2020.10.01-14.57.54:117][  0]LogConfig: Applying CVar settings from Section [ShadingQuality@3] File [C:/Projects/MicroDoomRep/MicroDoom/Saved/Config/Windows/Scalability.ini]
[2020.10.01-14.57.54:117][  0]LogConfig: Setting CVar [[r.HairStrands.SkyLighting.SampleCount:16]]
[2020.10.01-14.57.54:118][  0]LogConfig: Setting CVar [[r.HairStrands.SkyLighting.JitterIntegration:0]]
[2020.10.01-14.57.54:118][  0]LogConfig: Setting CVar [[r.HairStrands.SkyAO.SampleCount:16]]
[2020.10.01-14.57.54:118][  0]LogConfig: Setting CVar [[r.HairStrands.DeepShadow.SuperSampling:0]]
[2020.10.01-14.57.54:118][  0]LogConfig: Setting CVar [[r.HairStrands.VisibilityPPLL:0]]
[2020.10.01-14.57.54:118][  0]LogConfig: Setting CVar [[r.HairStrands.RasterizationScale:0.5]]
[2020.10.01-14.57.54:118][  0]LogConfig: Setting CVar [[r.HairStrands.VelocityRasterizationScale:1]]
[2020.10.01-14.57.54:118][  0]LogConfig: Applying CVar settings from Section [Startup] File [../../../Engine/Config/ConsoleVariables.ini]
[2020.10.01-14.57.54:121][  0]LogConfig: Setting CVar [[net.UseAdaptiveNetUpdateFrequency:0]]
[2020.10.01-14.57.54:121][  0]LogConfig: Setting CVar [[p.chaos.AllowCreatePhysxBodies:1]]
[2020.10.01-14.57.54:121][  0]LogConfig: Setting CVar [[fx.SkipVectorVMBackendOptimizations:1]]
[2020.10.01-14.57.54:121][  0]LogConfig: Applying CVar settings from Section [ConsoleVariables] File [C:/Projects/MicroDoomRep/MicroDoom/Saved/Config/Windows/Engine.ini]
[2020.10.01-14.57.54:121][  0]LogInit: Computer: DESKTOP-TMALALQ
[2020.10.01-14.57.54:121][  0]LogInit: User: danil
[2020.10.01-14.57.54:122][  0]LogInit: CPU Page size=4096, Cores=4
[2020.10.01-14.57.54:122][  0]LogInit: High frequency timer resolution =10.000000 MHz
[2020.10.01-14.57.54:122][  0]LogMemory: Memory total: Physical=7.9GB (8GB approx)
[2020.10.01-14.57.54:122][  0]LogMemory: Platform Memory Stats for Windows
[2020.10.01-14.57.54:122][  0]LogMemory: Process Physical Memory: 116.18 MB used, 116.18 MB peak
[2020.10.01-14.57.54:122][  0]LogMemory: Process Virtual Memory: 96.25 MB used, 96.25 MB peak
[2020.10.01-14.57.54:122][  0]LogMemory: Physical Memory: 4163.84 MB used,  3937.03 MB free, 8100.86 MB total
[2020.10.01-14.57.54:122][  0]LogMemory: Virtual Memory: 5129.53 MB used,  134212600.00 MB free, 134217728.00 MB total
[2020.10.01-14.57.54:130][  0]LogWindows: WindowsPlatformFeatures enabled
[2020.10.01-14.57.54:236][  0]LogInit: Physics initialised using underlying interface: PhysX
[2020.10.01-14.57.54:239][  0]LogInit: Using OS detected language (en-US).
[2020.10.01-14.57.54:239][  0]LogInit: Using OS detected locale (ru-RU).
[2020.10.01-14.57.54:264][  0]LogTextLocalizationManager: No specific localization for 'en-US' exists, so the 'en' localization will be used.
[2020.10.01-14.57.54:869][  0]LogInit: Setting process to per monitor DPI aware
[2020.10.01-14.57.54:992][  0]LogSlate: New Slate User Created.  User Index 0, Is Virtual User: 0
[2020.10.01-14.57.54:992][  0]LogSlate: Slate User Registered.  User Index 0, Is Virtual User: 0
[2020.10.01-14.57.58:970][  0]LogHMD: Failed to initialize OpenVR with code 110
[2020.10.01-14.57.58:970][  0]LogD3D11RHI: D3D11 min allowed feature level: 11_0
[2020.10.01-14.57.58:970][  0]LogD3D11RHI: D3D11 max allowed feature level: 11_0
[2020.10.01-14.57.58:970][  0]LogD3D11RHI: D3D11 adapters:
[2020.10.01-14.57.59:649][  0]LogD3D11RHI:    0. 'NVIDIA GeForce GTX 950M' (Feature Level 11_0)
[2020.10.01-14.57.59:649][  0]LogD3D11RHI:       2010/0/4050 MB DedicatedVideo/DedicatedSystem/SharedSystem, Outputs:2, VendorId:0x10de
[2020.10.01-14.57.59:698][  0]LogD3D11RHI:    1. 'Intel(R) HD Graphics 530' (Feature Level 11_0)
[2020.10.01-14.57.59:698][  0]LogD3D11RHI:       128/0/4050 MB DedicatedVideo/DedicatedSystem/SharedSystem, Outputs:0, VendorId:0x8086
[2020.10.01-14.57.59:706][  0]LogD3D11RHI:    2. 'Microsoft Basic Render Driver' (Feature Level 11_0)
[2020.10.01-14.57.59:706][  0]LogD3D11RHI:       0/0/4050 MB DedicatedVideo/DedicatedSystem/SharedSystem, Outputs:0, VendorId:0x1414
[2020.10.01-14.57.59:706][  0]LogD3D11RHI: Chosen D3D11 Adapter: 0
[2020.10.01-14.57.59:815][  0]LogD3D11RHI: Creating new Direct3DDevice
[2020.10.01-14.57.59:816][  0]LogD3D11RHI:     GPU DeviceId: 0x139a (for the marketing name, search the web for "GPU Device Id")
[2020.10.01-14.57.59:816][  0]LogWindows: EnumDisplayDevices:
[2020.10.01-14.57.59:816][  0]LogWindows:    0. 'Intel(R) HD Graphics 530' (P:1 D:1)
[2020.10.01-14.57.59:817][  0]LogWindows:    1. 'Intel(R) HD Graphics 530' (P:0 D:1)
[2020.10.01-14.57.59:817][  0]LogWindows:    2. 'Intel(R) HD Graphics 530' (P:0 D:0)
[2020.10.01-14.57.59:818][  0]LogWindows: DebugString: PrimaryIsNotTheChoosenAdapter PrimaryIsNotTheChoosenAdapter PrimaryIsNotTheChoosenAdapter FoundDriverCount:0 
[2020.10.01-14.57.59:818][  0]LogD3D11RHI:     Adapter Name: NVIDIA GeForce GTX 950M
[2020.10.01-14.57.59:818][  0]LogD3D11RHI:   Driver Version: Unknown (internal:Unknown, unified:Unknown)
[2020.10.01-14.57.59:818][  0]LogD3D11RHI:      Driver Date: Unknown
[2020.10.01-14.57.59:818][  0]LogRHI: Texture pool is 1407 MB (70% of 2010 MB)
[2020.10.01-14.57.59:932][  0]LogD3D11RHI: RHI has support for 64 bit atomics
[2020.10.01-14.57.59:940][  0]LogD3D11RHI: [Aftermath] Enabled and primed
[2020.10.01-14.57.59:940][  0]LogD3D11RHI: Async texture creation enabled
[2020.10.01-14.57.59:986][  0]LogD3D11RHI: GPU Timing Frequency: 1000.000000 (Debug: 2 1)
[2020.10.01-14.58.00:563][  0]LogTargetPlatformManager: Display: Loaded TargetPlatform 'AllDesktop'
[2020.10.01-14.58.00:598][  0]LogTargetPlatformManager: Display: Loaded TargetPlatform 'Android'
[2020.10.01-14.58.00:598][  0]LogTargetPlatformManager: Display: Loaded TargetPlatform 'Android_ASTC'
[2020.10.01-14.58.00:598][  0]LogTargetPlatformManager: Display: Loaded TargetPlatform 'Android_DXT'
[2020.10.01-14.58.00:598][  0]LogTargetPlatformManager: Display: Loaded TargetPlatform 'Android_ETC2'
[2020.10.01-14.58.00:598][  0]LogTargetPlatformManager: Display: Loaded TargetPlatform 'AndroidClient'
[2020.10.01-14.58.00:598][  0]LogTargetPlatformManager: Display: Loaded TargetPlatform 'Android_ASTCClient'
[2020.10.01-14.58.00:598][  0]LogTargetPlatformManager: Display: Loaded TargetPlatform 'Android_DXTClient'
[2020.10.01-14.58.00:598][  0]LogTargetPlatformManager: Display: Loaded TargetPlatform 'Android_ETC2Client'
[2020.10.01-14.58.00:598][  0]LogTargetPlatformManager: Display: Loaded TargetPlatform 'Android_Multi'
[2020.10.01-14.58.00:598][  0]LogTargetPlatformManager: Display: Loaded TargetPlatform 'Android_MultiClient'
[2020.10.01-14.58.00:648][  0]LogTargetPlatformManager: Display: Loaded TargetPlatform 'IOSClient'
[2020.10.01-14.58.00:649][  0]LogTargetPlatformManager: Display: Loaded TargetPlatform 'IOS'
[2020.10.01-14.58.00:675][  0]LogTargetPlatformManager: Display: Loaded TargetPlatform 'Linux'
[2020.10.01-14.58.00:687][  0]LogTargetPlatformManager: Display: Loaded TargetPlatform 'LinuxNoEditor'
[2020.10.01-14.58.00:702][  0]LogTargetPlatformManager: Display: Loaded TargetPlatform 'LinuxClient'
[2020.10.01-14.58.00:717][  0]LogTargetPlatformManager: Display: Loaded TargetPlatform 'LinuxServer'
[2020.10.01-14.58.00:731][  0]LogTargetPlatformManager: Display: Loaded TargetPlatform 'LinuxAArch64NoEditor'
[2020.10.01-14.58.00:744][  0]LogTargetPlatformManager: Display: Loaded TargetPlatform 'LinuxAArch64Client'
[2020.10.01-14.58.00:758][  0]LogTargetPlatformManager: Display: Loaded TargetPlatform 'LinuxAArch64Server'
[2020.10.01-14.58.00:806][  0]LogTargetPlatformManager: Display: Loaded TargetPlatform 'Lumin'
[2020.10.01-14.58.00:806][  0]LogTargetPlatformManager: Display: Loaded TargetPlatform 'LuminClient'
[2020.10.01-14.58.00:829][  0]LogTargetPlatformManager: Display: Loaded TargetPlatform 'TVOSClient'
[2020.10.01-14.58.00:829][  0]LogTargetPlatformManager: Display: Loaded TargetPlatform 'TVOS'
[2020.10.01-14.58.00:842][  0]LogTargetPlatformManager: Display: Loaded TargetPlatform 'WindowsNoEditor'
[2020.10.01-14.58.00:855][  0]LogTargetPlatformManager: Display: Loaded TargetPlatform 'Windows'
[2020.10.01-14.58.00:869][  0]LogTargetPlatformManager: Display: Loaded TargetPlatform 'WindowsClient'
[2020.10.01-14.58.00:884][  0]LogTargetPlatformManager: Display: Loaded TargetPlatform 'WindowsServer'
[2020.10.01-14.58.00:884][  0]LogTargetPlatformManager: Display: Building Assets For Windows
[2020.10.01-14.58.00:895][  0]LogAudioDebug: Display: Lib vorbis DLL was dynamically loaded.
[2020.10.01-14.58.01:027][  0]LogShaderCompilers: Guid format shader working directory is -3 characters bigger than the processId version (../../../../../../Projects/MicroDoomRep/MicroDoom/Intermediate/Shaders/WorkingDirectory/5172/).
[2020.10.01-14.58.01:028][  0]LogShaderCompilers: Cleaned the shader compiler working directory 'C:/Users/danil/AppData/Local/Temp/UnrealShaderWorkingDir/70A6324844BFB113187506B14B2C7A59/'.
[2020.10.01-14.58.01:029][  0]LogXGEController: Cannot use XGE Controller as Incredibuild is not installed on this machine.
[2020.10.01-14.58.01:029][  0]LogShaderCompilers: Cannot use XGE Shader Compiler as Incredibuild is not installed on this machine.
[2020.10.01-14.58.01:029][  0]LogShaderCompilers: Display: Using Local Shader Compiler.
[2020.10.01-14.58.05:782][  0]LogDerivedDataCache: Display: Max Cache Size: 512 MB
[2020.10.01-14.58.06:011][  0]LogDerivedDataCache: Loaded boot cache 0.23s 76MB C:/Users/danil/AppData/Local/UnrealEngine/4.25/DerivedDataCache/Boot.ddc.
[2020.10.01-14.58.06:011][  0]LogDerivedDataCache: Display: Loaded Boot cache: C:/Users/danil/AppData/Local/UnrealEngine/4.25/DerivedDataCache/Boot.ddc
[2020.10.01-14.58.06:011][  0]LogDerivedDataCache: FDerivedDataBackendGraph:  Pak pak cache file ../../../../../../Projects/MicroDoomRep/MicroDoom/DerivedDataCache/DDC.ddp not found, will not use a pak cache.
[2020.10.01-14.58.06:011][  0]LogDerivedDataCache: Unable to find inner node Pak for hierarchical cache Hierarchy.
[2020.10.01-14.58.06:011][  0]LogDerivedDataCache: FDerivedDataBackendGraph:  CompressedPak pak cache file ../../../../../../Projects/MicroDoomRep/MicroDoom/DerivedDataCache/Compressed.ddp not found, will not use a pak cache.
[2020.10.01-14.58.06:011][  0]LogDerivedDataCache: Unable to find inner node CompressedPak for hierarchical cache Hierarchy.
[2020.10.01-14.58.06:028][  0]LogDerivedDataCache: Display: Pak cache opened for reading ../../../Engine/DerivedDataCache/Compressed.ddp.
[2020.10.01-14.58.06:028][  0]LogDerivedDataCache: FDerivedDataBackendGraph:  EnterprisePak pak cache file ../../../Enterprise/DerivedDataCache/Compressed.ddp not found, will not use a pak cache.
[2020.10.01-14.58.06:028][  0]LogDerivedDataCache: Unable to find inner node EnterprisePak for hierarchical cache Hierarchy.
[2020.10.01-14.58.06:030][  0]LogDerivedDataCache: Using Local data cache path C:/Users/danil/AppData/Local/UnrealEngine/Common/DerivedDataCache: Writable
[2020.10.01-14.58.06:030][  0]LogDerivedDataCache: Shared data cache path not found in *engine.ini, will not use an Shared cache.
[2020.10.01-14.58.06:030][  0]LogDerivedDataCache: Unable to find inner node Shared for hierarchical cache Hierarchy.
[2020.10.01-14.58.06:103][  0]LogSlate: Using FreeType 2.10.0
[2020.10.01-14.58.06:104][  0]LogSlate: SlateFontServices - WITH_FREETYPE: 1, WITH_HARFBUZZ: 1
[2020.10.01-14.58.06:150][  0]LogAssetRegistry: FAssetRegistry took 0.0042 seconds to start up
[2020.10.01-14.58.06:613][  0]LogInit: Selected Device Profile: [Windows]
[2020.10.01-14.58.06:906][  0]LogMeshReduction: Using QuadricMeshReduction for automatic static mesh reduction
[2020.10.01-14.58.06:906][  0]LogMeshReduction: Using SimplygonMeshReduction for automatic skeletal mesh reduction
[2020.10.01-14.58.06:906][  0]LogMeshReduction: Using ProxyLODMeshReduction for automatic mesh merging
[2020.10.01-14.58.06:906][  0]LogMeshReduction: No distributed automatic mesh merging module available
[2020.10.01-14.58.06:907][  0]LogMeshMerging: No distributed automatic mesh merging module available
[2020.10.01-14.58.06:945][  0]LogNetVersion: MicroDoom 1.0.0, NetCL: 13144385, EngineNetVer: 14, GameNetVer: 0 (Checksum: 3039071950)
[2020.10.01-14.58.08:310][  0]LogAISub: UAISubsystem::UAISubsystem AISubsystem (000001C9EADA57C0), frame # 0
[2020.10.01-14.58.08:310][  0]LogAISub: UAISubsystem::UAISubsystem AIPerceptionSystem (000001C9EAC76980), frame # 0
[2020.10.01-14.58.08:313][  0]LogAISub: UAISubsystem::UAISubsystem EnvQueryManager (000001C9EACD1C00), frame # 0
[2020.10.01-14.58.08:433][  0]LogPackageLocalizationCache: Processed 19 localized package path(s) for 1 prioritized culture(s) in 0.099356 seconds
[2020.10.01-14.58.08:440][  0]LogUObjectArray: 15917 objects as part of root set at end of initial load.
[2020.10.01-14.58.08:440][  0]LogUObjectAllocator: 3965568 out of 0 bytes used by permanent object pool.
[2020.10.01-14.58.08:440][  0]LogUObjectArray: CloseDisregardForGC: 0/0 objects in disregard for GC pool
[2020.10.01-14.58.09:469][  0]LogTcpMessaging: Initializing TcpMessaging bridge
[2020.10.01-14.58.09:477][  0]LogUdpMessaging: Initializing bridge on interface 0.0.0.0:0 to multicast group 230.0.0.1:6666.
[2020.10.01-14.58.09:580][  0]LogLinker: Warning: Failed to load '/Game/ThirdPersonBP/ThirdPersonOverview': Can't find file.
[2020.10.01-14.58.09:580][  0]LogLinker: Warning: Failed to load '/Game/ThirdPersonBP/ThirdPersonOverview': Can't find file.
[2020.10.01-14.58.09:580][  0]LogUObjectGlobals: Warning: Failed to find object 'Class /Game/ThirdPersonBP/ThirdPersonOverview.ThirdPersonOverview_C'
[2020.10.01-14.58.09:727][  0]SourceControl: Source control is disabled
[2020.10.01-14.58.09:727][  0]SourceControl: Source control is disabled
[2020.10.01-14.58.09:737][  0]SourceControl: Source control is disabled
[2020.10.01-14.58.09:743][  0]SourceControl: Source control is disabled
[2020.10.01-14.58.09:766][  0]SourceControl: Source control is disabled
[2020.10.01-14.58.10:314][  0]LogAndroidPermission: UAndroidPermissionCallbackProxy::GetInstance
[2020.10.01-14.58.10:345][  0]LogAudioCaptureCore: Display: No Audio Capture implementations found. Audio input will be silent.
[2020.10.01-14.58.10:345][  0]LogAudioCaptureCore: Display: No Audio Capture implementations found. Audio input will be silent.
[2020.10.01-14.58.10:461][  0]LogOcInput: OculusInput pre-init called
[2020.10.01-14.58.10:493][  0]LogWindows: Failed to load 'OVRPlugin.dll' (GetLastError=126)
[2020.10.01-14.58.10:494][  0]LogWindows: File 'OVRPlugin.dll' does not exist
[2020.10.01-14.58.10:675][  0]LogEngine: Initializing Engine...
[2020.10.01-14.58.10:680][  0]LogHMD: Failed to initialize OpenVR with code 110
[2020.10.01-14.58.10:681][  0]LogMagicLeap: Warning: VR disabled because ZI is not enabled.  To enable, in the editor, Edit -> Project Settings -> Plugins -> Magic Leap Plugin -> Enable Zero Iteration
[2020.10.01-14.58.10:683][  0]LogStats: UGameplayTagsManager::InitializeManager -  0.001 s
[2020.10.01-14.58.11:051][  0]LogInit: Initializing FReadOnlyCVARCache
[2020.10.01-14.58.11:068][  0]LogAIModule: Creating AISystem for world Untitled
[2020.10.01-14.58.11:068][  0]LogAISub: UAISubsystem::UAISubsystem EnvQueryManager (000001C9ED746600), frame # 0
[2020.10.01-14.58.11:068][  0]LogAISub: UAISubsystem::UAISubsystem AIPerceptionSystem (000001C9ED7AD6C0), frame # 0
[2020.10.01-14.58.11:096][  0]LogAudioMixer: Display: Audio Mixer Platform Settings:
[2020.10.01-14.58.11:096][  0]LogAudioMixer: Display: 	Sample Rate:						  48000
[2020.10.01-14.58.11:096][  0]LogAudioMixer: Display: 	Callback Buffer Frame Size Requested: 1024
[2020.10.01-14.58.11:096][  0]LogAudioMixer: Display: 	Callback Buffer Frame Size To Use:	  1024
[2020.10.01-14.58.11:096][  0]LogAudioMixer: Display: 	Number of buffers to queue:			  2
[2020.10.01-14.58.11:096][  0]LogAudioMixer: Display: 	Max Channels (voices):				  32
[2020.10.01-14.58.11:096][  0]LogAudioMixer: Display: 	Number of Async Source Workers:		  0
[2020.10.01-14.58.11:096][  0]LogAudio: Display: AudioDevice MaxSources: 32
[2020.10.01-14.58.11:097][  0]LogAudio: Display: Using built-in audio occlusion.
[2020.10.01-14.58.11:097][  0]LogAudioMixer: Display: Initializing audio mixer.
[2020.10.01-14.58.11:126][  0]LogAudioMixer: Display: 0: FrontLeft
[2020.10.01-14.58.11:126][  0]LogAudioMixer: Display: 1: FrontRight
[2020.10.01-14.58.11:233][  0]LogAudioMixer: Display: Using Audio Device Динамики (Realtek High Definition Audio)
[2020.10.01-14.58.11:237][  0]LogAudioMixer: Display: Initializing Sound Submixes...
[2020.10.01-14.58.11:271][  0]LogAudioMixer: Display: Creating Master Submix 'MasterSubmixDefault'
[2020.10.01-14.58.11:271][  0]LogAudioMixer: Display: Creating Master Submix 'MasterReverbSubmixDefault'
[2020.10.01-14.58.11:272][  0]LogAudioMixer: Display: Creating Master Submix 'MasterEQSubmixDefault'
[2020.10.01-14.58.11:274][  0]LogInit: FAudioDevice initialized.
[2020.10.01-14.58.11:274][  0]LogNetVersion: Set ProjectVersion to 1.0.0.0. Version Checksum will be recalculated on next use.
[2020.10.01-14.58.11:442][  0]LogDerivedDataCache: Saved boot cache 0.17s 76MB C:/Users/danil/AppData/Local/UnrealEngine/4.25/DerivedDataCache/Boot.ddc.
[2020.10.01-14.58.11:448][  0]LogInit: Texture streaming: Enabled
[2020.10.01-14.58.11:476][  0]LogEngineSessionManager: EngineSessionManager initialized
[2020.10.01-14.58.11:476][  0]LogEngineSessionManager: EngineSessionManager sent abnormal shutdown report. Type=Crashed, SessionId={BE7E242D-440F-352D-97A7-E1A40D9FC9E5}
[2020.10.01-14.58.11:476][  0]LogEditorSessionSummary: Verbose: Initializing EditorSessionSummaryWriter for editor session tracking
[2020.10.01-14.58.11:478][  0]LogEditorSessionSummary: EditorSessionSummaryWriter initialized
[2020.10.01-14.58.11:612][  0]LogInit: Transaction tracking system initialized
[2020.10.01-14.58.11:666][  0]BlueprintLog: New page: Editor Load
[2020.10.01-14.58.11:821][  0]LocalizationService: Localization service is disabled
[2020.10.01-14.58.12:415][  0]LogCook: Display: Max memory allowance for cook 16384mb min free memory 0mb
[2020.10.01-14.58.12:415][  0]LogCook: Display: Mobile HDR setting 1
[2020.10.01-14.58.12:647][  0]LogFileCache: Scanning file cache for directory 'C:/Projects/MicroDoomRep/MicroDoom/Content/' took 0.01s
[2020.10.01-14.58.13:006][  0]SourceControl: Source control is disabled
[2020.10.01-14.58.13:206][  0]LogSlate: Took 0.000382 seconds to synchronously load lazily loaded font '../../../Engine/Content/Slate/Fonts/Roboto-Regular.ttf' (155K)
[2020.10.01-14.58.38:305][  0]LogSlate: Window 'Restore Packages' being destroyed
[2020.10.01-14.58.38:305][  0]LogWindowsTextInputMethodSystem: Display: IME system now deactivated.
[2020.10.01-14.58.38:350][  0]LogWindowsTextInputMethodSystem: Display: IME system now deactivated.
[2020.10.01-14.58.42:376][  0]LogSlate: Window 'Unable to Check Out From Source Control!' being destroyed
[2020.10.01-14.58.42:377][  0]LogWindowsTextInputMethodSystem: Display: IME system now deactivated.
[2020.10.01-14.58.42:388][  0]Message dialog closed, result: Ok, title: Unable to Check Out From Source Control!, text: The following assets could not be successfully checked out from source control:
/Game/MicroDoom/Characters/Hero/Animations/HeroSwordAttack_Montage
/Game/Mannequin/Animations/Mixamo/One_Hand_Sword_Combo
/Game/Mannequin/Animations/Mixamo/One_Hand_Sword_Combo_Skeleton
/Game/Mannequin/Character/Mesh/UE4_Mannequin_Skeleton
/Game/MicroDoom/Maps/TestMap
/Game/MicroDoom/Characters/Hero/BP_Hero
/Game/MicroDoom/Characters/Hero/Animations/One_Hand_Sword_Combo_Anim1
/Game/MicroDoom/Characters/Hero/Animations/ABP_Hero
/Game/MicroDoom/Characters/BP_BaseCharacter
/Game/MicroDoom/Weapons/BP_BaseWeapon
[2020.10.01-14.58.42:550][  0]LogWindowsTextInputMethodSystem: Display: IME system now deactivated.
[2020.10.01-14.58.42:553][  0]LogUnrealEdMisc: Loading editor; pre map load, took 56.543
[2020.10.01-14.58.42:554][  0]Cmd: MAP LOAD FILE="../../../../../../Projects/MicroDoomRep/MicroDoom/Content/MicroDoom/Maps/TestMap.umap" TEMPLATE=0 SHOWPROGRESS=1 FEATURELEVEL=3
[2020.10.01-14.58.42:555][  0]LightingResults: New page: Lighting Build
[2020.10.01-14.58.42:558][  0]LogWorld: UWorld::CleanupWorld for Untitled, bSessionEnded=true, bCleanupResources=true
[2020.10.01-14.58.42:558][  0]LogSlate: InvalidateAllWidgets triggered.  All widgets were invalidated
[2020.10.01-14.58.42:558][  0]MapCheck: New page: Map Check
[2020.10.01-14.58.42:558][  0]LightingResults: New page: Lighting Build
[2020.10.01-14.58.42:581][  0]LogAISub: UAISubsystem::~UAISubsystem EnvQueryManager (000001C9ED746600), frame # 0
[2020.10.01-14.58.42:582][  0]LogAISub: UAISubsystem::~UAISubsystem AIPerceptionSystem (000001C9ED7AD6C0), frame # 0
[2020.10.01-14.58.42:585][  0]LogUObjectHash: Compacting FUObjectHashTables data took   2.42ms
[2020.10.01-14.58.42:723][  0]LogBlueprint: Warning: [Compiler BP_EnemyBase] SKEL_BP_BaseCharacter_C.CurrentWeapon is private and not accessible in this context. Please fix mark up or cease accessing as this will be an error in a future release.  Get CurrentWeapon
[2020.10.01-14.58.43:654][  0]LogAIModule: Creating AISystem for world TestMap
[2020.10.01-14.58.43:654][  0]LogAISub: UAISubsystem::UAISubsystem EnvQueryManager (000001C9843C2600), frame # 0
[2020.10.01-14.58.43:654][  0]LogAISub: UAISubsystem::UAISubsystem AIPerceptionSystem (000001C9843CF380), frame # 0
[2020.10.01-14.58.43:671][  0]LogEditorServer: Finished looking for orphan Actors (0.000 secs)
[2020.10.01-14.58.43:707][  0]LogUObjectHash: Compacting FUObjectHashTables data took   6.22ms
[2020.10.01-14.58.43:714][  0]Cmd: MAP CHECKDEP NOCLEARLOG
[2020.10.01-14.58.43:715][  0]MapCheck: Map check complete: 0 Error(s), 0 Warning(s), took 1,142ms to complete.
[2020.10.01-14.58.43:715][  0]LogFileHelpers: Loading map 'TestMap' took 1.161
[2020.10.01-14.58.43:720][  0]LogUnrealEdMisc: Total Editor Startup Time, took 57.710
[2020.10.01-14.58.43:888][  0]LogSlate: Updating window title bar state: overlay mode, drag disabled, window buttons hidden, title bar hidden
[2020.10.01-14.58.43:900][  0]LogSlate: Updating window title bar state: overlay mode, drag disabled, window buttons hidden, title bar hidden
[2020.10.01-14.58.43:910][  0]LogSlate: Updating window title bar state: overlay mode, drag disabled, window buttons hidden, title bar hidden
[2020.10.01-14.58.43:921][  0]LogSlate: Updating window title bar state: overlay mode, drag disabled, window buttons hidden, title bar hidden
[2020.10.01-14.58.43:946][  0]LogCollectionManager: Loaded 0 collections in 0.002734 seconds
[2020.10.01-14.58.43:970][  0]LogFileCache: Scanning file cache for directory 'C:/Projects/MicroDoomRep/MicroDoom/Saved/Collections/' took 0.00s
[2020.10.01-14.58.43:970][  0]LogFileCache: Scanning file cache for directory 'C:/Projects/MicroDoomRep/MicroDoom/Content/Developers/danil/Collections/' took 0.00s
[2020.10.01-14.58.43:970][  0]LogFileCache: Scanning file cache for directory 'C:/Projects/MicroDoomRep/MicroDoom/Content/Collections/' took 0.00s
[2020.10.01-14.58.43:970][  0]LogContentBrowser: Native class hierarchy populated in 0.0142 seconds. Added 3428 classes and 823 folders.
[2020.10.01-14.58.43:975][  0]LogContentBrowser: Native class hierarchy updated for 'WidgetCarousel' in 0.0004 seconds. Added 0 classes and 0 folders.
[2020.10.01-14.58.44:534][  0]LogContentBrowser: Native class hierarchy updated for 'AddContentDialog' in 0.0006 seconds. Added 0 classes and 0 folders.
[2020.10.01-14.58.44:716][  0]LogSlate: Took 0.000378 seconds to synchronously load lazily loaded font '../../../Engine/Content/Slate/Fonts/Roboto-Bold.ttf' (160K)
[2020.10.01-14.58.44:728][  0]LogSlate: Took 0.009825 seconds to synchronously load lazily loaded font '../../../Engine/Content/Editor/Slate/Fonts/FontAwesome.ttf' (139K)
[2020.10.01-14.58.44:828][  0]LogRenderer: Reallocating scene render targets to support 1208x600 Format 10 NumSamples 1 (Frame:1).
[2020.10.01-14.58.45:003][  0]LogContentBrowser: Native class hierarchy updated for 'HierarchicalLODOutliner' in 0.0007 seconds. Added 0 classes and 0 folders.
[2020.10.01-14.58.45:003][  0]LogLoad: (Engine Initialization) Total time: 58.99 seconds
[2020.10.01-14.58.45:003][  0]LogLoad: (Engine Initialization) Total Blueprint compile time: 0.00 seconds
[2020.10.01-14.58.45:078][  0]LogAssetRegistry: Asset discovery search completed in 38.9285 seconds
[2020.10.01-14.58.45:084][  0]LogCollectionManager: Fixed up redirectors for 0 collections in 0.000004 seconds (updated 0 objects)
[2020.10.01-14.58.45:097][  0]LogContentStreaming: Texture pool size now 1000 MB
[2020.10.01-14.58.45:142][  0]LogSlate: Took 0.008691 seconds to synchronously load lazily loaded font '../../../Engine/Content/Slate/Fonts/Roboto-Light.ttf' (167K)
[2020.10.01-14.58.45:435][  3]LogScript: Warning: Accessed None trying to read property CallFunc_TryGetPawnOwner_ReturnValue
	ABP_Hero_C /Engine/Transient.World_2:PersistentLevel.SkeletalMeshActor_0.SkeletalMeshComponent0.ABP_Hero_C_0
	Function /Game/MicroDoom/Characters/Hero/Animations/ABP_Hero.ABP_Hero_C:ExecuteUbergraph_ABP_Hero:01A7
[2020.10.01-14.58.46:671][ 16]LogSlate: Took 0.000200 seconds to synchronously load lazily loaded font '../../../Engine/Content/Slate/Fonts/Roboto-Light.ttf' (167K)
[2020.10.01-14.58.50:437][ 27]LogAssetEditorSubsystem: Opening Asset editor for Blueprint /Game/MicroDoom/Characters/BP_BaseCharacter.BP_BaseCharacter
[2020.10.01-14.58.51:250][ 27]LogContentBrowser: Native class hierarchy updated for 'BlueprintGraph' in 0.0009 seconds. Added 125 classes and 0 folders.
[2020.10.01-14.58.52:702][ 27]LogAssetEditorSubsystem: Opening Asset editor for Blueprint /Game/MicroDoom/Weapons/BP_Sword.BP_Sword
[2020.10.01-14.58.53:235][ 27]LogAssetEditorSubsystem: Opening Asset editor for AnimMontage /Game/MicroDoom/Characters/Hero/Animations/HeroSwordAttack_Montage.HeroSwordAttack_Montage
[2020.10.01-14.58.53:252][ 27]LogContentBrowser: Native class hierarchy updated for 'SkeletonEditor' in 0.0006 seconds. Added 1 classes and 2 folders.
[2020.10.01-14.58.53:551][ 27]LogActorComponent: RegisterComponentWithWorld: (/Engine/Transient.World_5:PersistentLevel.AnimationEditorPreviewActor_0.DebugSkelMeshComponent_0) Already registered. Aborting.
[2020.10.01-14.58.53:553][ 27]LogContentBrowser: Native class hierarchy updated for 'PinnedCommandList' in 0.0008 seconds. Added 1 classes and 0 folders.
[2020.10.01-14.58.53:610][ 27]LogSkeletalMesh: USkeletalMeshComponent::InitArticulated : Bodies already created (/Engine/Transient.World_5:PersistentLevel.AnimationEditorPreviewActor_0.DebugSkelMeshComponent_0) - call TermArticulated first.
[2020.10.01-14.58.54:067][ 27]LogAssetEditorSubsystem: Opening Asset editor for Blueprint /Game/MicroDoom/Characters/Hero/BP_Hero.BP_Hero
[2020.10.01-14.58.54:638][ 27]LogAssetEditorSubsystem: Opening Asset editor for AnimBlueprint /Game/MicroDoom/Characters/Hero/Animations/ABP_Hero.ABP_Hero
[2020.10.01-14.58.54:653][ 27]LogActorComponent: RegisterComponentWithWorld: (/Engine/Transient.World_9:PersistentLevel.AnimationEditorPreviewActor_0.DebugSkelMeshComponent_0) Already registered. Aborting.
[2020.10.01-14.58.54:653][ 27]LogScript: Warning: Accessed None trying to read property CallFunc_TryGetPawnOwner_ReturnValue
	ABP_Hero_C /Engine/Transient.World_9:PersistentLevel.AnimationEditorPreviewActor_0.DebugSkelMeshComponent_0.ABP_Hero_C_0
	Function /Game/MicroDoom/Characters/Hero/Animations/ABP_Hero.ABP_Hero_C:ExecuteUbergraph_ABP_Hero:01A7
[2020.10.01-14.58.55:109][ 27]LogSkeletalMesh: USkeletalMeshComponent::InitArticulated : Bodies already created (/Engine/Transient.World_9:PersistentLevel.AnimationEditorPreviewActor_0.DebugSkelMeshComponent_0) - call TermArticulated first.
[2020.10.01-14.58.55:518][ 27]LogAssetEditorSubsystem: Opening Asset editor for Blueprint /Game/MicroDoom/Weapons/BP_BaseWeapon.BP_BaseWeapon
[2020.10.01-14.58.56:560][ 27]LogScript: Warning: Accessed None trying to read property CallFunc_TryGetPawnOwner_ReturnValue
	ABP_Hero_C /Engine/Transient.World_9:PersistentLevel.AnimationEditorPreviewActor_0.DebugSkelMeshComponent_0.ABP_Hero_C_0
	Function /Game/MicroDoom/Characters/Hero/Animations/ABP_Hero.ABP_Hero_C:ExecuteUbergraph_ABP_Hero:01A7
[2020.10.01-14.58.56:582][ 27]LogSlate: Took 0.008524 seconds to synchronously load lazily loaded font '../../../Engine/Content/Slate/Fonts/Roboto-BoldCondensed.ttf' (158K)
[2020.10.01-14.58.56:651][ 28]LogScript: Warning: Accessed None trying to read property CallFunc_TryGetPawnOwner_ReturnValue
	ABP_Hero_C /Engine/Transient.World_9:PersistentLevel.AnimationEditorPreviewActor_0.DebugSkelMeshComponent_0.ABP_Hero_C_0
	Function /Game/MicroDoom/Characters/Hero/Animations/ABP_Hero.ABP_Hero_C:ExecuteUbergraph_ABP_Hero:01A7
[2020.10.01-14.58.56:861][ 29]LogScript: Warning: Accessed None trying to read property CallFunc_TryGetPawnOwner_ReturnValue
	ABP_Hero_C /Engine/Transient.World_9:PersistentLevel.AnimationEditorPreviewActor_0.DebugSkelMeshComponent_0.ABP_Hero_C_0
	Function /Game/MicroDoom/Characters/Hero/Animations/ABP_Hero.ABP_Hero_C:ExecuteUbergraph_ABP_Hero:01A7
[2020.10.01-14.58.56:974][ 30]LogScript: Warning: Accessed None trying to read property CallFunc_TryGetPawnOwner_ReturnValue
	ABP_Hero_C /Engine/Transient.World_9:PersistentLevel.AnimationEditorPreviewActor_0.DebugSkelMeshComponent_0.ABP_Hero_C_0
	Function /Game/MicroDoom/Characters/Hero/Animations/ABP_Hero.ABP_Hero_C:ExecuteUbergraph_ABP_Hero:01A7
[2020.10.01-14.58.56:991][ 31]LogScript: Warning: Accessed None trying to read property CallFunc_TryGetPawnOwner_ReturnValue
	ABP_Hero_C /Engine/Transient.World_9:PersistentLevel.AnimationEditorPreviewActor_0.DebugSkelMeshComponent_0.ABP_Hero_C_0
	Function /Game/MicroDoom/Characters/Hero/Animations/ABP_Hero.ABP_Hero_C:ExecuteUbergraph_ABP_Hero:01A7
[2020.10.01-14.58.57:009][ 32]LogScript: Warning: Accessed None trying to read property CallFunc_TryGetPawnOwner_ReturnValue
	ABP_Hero_C /Engine/Transient.World_9:PersistentLevel.AnimationEditorPreviewActor_0.DebugSkelMeshComponent_0.ABP_Hero_C_0
	Function /Game/MicroDoom/Characters/Hero/Animations/ABP_Hero.ABP_Hero_C:ExecuteUbergraph_ABP_Hero:01A7
[2020.10.01-14.58.57:034][ 33]LogScript: Warning: Accessed None trying to read property CallFunc_TryGetPawnOwner_ReturnValue
	ABP_Hero_C /Engine/Transient.World_9:PersistentLevel.AnimationEditorPreviewActor_0.DebugSkelMeshComponent_0.ABP_Hero_C_0
	Function /Game/MicroDoom/Characters/Hero/Animations/ABP_Hero.ABP_Hero_C:ExecuteUbergraph_ABP_Hero:01A7
[2020.10.01-14.58.57:052][ 34]LogScript: Warning: Accessed None trying to read property CallFunc_TryGetPawnOwner_ReturnValue
	ABP_Hero_C /Engine/Transient.World_9:PersistentLevel.AnimationEditorPreviewActor_0.DebugSkelMeshComponent_0.ABP_Hero_C_0
	Function /Game/MicroDoom/Characters/Hero/Animations/ABP_Hero.ABP_Hero_C:ExecuteUbergraph_ABP_Hero:01A7
[2020.10.01-14.58.57:080][ 35]LogScript: Warning: Accessed None trying to read property CallFunc_TryGetPawnOwner_ReturnValue
	ABP_Hero_C /Engine/Transient.World_9:PersistentLevel.AnimationEditorPreviewActor_0.DebugSkelMeshComponent_0.ABP_Hero_C_0
	Function /Game/MicroDoom/Characters/Hero/Animations/ABP_Hero.ABP_Hero_C:ExecuteUbergraph_ABP_Hero:01A7
[2020.10.01-14.58.57:106][ 36]LogScript: Warning: Accessed None trying to read property CallFunc_TryGetPawnOwner_ReturnValue
	ABP_Hero_C /Engine/Transient.World_9:PersistentLevel.AnimationEditorPreviewActor_0.DebugSkelMeshComponent_0.ABP_Hero_C_0
	Function /Game/MicroDoom/Characters/Hero/Animations/ABP_Hero.ABP_Hero_C:ExecuteUbergraph_ABP_Hero:01A7
[2020.10.01-14.58.57:137][ 37]LogScript: Warning: Accessed None trying to read property CallFunc_TryGetPawnOwner_ReturnValue
	ABP_Hero_C /Engine/Transient.World_9:PersistentLevel.AnimationEditorPreviewActor_0.DebugSkelMeshComponent_0.ABP_Hero_C_0
	Function /Game/MicroDoom/Characters/Hero/Animations/ABP_Hero.ABP_Hero_C:ExecuteUbergraph_ABP_Hero:01A7
[2020.10.01-14.58.57:158][ 38]LogScript: Warning: Accessed None trying to read property CallFunc_TryGetPawnOwner_ReturnValue
	ABP_Hero_C /Engine/Transient.World_9:PersistentLevel.AnimationEditorPreviewActor_0.DebugSkelMeshComponent_0.ABP_Hero_C_0
	Function /Game/MicroDoom/Characters/Hero/Animations/ABP_Hero.ABP_Hero_C:ExecuteUbergraph_ABP_Hero:01A7
[2020.10.01-14.58.57:186][ 39]LogScript: Warning: Accessed None trying to read property CallFunc_TryGetPawnOwner_ReturnValue
	ABP_Hero_C /Engine/Transient.World_9:PersistentLevel.AnimationEditorPreviewActor_0.DebugSkelMeshComponent_0.ABP_Hero_C_0
	Function /Game/MicroDoom/Characters/Hero/Animations/ABP_Hero.ABP_Hero_C:ExecuteUbergraph_ABP_Hero:01A7
[2020.10.01-14.58.57:209][ 40]LogScript: Warning: Accessed None trying to read property CallFunc_TryGetPawnOwner_ReturnValue
	ABP_Hero_C /Engine/Transient.World_9:PersistentLevel.AnimationEditorPreviewActor_0.DebugSkelMeshComponent_0.ABP_Hero_C_0
	Function /Game/MicroDoom/Characters/Hero/Animations/ABP_Hero.ABP_Hero_C:ExecuteUbergraph_ABP_Hero:01A7
[2020.10.01-14.58.57:247][ 41]LogScript: Warning: Accessed None trying to read property CallFunc_TryGetPawnOwner_ReturnValue
	ABP_Hero_C /Engine/Transient.World_9:PersistentLevel.AnimationEditorPreviewActor_0.DebugSkelMeshComponent_0.ABP_Hero_C_0
	Function /Game/MicroDoom/Characters/Hero/Animations/ABP_Hero.ABP_Hero_C:ExecuteUbergraph_ABP_Hero:01A7
[2020.10.01-14.58.57:985][ 65]LogSlate: Took 0.000662 seconds to synchronously load lazily loaded font '../../../Engine/Content/Slate/Fonts/Roboto-Italic.ttf' (157K)
[2020.10.01-14.59.03:137][244]LogSlate: Window 'ABP_Hero' being destroyed
[2020.10.01-14.59.16:192][887]LogTemp: Repeating last play command: Selected Viewport
[2020.10.01-14.59.16:227][887]LogPlayLevel: PlayLevel: No blueprints needed recompiling
[2020.10.01-14.59.16:228][887]PIE: New page: PIE session: TestMap (1 окт. 2020 г., 20:59:16)
[2020.10.01-14.59.16:228][887]LogOnline: OSS: Creating online subsystem instance for: NULL
[2020.10.01-14.59.16:231][887]LogOnline: OSS: TryLoadSubsystemAndSetDefault: Loaded subsystem for module [NULL]
[2020.10.01-14.59.16:231][887]LogPlayLevel: Creating play world package: /Game/MicroDoom/Maps/UEDPIE_0_TestMap
[2020.10.01-14.59.16:235][887]LogPlayLevel: PIE: StaticDuplicateObject took: (0.003559s)
[2020.10.01-14.59.16:236][887]LogAIModule: Creating AISystem for world TestMap
[2020.10.01-14.59.16:236][887]LogAISub: UAISubsystem::UAISubsystem EnvQueryManager (000001CA5AD25800), frame # 887
[2020.10.01-14.59.16:236][887]LogAISub: UAISubsystem::UAISubsystem AIPerceptionSystem (000001CA5AD13B00), frame # 887
[2020.10.01-14.59.16:237][887]LogPlayLevel: PIE: World Init took: (0.001846s)
[2020.10.01-14.59.16:237][887]LogPlayLevel: PIE: Created PIE world by copying editor world from /Game/MicroDoom/Maps/TestMap.TestMap to /Game/MicroDoom/Maps/UEDPIE_0_TestMap.TestMap (0.005613s)
[2020.10.01-14.59.16:310][887]LogUObjectHash: Compacting FUObjectHashTables data took   4.97ms
[2020.10.01-14.59.16:312][887]LogAudioMixer: Display: Audio Mixer Platform Settings:
[2020.10.01-14.59.16:312][887]LogAudioMixer: Display: 	Sample Rate:						  48000
[2020.10.01-14.59.16:312][887]LogAudioMixer: Display: 	Callback Buffer Frame Size Requested: 1024
[2020.10.01-14.59.16:312][887]LogAudioMixer: Display: 	Callback Buffer Frame Size To Use:	  1024
[2020.10.01-14.59.16:312][887]LogAudioMixer: Display: 	Number of buffers to queue:			  2
[2020.10.01-14.59.16:312][887]LogAudioMixer: Display: 	Max Channels (voices):				  32
[2020.10.01-14.59.16:312][887]LogAudioMixer: Display: 	Number of Async Source Workers:		  0
[2020.10.01-14.59.16:312][887]LogAudio: Display: AudioDevice MaxSources: 32
[2020.10.01-14.59.16:313][887]LogAudio: Display: Using built-in audio occlusion.
[2020.10.01-14.59.16:313][887]LogAudioMixer: Display: Initializing audio mixer.
[2020.10.01-14.59.16:317][887]LogAudioMixer: Display: 0: FrontLeft
[2020.10.01-14.59.16:317][887]LogAudioMixer: Display: 1: FrontRight
[2020.10.01-14.59.16:393][887]LogAudioMixer: Display: Using Audio Device Динамики (Realtek High Definition Audio)
[2020.10.01-14.59.16:393][887]LogAudioMixer: Display: Initializing Sound Submixes...
[2020.10.01-14.59.16:393][887]LogAudioMixer: Display: Creating Master Submix 'MasterSubmixDefault'
[2020.10.01-14.59.16:393][887]LogAudioMixer: Display: Creating Master Submix 'MasterReverbSubmixDefault'
[2020.10.01-14.59.16:394][887]LogAudioMixer: Display: Creating Master Submix 'MasterEQSubmixDefault'
[2020.10.01-14.59.16:413][887]LogInit: FAudioDevice initialized.
[2020.10.01-14.59.16:425][887]LogLoad: Game class is 'BP_MicroDoomGameMode_C'
[2020.10.01-14.59.16:428][887]LogWorld: Bringing World /Game/MicroDoom/Maps/UEDPIE_0_TestMap.TestMap up for play (max tick rate 60) at 2020.10.01-17.59.16
[2020.10.01-14.59.16:429][887]LogWorld: Bringing up level for play took: 0.002585
[2020.10.01-14.59.16:429][887]LogOnline: OSS: Creating online subsystem instance for: :Context_15
[2020.10.01-14.59.16:433][887]LogContentBrowser: Native class hierarchy updated for 'MovieSceneCapture' in 0.0005 seconds. Added 20 classes and 0 folders.
[2020.10.01-14.59.16:437][887]PIE: Server logged in
[2020.10.01-14.59.16:440][887]PIE: Play in editor total start time 0,214 seconds.
[2020.10.01-14.59.17:713][921]LogBlueprintUserMessages: [BP_Sword_C_0] start_dmage
[2020.10.01-14.59.17:901][932]LogBlueprintUserMessages: [BP_Sword_C_0] finish_dmage
[2020.10.01-14.59.18:050][941]LogBlueprintUserMessages: [BP_Sword_C_0] start_dmage
[2020.10.01-14.59.18:190][948]LogBlueprintUserMessages: [BP_Sword_C_0] finish_dmage
[2020.10.01-14.59.18:362][958]LogBlueprintUserMessages: [BP_Sword_C_0] start_dmage
[2020.10.01-14.59.18:515][967]LogBlueprintUserMessages: [BP_Sword_C_0] finish_dmage
[2020.10.01-14.59.22:030][168]LogBlueprintUserMessages: [BP_Sword_C_0] start_dmage
[2020.10.01-14.59.22:219][179]LogBlueprintUserMessages: [BP_Sword_C_0] finish_dmage
[2020.10.01-14.59.22:350][186]LogBlueprintUserMessages: [BP_Sword_C_0] start_dmage
[2020.10.01-14.59.22:501][195]LogBlueprintUserMessages: [BP_Sword_C_0] finish_dmage
[2020.10.01-14.59.22:683][205]LogBlueprintUserMessages: [BP_Sword_C_0] start_dmage
[2020.10.01-14.59.22:834][214]LogBlueprintUserMessages: [BP_Sword_C_0] finish_dmage
[2020.10.01-14.59.24:701][314]LogBlueprintUserMessages: [BP_Sword_C_0] start_dmage
[2020.10.01-14.59.24:905][323]LogBlueprintUserMessages: [BP_Sword_C_0] finish_dmage
[2020.10.01-14.59.25:021][329]LogBlueprintUserMessages: [BP_Sword_C_0] start_dmage
[2020.10.01-14.59.25:152][336]LogBlueprintUserMessages: [BP_Sword_C_0] finish_dmage
[2020.10.01-14.59.25:334][345]LogBlueprintUserMessages: [BP_Sword_C_0] start_dmage
[2020.10.01-14.59.25:500][354]LogBlueprintUserMessages: [BP_Sword_C_0] finish_dmage
[2020.10.01-14.59.26:010][380]LogSlate: Updating window title bar state: overlay mode, drag disabled, window buttons hidden, title bar hidden
[2020.10.01-14.59.26:010][380]LogWorld: BeginTearingDown for /Game/MicroDoom/Maps/UEDPIE_0_TestMap
[2020.10.01-14.59.26:011][380]LogWorld: UWorld::CleanupWorld for TestMap, bSessionEnded=true, bCleanupResources=true
[2020.10.01-14.59.26:011][380]LogSlate: InvalidateAllWidgets triggered.  All widgets were invalidated
[2020.10.01-14.59.26:017][380]LogPlayLevel: Display: Shutting down PIE online subsystems
[2020.10.01-14.59.26:023][380]LogSlate: InvalidateAllWidgets triggered.  All widgets were invalidated
[2020.10.01-14.59.26:095][380]LogSlate: Updating window title bar state: overlay mode, drag disabled, window buttons hidden, title bar hidden
[2020.10.01-14.59.26:139][380]LogAISub: UAISubsystem::~UAISubsystem EnvQueryManager (000001CA5AD25800), frame # 1380
[2020.10.01-14.59.26:139][380]LogAISub: UAISubsystem::~UAISubsystem AIPerceptionSystem (000001CA5AD13B00), frame # 1380
[2020.10.01-14.59.26:144][380]LogUObjectHash: Compacting FUObjectHashTables data took   4.84ms
[2020.10.01-14.59.26:203][381]LogPlayLevel: Display: Destroying online subsystem :Context_15
[2020.10.01-15.00.07:741][759]BlueprintLog: New page: Compile BP_BaseCharacter
[2020.10.01-15.00.07:797][759]LogBlueprint: Warning: [Compiler BP_EnemyBase] SKEL_BP_BaseCharacter_C.CurrentWeapon is private and not accessible in this context. Please fix mark up or cease accessing as this will be an error in a future release.  Get CurrentWeapon
[2020.10.01-15.00.07:951][759]LogUObjectHash: Compacting FUObjectHashTables data took   5.41ms
[2020.10.01-15.00.25:790][766]BlueprintLog: New page: Compile BP_BaseCharacter
[2020.10.01-15.00.25:820][766]LogBlueprint: Warning: [Compiler BP_EnemyBase] SKEL_BP_BaseCharacter_C.CurrentWeapon is private and not accessible in this context. Please fix mark up or cease accessing as this will be an error in a future release.  Get CurrentWeapon
[2020.10.01-15.00.25:940][766]LogUObjectHash: Compacting FUObjectHashTables data took   4.85ms
[2020.10.01-15.00.29:147][938]Cmd: OBJ SAVEPACKAGE PACKAGE="/Game/MicroDoom/Characters/BP_BaseCharacter" FILE="../../../../../../Projects/MicroDoomRep/MicroDoom/Content/MicroDoom/Characters/BP_BaseCharacter.uasset" SILENT=true
[2020.10.01-15.00.29:267][938]LogSavePackage: Moving '../../../../../../Projects/MicroDoomRep/MicroDoom/Saved/BP_BaseCharacter7CE7EDC141FE4604F2452CB0783DB57B.tmp' to '../../../../../../Projects/MicroDoomRep/MicroDoom/Content/MicroDoom/Characters/BP_BaseCharacter.uasset'
[2020.10.01-15.00.29:290][938]AssetCheck: New page: Asset Save: BP_BaseCharacter
[2020.10.01-15.00.29:290][938]LogContentValidation: Display: Validating Blueprint /Game/MicroDoom/Characters/BP_BaseCharacter.BP_BaseCharacter
[2020.10.01-15.00.56:267][218]BlueprintLog: New page: Compile ABP_Hero
[2020.10.01-15.00.56:303][218]LogScript: Warning: Accessed None trying to read property CallFunc_TryGetPawnOwner_ReturnValue
	ABP_Hero_C /Engine/Transient.World_2:PersistentLevel.SkeletalMeshActor_0.SkeletalMeshComponent0.ABP_Hero_C_1
	Function /Game/MicroDoom/Characters/Hero/Animations/ABP_Hero.ABP_Hero_C:ExecuteUbergraph_ABP_Hero:01CD
[2020.10.01-15.00.56:303][218]LogScript: Warning: Accessed None trying to read property CallFunc_TryGetPawnOwner_ReturnValue
	ABP_Hero_C /Engine/Transient.World_9:PersistentLevel.AnimationEditorPreviewActor_0.DebugSkelMeshComponent_0.ABP_Hero_C_1
	Function /Game/MicroDoom/Characters/Hero/Animations/ABP_Hero.ABP_Hero_C:ExecuteUbergraph_ABP_Hero:01CD
[2020.10.01-15.00.56:345][218]LogUObjectHash: Compacting FUObjectHashTables data took   4.35ms
[2020.10.01-15.00.56:358][218]LogScript: Warning: Accessed None trying to read property CallFunc_TryGetPawnOwner_ReturnValue
	ABP_Hero_C /Engine/Transient.World_9:PersistentLevel.AnimationEditorPreviewActor_0.DebugSkelMeshComponent_0.ABP_Hero_C_1
	Function /Game/MicroDoom/Characters/Hero/Animations/ABP_Hero.ABP_Hero_C:ExecuteUbergraph_ABP_Hero:01CD
[2020.10.01-15.00.56:421][218]LogSlate: Took 0.011887 seconds to synchronously load lazily loaded font '../../../Engine/Content/Slate/Fonts/DroidSansMono.ttf' (77K)
[2020.10.01-15.00.56:424][219]LogScript: Warning: Accessed None trying to read property CallFunc_TryGetPawnOwner_ReturnValue
	ABP_Hero_C /Engine/Transient.World_9:PersistentLevel.AnimationEditorPreviewActor_0.DebugSkelMeshComponent_0.ABP_Hero_C_1
	Function /Game/MicroDoom/Characters/Hero/Animations/ABP_Hero.ABP_Hero_C:ExecuteUbergraph_ABP_Hero:01CD
[2020.10.01-15.00.56:603][220]LogScript: Warning: Accessed None trying to read property CallFunc_TryGetPawnOwner_ReturnValue
	ABP_Hero_C /Engine/Transient.World_9:PersistentLevel.AnimationEditorPreviewActor_0.DebugSkelMeshComponent_0.ABP_Hero_C_1
	Function /Game/MicroDoom/Characters/Hero/Animations/ABP_Hero.ABP_Hero_C:ExecuteUbergraph_ABP_Hero:01CD
[2020.10.01-15.00.56:624][221]LogScript: Warning: Accessed None trying to read property CallFunc_TryGetPawnOwner_ReturnValue
	ABP_Hero_C /Engine/Transient.World_9:PersistentLevel.AnimationEditorPreviewActor_0.DebugSkelMeshComponent_0.ABP_Hero_C_1
	Function /Game/MicroDoom/Characters/Hero/Animations/ABP_Hero.ABP_Hero_C:ExecuteUbergraph_ABP_Hero:01CD
[2020.10.01-15.00.56:650][222]LogScript: Warning: Accessed None trying to read property CallFunc_TryGetPawnOwner_ReturnValue
	ABP_Hero_C /Engine/Transient.World_9:PersistentLevel.AnimationEditorPreviewActor_0.DebugSkelMeshComponent_0.ABP_Hero_C_1
	Function /Game/MicroDoom/Characters/Hero/Animations/ABP_Hero.ABP_Hero_C:ExecuteUbergraph_ABP_Hero:01CD
[2020.10.01-15.00.56:671][223]LogScript: Warning: Accessed None trying to read property CallFunc_TryGetPawnOwner_ReturnValue
	ABP_Hero_C /Engine/Transient.World_9:PersistentLevel.AnimationEditorPreviewActor_0.DebugSkelMeshComponent_0.ABP_Hero_C_1
	Function /Game/MicroDoom/Characters/Hero/Animations/ABP_Hero.ABP_Hero_C:ExecuteUbergraph_ABP_Hero:01CD
[2020.10.01-15.00.56:688][224]LogScript: Warning: Accessed None trying to read property CallFunc_TryGetPawnOwner_ReturnValue
	ABP_Hero_C /Engine/Transient.World_9:PersistentLevel.AnimationEditorPreviewActor_0.DebugSkelMeshComponent_0.ABP_Hero_C_1
	Function /Game/MicroDoom/Characters/Hero/Animations/ABP_Hero.ABP_Hero_C:ExecuteUbergraph_ABP_Hero:01CD
[2020.10.01-15.00.56:706][225]LogScript: Warning: Accessed None trying to read property CallFunc_TryGetPawnOwner_ReturnValue
	ABP_Hero_C /Engine/Transient.World_9:PersistentLevel.AnimationEditorPreviewActor_0.DebugSkelMeshComponent_0.ABP_Hero_C_1
	Function /Game/MicroDoom/Characters/Hero/Animations/ABP_Hero.ABP_Hero_C:ExecuteUbergraph_ABP_Hero:01CD
[2020.10.01-15.00.56:726][226]LogScript: Warning: Accessed None trying to read property CallFunc_TryGetPawnOwner_ReturnValue
	ABP_Hero_C /Engine/Transient.World_9:PersistentLevel.AnimationEditorPreviewActor_0.DebugSkelMeshComponent_0.ABP_Hero_C_1
	Function /Game/MicroDoom/Characters/Hero/Animations/ABP_Hero.ABP_Hero_C:ExecuteUbergraph_ABP_Hero:01CD
[2020.10.01-15.00.56:752][227]LogScript: Warning: Accessed None trying to read property CallFunc_TryGetPawnOwner_ReturnValue
	ABP_Hero_C /Engine/Transient.World_9:PersistentLevel.AnimationEditorPreviewActor_0.DebugSkelMeshComponent_0.ABP_Hero_C_1
	Function /Game/MicroDoom/Characters/Hero/Animations/ABP_Hero.ABP_Hero_C:ExecuteUbergraph_ABP_Hero:01CD
[2020.10.01-15.00.56:769][228]LogScript: Warning: Accessed None trying to read property CallFunc_TryGetPawnOwner_ReturnValue
	ABP_Hero_C /Engine/Transient.World_9:PersistentLevel.AnimationEditorPreviewActor_0.DebugSkelMeshComponent_0.ABP_Hero_C_1
	Function /Game/MicroDoom/Characters/Hero/Animations/ABP_Hero.ABP_Hero_C:ExecuteUbergraph_ABP_Hero:01CD
[2020.10.01-15.00.56:789][229]LogScript: Warning: Accessed None trying to read property CallFunc_TryGetPawnOwner_ReturnValue
	ABP_Hero_C /Engine/Transient.World_9:PersistentLevel.AnimationEditorPreviewActor_0.DebugSkelMeshComponent_0.ABP_Hero_C_1
	Function /Game/MicroDoom/Characters/Hero/Animations/ABP_Hero.ABP_Hero_C:ExecuteUbergraph_ABP_Hero:01CD
[2020.10.01-15.00.56:814][230]LogScript: Warning: Accessed None trying to read property CallFunc_TryGetPawnOwner_ReturnValue
	ABP_Hero_C /Engine/Transient.World_9:PersistentLevel.AnimationEditorPreviewActor_0.DebugSkelMeshComponent_0.ABP_Hero_C_1
	Function /Game/MicroDoom/Characters/Hero/Animations/ABP_Hero.ABP_Hero_C:ExecuteUbergraph_ABP_Hero:01CD
[2020.10.01-15.00.56:834][231]LogScript: Warning: Accessed None trying to read property CallFunc_TryGetPawnOwner_ReturnValue
	ABP_Hero_C /Engine/Transient.World_9:PersistentLevel.AnimationEditorPreviewActor_0.DebugSkelMeshComponent_0.ABP_Hero_C_1
	Function /Game/MicroDoom/Characters/Hero/Animations/ABP_Hero.ABP_Hero_C:ExecuteUbergraph_ABP_Hero:01CD
[2020.10.01-15.00.56:852][232]LogScript: Warning: Accessed None trying to read property CallFunc_TryGetPawnOwner_ReturnValue
	ABP_Hero_C /Engine/Transient.World_9:PersistentLevel.AnimationEditorPreviewActor_0.DebugSkelMeshComponent_0.ABP_Hero_C_1
	Function /Game/MicroDoom/Characters/Hero/Animations/ABP_Hero.ABP_Hero_C:ExecuteUbergraph_ABP_Hero:01CD
[2020.10.01-15.01.01:181][451]LogUObjectHash: Compacting FUObjectHashTables data took   4.84ms
[2020.10.01-15.01.01:219][451]Cmd: OBJ SAVEPACKAGE PACKAGE="/Game/MicroDoom/Maps/TestMap" FILE="../../../../../../Projects/MicroDoomRep/MicroDoom/Content/MicroDoom/Maps/TestMap.umap" SILENT=true AUTOSAVING=false KEEPDIRTY=false
[2020.10.01-15.01.01:261][451]LogUObjectHash: Compacting FUObjectHashTables data took   0.70ms
[2020.10.01-15.01.01:343][451]LogSavePackage: Moving '../../../../../../Projects/MicroDoomRep/MicroDoom/Saved/TestMap5C409BB54B256FFF4366959339D7E267.tmp' to '../../../../../../Projects/MicroDoomRep/MicroDoom/Content/MicroDoom/Maps/TestMap.umap'
[2020.10.01-15.01.01:407][451]LogFileHelpers: Saving map 'TestMap' took 0.189
[2020.10.01-15.01.01:408][451]Cmd: OBJ SAVEPACKAGE PACKAGE="/Game/MicroDoom/Maps/TestMap_BuiltData" FILE="../../../../../../Projects/MicroDoomRep/MicroDoom/Content/MicroDoom/Maps/TestMap_BuiltData.uasset" SILENT=true
[2020.10.01-15.01.01:501][451]LogSavePackage: Moving '../../../../../../Projects/MicroDoomRep/MicroDoom/Saved/TestMap_BuiltData8D843F3A4602D3DD6D91E192D0086A81.tmp' to '../../../../../../Projects/MicroDoomRep/MicroDoom/Content/MicroDoom/Maps/TestMap_BuiltData.uasset'
[2020.10.01-15.01.01:569][451]Cmd: OBJ SAVEPACKAGE PACKAGE="/Game/MicroDoom/Characters/Hero/BP_Hero" FILE="../../../../../../Projects/MicroDoomRep/MicroDoom/Content/MicroDoom/Characters/Hero/BP_Hero.uasset" SILENT=true
[2020.10.01-15.01.01:667][451]LogSavePackage: Moving '../../../../../../Projects/MicroDoomRep/MicroDoom/Saved/BP_HeroE84FCCCA4892D3BE55D477BCB37FA00E.tmp' to '../../../../../../Projects/MicroDoomRep/MicroDoom/Content/MicroDoom/Characters/Hero/BP_Hero.uasset'
[2020.10.01-15.01.01:815][451]LogSavePackage: Moving '../../../../../../Projects/MicroDoomRep/MicroDoom/Saved/ABP_Hero8B0DF82046D6EC3266E4BFA5782F4606.tmp' to '../../../../../../Projects/MicroDoomRep/MicroDoom/Content/MicroDoom/Characters/Hero/Animations/ABP_Hero.uasset'
[2020.10.01-15.01.01:897][451]LogSavePackage: Moving '../../../../../../Projects/MicroDoomRep/MicroDoom/Saved/BTT_FinishAttack9CFE78C94E304E3A231549BA4FCCB827.tmp' to '../../../../../../Projects/MicroDoomRep/MicroDoom/Content/MicroDoom/Characters/ShooterEnemy/AI/BTT_FinishAttack.uasset'
[2020.10.01-15.01.01:984][451]LogSavePackage: Moving '../../../../../../Projects/MicroDoomRep/MicroDoom/Saved/BTT_StartAttackD5F6C04E41CC3AEB2FD9BCA375A9BAA7.tmp' to '../../../../../../Projects/MicroDoomRep/MicroDoom/Content/MicroDoom/Characters/ShooterEnemy/AI/BTT_StartAttack.uasset'
[2020.10.01-15.01.02:031][451]AssetCheck: New page: Asset Save: multiple assets
[2020.10.01-15.01.02:031][451]LogContentValidation: Display: Validating World /Game/MicroDoom/Maps/TestMap.TestMap
[2020.10.01-15.01.02:031][451]LogContentValidation: Display: Validating MapBuildDataRegistry /Game/MicroDoom/Maps/TestMap_BuiltData.TestMap_BuiltData
[2020.10.01-15.01.02:031][451]LogContentValidation: Display: Validating Blueprint /Game/MicroDoom/Characters/Hero/BP_Hero.BP_Hero
[2020.10.01-15.01.02:031][451]LogContentValidation: Display: Validating AnimBlueprint /Game/MicroDoom/Characters/Hero/Animations/ABP_Hero.ABP_Hero
[2020.10.01-15.01.02:031][451]LogContentValidation: Display: Validating Blueprint /Game/MicroDoom/Characters/ShooterEnemy/AI/BTT_FinishAttack.BTT_FinishAttack
[2020.10.01-15.01.02:031][451]LogContentValidation: Display: Validating Blueprint /Game/MicroDoom/Characters/ShooterEnemy/AI/BTT_StartAttack.BTT_StartAttack
[2020.10.01-15.01.10:936][926]LogTemp: Repeating last play command: Selected Viewport
[2020.10.01-15.01.10:972][926]LogPlayLevel: PlayLevel: No blueprints needed recompiling
[2020.10.01-15.01.10:972][926]PIE: New page: PIE session: TestMap (1 окт. 2020 г., 21:01:10)
[2020.10.01-15.01.10:972][926]LogPlayLevel: Creating play world package: /Game/MicroDoom/Maps/UEDPIE_0_TestMap
[2020.10.01-15.01.10:976][926]LogPlayLevel: PIE: StaticDuplicateObject took: (0.003605s)
[2020.10.01-15.01.10:977][926]LogAIModule: Creating AISystem for world TestMap
[2020.10.01-15.01.10:977][926]LogAISub: UAISubsystem::UAISubsystem EnvQueryManager (000001CA3641E200), frame # 6926
[2020.10.01-15.01.10:977][926]LogAISub: UAISubsystem::UAISubsystem AIPerceptionSystem (000001CA5A8A1580), frame # 6926
[2020.10.01-15.01.10:977][926]LogPlayLevel: PIE: World Init took: (0.001460s)
[2020.10.01-15.01.10:977][926]LogPlayLevel: PIE: Created PIE world by copying editor world from /Game/MicroDoom/Maps/TestMap.TestMap to /Game/MicroDoom/Maps/UEDPIE_0_TestMap.TestMap (0.005354s)
[2020.10.01-15.01.11:017][926]LogUObjectHash: Compacting FUObjectHashTables data took   3.30ms
[2020.10.01-15.01.11:020][926]LogAudioMixer: Display: Audio Mixer Platform Settings:
[2020.10.01-15.01.11:020][926]LogAudioMixer: Display: 	Sample Rate:						  48000
[2020.10.01-15.01.11:020][926]LogAudioMixer: Display: 	Callback Buffer Frame Size Requested: 1024
[2020.10.01-15.01.11:020][926]LogAudioMixer: Display: 	Callback Buffer Frame Size To Use:	  1024
[2020.10.01-15.01.11:020][926]LogAudioMixer: Display: 	Number of buffers to queue:			  2
[2020.10.01-15.01.11:020][926]LogAudioMixer: Display: 	Max Channels (voices):				  32
[2020.10.01-15.01.11:020][926]LogAudioMixer: Display: 	Number of Async Source Workers:		  0
[2020.10.01-15.01.11:020][926]LogAudio: Display: AudioDevice MaxSources: 32
[2020.10.01-15.01.11:020][926]LogAudio: Display: Using built-in audio occlusion.
[2020.10.01-15.01.11:020][926]LogAudioMixer: Display: Initializing audio mixer.
[2020.10.01-15.01.11:025][926]LogAudioMixer: Display: 0: FrontLeft
[2020.10.01-15.01.11:025][926]LogAudioMixer: Display: 1: FrontRight
[2020.10.01-15.01.11:097][926]LogAudioMixer: Display: Using Audio Device Динамики (Realtek High Definition Audio)
[2020.10.01-15.01.11:097][926]LogAudioMixer: Display: Initializing Sound Submixes...
[2020.10.01-15.01.11:097][926]LogAudioMixer: Display: Creating Master Submix 'MasterSubmixDefault'
[2020.10.01-15.01.11:097][926]LogAudioMixer: Display: Creating Master Submix 'MasterReverbSubmixDefault'
[2020.10.01-15.01.11:098][926]LogAudioMixer: Display: Creating Master Submix 'MasterEQSubmixDefault'
[2020.10.01-15.01.11:118][926]LogInit: FAudioDevice initialized.
[2020.10.01-15.01.11:131][926]LogLoad: Game class is 'BP_MicroDoomGameMode_C'
[2020.10.01-15.01.11:134][926]LogWorld: Bringing World /Game/MicroDoom/Maps/UEDPIE_0_TestMap.TestMap up for play (max tick rate 60) at 2020.10.01-18.01.11
[2020.10.01-15.01.11:135][926]LogWorld: Bringing up level for play took: 0.002631
[2020.10.01-15.01.11:135][926]LogOnline: OSS: Creating online subsystem instance for: :Context_17
[2020.10.01-15.01.11:142][926]PIE: Server logged in
[2020.10.01-15.01.11:143][926]PIE: Play in editor total start time 0,173 seconds.
[2020.10.01-15.01.11:268][927]LogOutputDevice: Warning: 

Script Stack (2 frames):
BTT_StartAttack_C.ExecuteUbergraph_BTT_StartAttack
BTT_StartAttack_C.ReceiveExecuteAI

[2020.10.01-15.01.11:268][927]LogWindows: Windows GetLastError: The operation completed successfully. (0)
[2020.10.01-15.01.15:000][927]LogWindows: Error: === Critical error: ===
[2020.10.01-15.01.15:000][927]LogWindows: Error: 
[2020.10.01-15.01.15:000][927]LogWindows: Error: Fatal error: [File:D:/Build/++UE4+Licensee/Sync/Engine/Source/Runtime/CoreUObject/Private/UObject/ScriptCore.cpp] [Line: 1238] 
[2020.10.01-15.01.15:000][927]LogWindows: Error: Failed to find function StartAttack in BP_ShooterEnemy_C /Game/MicroDoom/Maps/UEDPIE_0_TestMap.TestMap:PersistentLevel.BP_ShooterEnemy2_5
[2020.10.01-15.01.15:000][927]LogWindows: Error: 
[2020.10.01-15.01.15:000][927]LogWindows: Error: 
[2020.10.01-15.01.15:000][927]LogWindows: Error: [Callstack] 0x00007ffc3e4c3e49 KERNELBASE.dll!UnknownFunction []
[2020.10.01-15.01.15:000][927]LogWindows: Error: [Callstack] 0x00007ffbf4f3e9e6 UE4Editor-Core.dll!UnknownFunction []
[2020.10.01-15.01.15:000][927]LogWindows: Error: [Callstack] 0x00007ffbf4f41dc8 UE4Editor-Core.dll!UnknownFunction []
[2020.10.01-15.01.15:000][927]LogWindows: Error: [Callstack] 0x00007ffbf4cce53d UE4Editor-Core.dll!UnknownFunction []
[2020.10.01-15.01.15:000][927]LogWindows: Error: [Callstack] 0x00007ffbf5b5fc67 UE4Editor-CoreUObject.dll!UnknownFunction []
[2020.10.01-15.01.15:000][927]LogWindows: Error: [Callstack] 0x00007ffbf5b9d3c2 UE4Editor-CoreUObject.dll!UnknownFunction []
[2020.10.01-15.01.15:000][927]LogWindows: Error: [Callstack] 0x00007ffbf5b73113 UE4Editor-CoreUObject.dll!UnknownFunction []
[2020.10.01-15.01.15:000][927]LogWindows: Error: [Callstack] 0x00007ffbf5b7574d UE4Editor-CoreUObject.dll!UnknownFunction []
[2020.10.01-15.01.15:000][927]LogWindows: Error: [Callstack] 0x00007ffbf5b43bea UE4Editor-CoreUObject.dll!UnknownFunction []
[2020.10.01-15.01.15:000][927]LogWindows: Error: [Callstack] 0x00007ffbf5b75392 UE4Editor-CoreUObject.dll!UnknownFunction []
[2020.10.01-15.01.15:000][927]LogWindows: Error: [Callstack] 0x00007ffbf5b7574d UE4Editor-CoreUObject.dll!UnknownFunction []
[2020.10.01-15.01.15:001][927]LogWindows: Error: [Callstack] 0x00007ffbf5b74c54 UE4Editor-CoreUObject.dll!UnknownFunction []
[2020.10.01-15.01.15:001][927]LogWindows: Error: [Callstack] 0x00007ffbf5900ae4 UE4Editor-CoreUObject.dll!UnknownFunction []
[2020.10.01-15.01.15:001][927]LogWindows: Error: [Callstack] 0x00007ffbf5b74783 UE4Editor-CoreUObject.dll!UnknownFunction []
[2020.10.01-15.01.15:001][927]LogWindows: Error: [Callstack] 0x00007ffbc9abe5de UE4Editor-AIModule.dll!UnknownFunction []
[2020.10.01-15.01.15:001][927]LogWindows: Error: [Callstack] 0x00007ffbc99eb08e UE4Editor-AIModule.dll!UnknownFunction []
[2020.10.01-15.01.15:001][927]LogWindows: Error: [Callstack] 0x00007ffbc997f92e UE4Editor-AIModule.dll!UnknownFunction []
[2020.10.01-15.01.15:001][927]LogWindows: Error: [Callstack] 0x00007ffbc9998954 UE4Editor-AIModule.dll!UnknownFunction []
[2020.10.01-15.01.15:001][927]LogWindows: Error: [Callstack] 0x00007ffbc99ae222 UE4Editor-AIModule.dll!UnknownFunction []
[2020.10.01-15.01.15:001][927]LogWindows: Error: [Callstack] 0x00007ffbd5f78386 UE4Editor-Engine.dll!UnknownFunction []
[2020.10.01-15.01.15:001][927]LogWindows: Error: [Callstack] 0x00007ffbd5f9f204 UE4Editor-Engine.dll!UnknownFunction []
[2020.10.01-15.01.15:001][927]LogWindows: Error: [Callstack] 0x00007ffbd6cb7e0f UE4Editor-Engine.dll!UnknownFunction []
[2020.10.01-15.01.15:001][927]LogWindows: Error: [Callstack] 0x00007ffbd6cbce67 UE4Editor-Engine.dll!UnknownFunction []
[2020.10.01-15.01.15:001][927]LogWindows: Error: [Callstack] 0x00007ffbf4a787d8 UE4Editor-Core.dll!UnknownFunction []
[2020.10.01-15.01.15:001][927]LogWindows: Error: [Callstack] 0x00007ffbf4a789aa UE4Editor-Core.dll!UnknownFunction []
[2020.10.01-15.01.15:001][927]LogWindows: Error: [Callstack] 0x00007ffbf4a78bb0 UE4Editor-Core.dll!UnknownFunction []
[2020.10.01-15.01.15:001][927]LogWindows: Error: [Callstack] 0x00007ffbd6cd8c67 UE4Editor-Engine.dll!UnknownFunction []
[2020.10.01-15.01.15:001][927]LogWindows: Error: [Callstack] 0x00007ffbd6cde11a UE4Editor-Engine.dll!UnknownFunction []
[2020.10.01-15.01.15:001][927]LogWindows: Error: [Callstack] 0x00007ffbd649bfff UE4Editor-Engine.dll!UnknownFunction []
[2020.10.01-15.01.15:001][927]LogWindows: Error: [Callstack] 0x00007ffbd64a6fda UE4Editor-Engine.dll!UnknownFunction []
[2020.10.01-15.01.15:001][927]LogWindows: Error: [Callstack] 0x00007ffbe7fdaf57 UE4Editor-UnrealEd.dll!UnknownFunction []
[2020.10.01-15.01.15:001][927]LogWindows: Error: [Callstack] 0x00007ffbe88b1d06 UE4Editor-UnrealEd.dll!UnknownFunction []
[2020.10.01-15.01.15:001][927]LogWindows: Error: [Callstack] 0x00007ff6ce917800 UE4Editor.exe!UnknownFunction []
[2020.10.01-15.01.15:001][927]LogWindows: Error: [Callstack] 0x00007ff6ce92ba7c UE4Editor.exe!UnknownFunction []
[2020.10.01-15.01.15:001][927]LogWindows: Error: [Callstack] 0x00007ff6ce92bb5a UE4Editor.exe!UnknownFunction []
[2020.10.01-15.01.15:001][927]LogWindows: Error: [Callstack] 0x00007ff6ce93e31d UE4Editor.exe!UnknownFunction []
[2020.10.01-15.01.15:001][927]LogWindows: Error: [Callstack] 0x00007ff6ce94145a UE4Editor.exe!UnknownFunction []
[2020.10.01-15.01.15:001][927]LogWindows: Error: [Callstack] 0x00007ffc40556fd4 KERNEL32.DLL!UnknownFunction []
[2020.10.01-15.01.15:001][927]LogWindows: Error: [Callstack] 0x00007ffc40c9cec1 ntdll.dll!UnknownFunction []
[2020.10.01-15.01.15:001][927]LogWindows: Error: 
[2020.10.01-15.01.15:019][927]LogExit: Executing StaticShutdownAfterError
[2020.10.01-15.01.15:026][927]LogWindows: FPlatformMisc::RequestExit(1)
[2020.10.01-15.01.15:026][927]LogCore: Engine exit requested (reason: Win RequestExit)
[2020.10.01-15.01.15:041][927]Log file closed, 10/01/20 18:01:15
