Log file open, 09/15/20 13:15:37
LogInit: Display: Running engine for game: MicroDoom
LogPlatformFile: Not using cached read wrapper
LogTaskGraph: Started task graph with 5 named threads and 14 total threads with 3 sets of task threads.
LogStats: Stats thread started at 0.263328
LogD3D11RHI: Loaded GFSDK_Aftermath_Lib.x64.dll
LogICUInternationalization: ICU TimeZone Detection - Raw Offset: +3:00, Platform Override: ''
LogPluginManager: Mounting plugin Paper2D
LogPluginManager: Mounting plugin AISupport
LogPluginManager: Mounting plugin LightPropagationVolume
LogPluginManager: Mounting plugin CameraShakePreviewer
LogPluginManager: Mounting plugin ActorLayerUtilities
LogPluginManager: Mounting plugin AnimationSharing
LogPluginManager: Mounting plugin CLionSourceCodeAccess
LogPluginManager: Mounting plugin CodeLiteSourceCodeAccess
LogPluginManager: Mounting plugin GitSourceControl
LogPluginManager: Mounting plugin KDevelopSourceCodeAccess
LogPluginManager: Mounting plugin NullSourceCodeAccess
LogPluginManager: Mounting plugin PerforceSourceControl
LogPluginManager: Mounting plugin PlasticSourceControl
LogPluginManager: Mounting plugin RiderLink
LogPluginManager: Mounting plugin RiderSourceCodeAccess
LogPluginManager: Mounting plugin SubversionSourceControl
LogPluginManager: Mounting plugin UObjectPlugin
LogPluginManager: Mounting plugin VisualStudioCodeSourceCodeAccess
LogPluginManager: Mounting plugin VisualStudioSourceCodeAccess
LogPluginManager: Mounting plugin XCodeSourceCodeAccess
LogPluginManager: Mounting plugin AssetManagerEditor
LogPluginManager: Mounting plugin CryptoKeys
LogPluginManager: Mounting plugin CurveEditorTools
LogPluginManager: Mounting plugin DataValidation
LogPluginManager: Mounting plugin EditorScriptingUtilities
LogPluginManager: Mounting plugin FacialAnimation
LogPluginManager: Mounting plugin GameplayTagsEditor
LogPluginManager: Mounting plugin GeometryMode
LogPluginManager: Mounting plugin MacGraphicsSwitching
LogPluginManager: Mounting plugin MaterialAnalyzer
LogPluginManager: Mounting plugin MobileLauncherProfileWizard
LogPluginManager: Mounting plugin PluginBrowser
LogPluginManager: Mounting plugin SpeedTreeImporter
LogPluginManager: Mounting plugin DatasmithContent
LogPluginManager: Mounting plugin VariantManagerContent
LogPluginManager: Mounting plugin AlembicImporter
LogPluginManager: Mounting plugin AutomationUtils
LogPluginManager: Mounting plugin BackChannel
LogPluginManager: Mounting plugin ChaosCloth
LogPluginManager: Mounting plugin ChaosClothEditor
LogPluginManager: Mounting plugin ChaosEditor
LogPluginManager: Mounting plugin ChaosNiagara
LogPluginManager: Mounting plugin ChaosSolverPlugin
LogPluginManager: Mounting plugin CharacterAI
LogPluginManager: Mounting plugin GeometryCache
LogPluginManager: Mounting plugin GeometryCollectionPlugin
LogPluginManager: Mounting plugin GeometryProcessing
LogPluginManager: Mounting plugin PlanarCut
LogPluginManager: Mounting plugin PlatformCrypto
LogPluginManager: Mounting plugin ProxyLODPlugin
LogPluginManager: Mounting plugin SkeletalReduction
LogPluginManager: Mounting plugin Niagara
LogPluginManager: Mounting plugin MagicLeap
LogPluginManager: Mounting plugin MagicLeapLightEstimation
LogPluginManager: Mounting plugin MagicLeapMedia
LogPluginManager: Mounting plugin MagicLeapPassableWorld
LogPluginManager: Mounting plugin MLSDK
LogPluginManager: Mounting plugin AndroidMedia
LogPluginManager: Mounting plugin AvfMedia
LogPluginManager: Mounting plugin ImgMedia
LogPluginManager: Mounting plugin MediaCompositing
LogPluginManager: Mounting plugin MediaPlayerEditor
LogPluginManager: Mounting plugin WebMMedia
LogPluginManager: Mounting plugin WmfMedia
LogPluginManager: Mounting plugin MeshPainting
LogPluginManager: Mounting plugin TcpMessaging
LogPluginManager: Mounting plugin UdpMessaging
LogPluginManager: Mounting plugin ActorSequence
LogPluginManager: Mounting plugin LevelSequenceEditor
LogPluginManager: Mounting plugin MatineeToLevelSequence
LogPluginManager: Mounting plugin MovieRenderPipeline
LogPluginManager: Mounting plugin TemplateSequence
LogPluginManager: Mounting plugin NetcodeUnitTest
LogPluginManager: Mounting plugin NUTUnrealEngine4
LogPluginManager: Mounting plugin OnlineSubsystemGooglePlay
LogPluginManager: Mounting plugin OnlineSubsystemIOS
LogPluginManager: Mounting plugin OnlineSubsystem
LogPluginManager: Mounting plugin OnlineSubsystemNull
LogPluginManager: Mounting plugin OnlineSubsystemUtils
LogPluginManager: Mounting plugin LauncherChunkInstaller
LogPluginManager: Mounting plugin AndroidDeviceProfileSelector
LogPluginManager: Mounting plugin AndroidMoviePlayer
LogPluginManager: Mounting plugin AndroidPermission
LogPluginManager: Mounting plugin AppleImageUtils
LogPluginManager: Mounting plugin AppleMoviePlayer
LogPluginManager: Mounting plugin ArchVisCharacter
LogPluginManager: Mounting plugin AssetTags
LogPluginManager: Mounting plugin AudioCapture
LogPluginManager: Mounting plugin CableComponent
LogPluginManager: Mounting plugin CustomMeshComponent
LogPluginManager: Mounting plugin EditableMesh
LogPluginManager: Mounting plugin ExampleDeviceProfileSelector
LogPluginManager: Mounting plugin GoogleCloudMessaging
LogPluginManager: Mounting plugin GooglePAD
LogPluginManager: Mounting plugin IOSDeviceProfileSelector
LogPluginManager: Mounting plugin LinuxDeviceProfileSelector
LogPluginManager: Mounting plugin LocationServicesBPLibrary
LogPluginManager: Mounting plugin MobilePatchingUtils
LogPluginManager: Mounting plugin OculusVR
LogPluginManager: Mounting plugin PhysXVehicles
LogPluginManager: Mounting plugin PostSplashScreen
LogPluginManager: Mounting plugin ProceduralMeshComponent
LogPluginManager: Mounting plugin RuntimePhysXCooking
LogPluginManager: Mounting plugin SignificanceManager
LogPluginManager: Mounting plugin SoundFields
LogPluginManager: Mounting plugin SteamVR
LogPluginManager: Mounting plugin Synthesis
LogPluginManager: Mounting plugin WebMMoviePlayer
LogPluginManager: Mounting plugin WindowsMoviePlayer
LogPluginManager: Mounting plugin ScreenshotTools
LogInit: Using libcurl 7.55.1-DEV
LogInit:  - built for x86_64-pc-win32
LogInit:  - supports SSL with OpenSSL/1.1.1
LogInit:  - supports HTTP deflate (compression) using libz 1.2.8
LogInit:  - other features:
LogInit:      CURL_VERSION_SSL
LogInit:      CURL_VERSION_LIBZ
LogInit:      CURL_VERSION_IPV6
LogInit:      CURL_VERSION_ASYNCHDNS
LogInit:      CURL_VERSION_LARGEFILE
LogInit:      CURL_VERSION_IDN
LogInit:  CurlRequestOptions (configurable via config and command line):
LogInit:  - bVerifyPeer = true  - Libcurl will verify peer certificate
LogInit:  - bUseHttpProxy = false  - Libcurl will NOT use HTTP proxy
LogInit:  - bDontReuseConnections = false  - Libcurl will reuse connections
LogInit:  - MaxHostConnections = 16  - Libcurl will limit the number of connections to a host
LogInit:  - LocalHostAddr = Default
LogInit:  - BufferSize = 65536
LogOnline: OSS: Creating online subsystem instance for: NULL
LogInit: WinSock: version 1.1 (2.2), MaxSocks=32767, MaxUdp=65467
LogOnline: OSS: TryLoadSubsystemAndSetDefault: Loaded subsystem for module [NULL]
LogInit: Build: ++UE4+Release-4.25-CL-13942748
LogInit: Engine Version: 4.25.3-13942748+++UE4+Release-4.25
LogInit: Compatible Engine Version: 4.25.0-13144385+++UE4+Release-4.25
LogInit: Net CL: 13144385
LogInit: OS: Windows 10 (Release 2004) (), CPU: Intel(R) Core(TM) i5-6300HQ CPU @ 2.30GHz, GPU: Intel(R) HD Graphics 530
LogInit: Compiled (64-bit): Jul 25 2020 02:07:48
LogInit: Compiled with Visual C++: 19.24.28315.00
LogInit: Build Configuration: Development
LogInit: Branch Name: ++UE4+Release-4.25
LogInit: Command Line: 
LogInit: Base Directory: C:/Games/Epic Games/UE_4.25/Engine/Binaries/Win64/
LogInit: Allocator: TBB
LogInit: Installed Engine Build: 1
LogDevObjectVersion: Number of dev versions registered: 26
LogDevObjectVersion:   Dev-Blueprints (B0D832E4-1F89-4F0D-ACCF-7EB736FD4AA2): 10
LogDevObjectVersion:   Dev-Build (E1C64328-A22C-4D53-A36C-8E866417BD8C): 0
LogDevObjectVersion:   Dev-Core (375EC13C-06E4-48FB-B500-84F0262A717E): 4
LogDevObjectVersion:   Dev-Editor (E4B068ED-F494-42E9-A231-DA0B2E46BB41): 38
LogDevObjectVersion:   Dev-Framework (CFFC743F-43B0-4480-9391-14DF171D2073): 37
LogDevObjectVersion:   Dev-Mobile (B02B49B5-BB20-44E9-A304-32B752E40360): 2
LogDevObjectVersion:   Dev-Networking (A4E4105C-59A1-49B5-A7C5-40C4547EDFEE): 0
LogDevObjectVersion:   Dev-Online (39C831C9-5AE6-47DC-9A44-9C173E1C8E7C): 0
LogDevObjectVersion:   Dev-Physics (78F01B33-EBEA-4F98-B9B4-84EACCB95AA2): 4
LogDevObjectVersion:   Dev-Platform (6631380F-2D4D-43E0-8009-CF276956A95A): 0
LogDevObjectVersion:   Dev-Rendering (12F88B9F-8875-4AFC-A67C-D90C383ABD29): 43
LogDevObjectVersion:   Dev-Sequencer (7B5AE74C-D270-4C10-A958-57980B212A5A): 12
LogDevObjectVersion:   Dev-VR (D7296918-1DD6-4BDD-9DE2-64A83CC13884): 3
LogDevObjectVersion:   Dev-LoadTimes (C2A15278-BFE7-4AFE-6C17-90FF531DF755): 1
LogDevObjectVersion:   Private-Geometry (6EACA3D4-40EC-4CC1-B786-8BED09428FC5): 3
LogDevObjectVersion:   Dev-AnimPhys (29E575DD-E0A3-4627-9D10-D276232CDCEA): 17
LogDevObjectVersion:   Dev-Anim (AF43A65D-7FD3-4947-9873-3E8ED9C1BB05): 7
LogDevObjectVersion:   Dev-ReflectionCapture (6B266CEC-1EC7-4B8F-A30B-E4D90942FC07): 1
LogDevObjectVersion:   Dev-Automation (0DF73D61-A23F-47EA-B727-89E90C41499A): 1
LogDevObjectVersion:   FortniteMain (601D1886-AC64-4F84-AA16-D3DE0DEAC7D6): 31
LogDevObjectVersion:   Dev-Enterprise (9DFFBCD6-494F-0158-E221-12823C92A888): 10
LogDevObjectVersion:   Dev-Niagara (F2AED0AC-9AFE-416F-8664-AA7FFA26D6FC): 1
LogDevObjectVersion:   Dev-Destruction (174F1F0B-B4C6-45A5-B13F-2EE8D0FB917D): 10
LogDevObjectVersion:   Dev-Physics-Ext (35F94A83-E258-406C-A318-09F59610247C): 37
LogDevObjectVersion:   Dev-PhysicsMaterial-Chaos (B68FC16E-8B1B-42E2-B453-215C058844FE): 1
LogDevObjectVersion:   Dev-CineCamera (B2E18506-4273-CFC2-A54E-F4BB758BBA07): 1
LogInit: Presizing for max 25165824 objects, including 0 objects not considered by GC, pre-allocating 0 bytes for permanent pool.
LogConfig: Applying CVar settings from Section [/Script/Engine.StreamingSettings] File [C:/Projects/MicroDoomRep/MicroDoom/Saved/Config/Windows/Engine.ini]
LogConfig: Setting CVar [[s.MinBulkDataSizeForAsyncLoading:131072]]
LogConfig: Setting CVar [[s.AsyncLoadingThreadEnabled:0]]
LogConfig: Setting CVar [[s.EventDrivenLoaderEnabled:1]]
LogConfig: Setting CVar [[s.WarnIfTimeLimitExceeded:0]]
LogConfig: Setting CVar [[s.TimeLimitExceededMultiplier:1.5]]
LogConfig: Setting CVar [[s.TimeLimitExceededMinTime:0.005]]
LogConfig: Setting CVar [[s.UseBackgroundLevelStreaming:1]]
LogConfig: Setting CVar [[s.PriorityAsyncLoadingExtraTime:15.0]]
LogConfig: Setting CVar [[s.LevelStreamingActorsUpdateTimeLimit:5.0]]
LogConfig: Setting CVar [[s.PriorityLevelStreamingActorsUpdateExtraTime:5.0]]
LogConfig: Setting CVar [[s.LevelStreamingComponentsRegistrationGranularity:10]]
LogConfig: Setting CVar [[s.UnregisterComponentsTimeLimit:1.0]]
LogConfig: Setting CVar [[s.LevelStreamingComponentsUnregistrationGranularity:5]]
LogConfig: Setting CVar [[s.FlushStreamingOnExit:1]]
LogInit: Object subsystem initialized
LogConfig: Setting CVar [[con.DebugEarlyDefault:1]]
LogConfig: Setting CVar [[r.setres:1280x720]]
[2020.09.15-10.15.37:911][  0]LogConfig: Setting CVar [[r.VSync:0]]
[2020.09.15-10.15.37:911][  0]LogConfig: Setting CVar [[r.RHICmdBypass:0]]
[2020.09.15-10.15.37:911][  0]LogConfig: Applying CVar settings from Section [/Script/Engine.RendererSettings] File [C:/Projects/MicroDoomRep/MicroDoom/Saved/Config/Windows/Engine.ini]
[2020.09.15-10.15.37:911][  0]LogConfig: Setting CVar [[r.GPUCrashDebugging:0]]
[2020.09.15-10.15.37:911][  0]LogConfig: Applying CVar settings from Section [/Script/Engine.RendererOverrideSettings] File [C:/Projects/MicroDoomRep/MicroDoom/Saved/Config/Windows/Engine.ini]
[2020.09.15-10.15.37:911][  0]LogConfig: Applying CVar settings from Section [/Script/Engine.StreamingSettings] File [C:/Projects/MicroDoomRep/MicroDoom/Saved/Config/Windows/Engine.ini]
[2020.09.15-10.15.37:911][  0]LogConfig: Setting CVar [[s.MinBulkDataSizeForAsyncLoading:131072]]
[2020.09.15-10.15.37:911][  0]LogConfig: Setting CVar [[s.AsyncLoadingThreadEnabled:0]]
[2020.09.15-10.15.37:911][  0]LogConfig: Setting CVar [[s.EventDrivenLoaderEnabled:1]]
[2020.09.15-10.15.37:911][  0]LogConfig: Setting CVar [[s.WarnIfTimeLimitExceeded:0]]
[2020.09.15-10.15.37:912][  0]LogConfig: Setting CVar [[s.TimeLimitExceededMultiplier:1.5]]
[2020.09.15-10.15.37:912][  0]LogConfig: Setting CVar [[s.TimeLimitExceededMinTime:0.005]]
[2020.09.15-10.15.37:912][  0]LogConfig: Setting CVar [[s.UseBackgroundLevelStreaming:1]]
[2020.09.15-10.15.37:912][  0]LogConfig: Setting CVar [[s.PriorityAsyncLoadingExtraTime:15.0]]
[2020.09.15-10.15.37:912][  0]LogConfig: Setting CVar [[s.LevelStreamingActorsUpdateTimeLimit:5.0]]
[2020.09.15-10.15.37:912][  0]LogConfig: Setting CVar [[s.PriorityLevelStreamingActorsUpdateExtraTime:5.0]]
[2020.09.15-10.15.37:912][  0]LogConfig: Setting CVar [[s.LevelStreamingComponentsRegistrationGranularity:10]]
[2020.09.15-10.15.37:912][  0]LogConfig: Setting CVar [[s.UnregisterComponentsTimeLimit:1.0]]
[2020.09.15-10.15.37:912][  0]LogConfig: Setting CVar [[s.LevelStreamingComponentsUnregistrationGranularity:5]]
[2020.09.15-10.15.37:912][  0]LogConfig: Setting CVar [[s.FlushStreamingOnExit:1]]
[2020.09.15-10.15.37:912][  0]LogConfig: Applying CVar settings from Section [/Script/Engine.GarbageCollectionSettings] File [C:/Projects/MicroDoomRep/MicroDoom/Saved/Config/Windows/Engine.ini]
[2020.09.15-10.15.37:912][  0]LogConfig: Setting CVar [[gc.MaxObjectsNotConsideredByGC:1]]
[2020.09.15-10.15.37:912][  0]LogConfig: Setting CVar [[gc.SizeOfPermanentObjectPool:0]]
[2020.09.15-10.15.37:912][  0]LogConfig: Setting CVar [[gc.FlushStreamingOnGC:0]]
[2020.09.15-10.15.37:912][  0]LogConfig: Setting CVar [[gc.NumRetriesBeforeForcingGC:10]]
[2020.09.15-10.15.37:912][  0]LogConfig: Setting CVar [[gc.AllowParallelGC:1]]
[2020.09.15-10.15.37:912][  0]LogConfig: Setting CVar [[gc.TimeBetweenPurgingPendingKillObjects:61.1]]
[2020.09.15-10.15.37:912][  0]LogConfig: Setting CVar [[gc.MaxObjectsInEditor:25165824]]
[2020.09.15-10.15.37:912][  0]LogConfig: Setting CVar [[gc.IncrementalBeginDestroyEnabled:1]]
[2020.09.15-10.15.37:912][  0]LogConfig: Setting CVar [[gc.CreateGCClusters:1]]
[2020.09.15-10.15.37:912][  0]LogConfig: Setting CVar [[gc.MinGCClusterSize:5]]
[2020.09.15-10.15.37:912][  0]LogConfig: Setting CVar [[gc.ActorClusteringEnabled:0]]
[2020.09.15-10.15.37:912][  0]LogConfig: Setting CVar [[gc.BlueprintClusteringEnabled:0]]
[2020.09.15-10.15.37:912][  0]LogConfig: Setting CVar [[gc.UseDisregardForGCOnDedicatedServers:0]]
[2020.09.15-10.15.37:912][  0]LogConfig: Applying CVar settings from Section [/Script/Engine.NetworkSettings] File [C:/Projects/MicroDoomRep/MicroDoom/Saved/Config/Windows/Engine.ini]
[2020.09.15-10.15.37:912][  0]LogConfig: Applying CVar settings from Section [/Script/UnrealEd.CookerSettings] File [C:/Projects/MicroDoomRep/MicroDoom/Saved/Config/Windows/Engine.ini]
[2020.09.15-10.15.37:920][  0]LogConfig: Applying CVar settings from Section [ViewDistanceQuality@3] File [C:/Projects/MicroDoomRep/MicroDoom/Saved/Config/Windows/Scalability.ini]
[2020.09.15-10.15.37:920][  0]LogConfig: Setting CVar [[r.SkeletalMeshLODBias:0]]
[2020.09.15-10.15.37:920][  0]LogConfig: Setting CVar [[r.ViewDistanceScale:1.0]]
[2020.09.15-10.15.37:920][  0]LogConfig: Applying CVar settings from Section [AntiAliasingQuality@3] File [C:/Projects/MicroDoomRep/MicroDoom/Saved/Config/Windows/Scalability.ini]
[2020.09.15-10.15.37:920][  0]LogConfig: Setting CVar [[r.PostProcessAAQuality:4]]
[2020.09.15-10.15.37:920][  0]LogConfig: Applying CVar settings from Section [ShadowQuality@3] File [C:/Projects/MicroDoomRep/MicroDoom/Saved/Config/Windows/Scalability.ini]
[2020.09.15-10.15.37:920][  0]LogConfig: Setting CVar [[r.LightFunctionQuality:1]]
[2020.09.15-10.15.37:920][  0]LogConfig: Setting CVar [[r.ShadowQuality:5]]
[2020.09.15-10.15.37:920][  0]LogConfig: Setting CVar [[r.Shadow.CSM.MaxCascades:10]]
[2020.09.15-10.15.37:920][  0]LogConfig: Setting CVar [[r.Shadow.MaxResolution:2048]]
[2020.09.15-10.15.37:920][  0]LogConfig: Setting CVar [[r.Shadow.MaxCSMResolution:2048]]
[2020.09.15-10.15.37:920][  0]LogConfig: Setting CVar [[r.Shadow.RadiusThreshold:0.01]]
[2020.09.15-10.15.37:920][  0]LogConfig: Setting CVar [[r.Shadow.DistanceScale:1.0]]
[2020.09.15-10.15.37:920][  0]LogConfig: Setting CVar [[r.Shadow.CSM.TransitionScale:1.0]]
[2020.09.15-10.15.37:920][  0]LogConfig: Setting CVar [[r.Shadow.PreShadowResolutionFactor:1.0]]
[2020.09.15-10.15.37:920][  0]LogConfig: Setting CVar [[r.DistanceFieldShadowing:1]]
[2020.09.15-10.15.37:920][  0]LogConfig: Setting CVar [[r.DistanceFieldAO:1]]
[2020.09.15-10.15.37:920][  0]LogConfig: Setting CVar [[r.AOQuality:2]]
[2020.09.15-10.15.37:920][  0]LogConfig: Setting CVar [[r.VolumetricFog:1]]
[2020.09.15-10.15.37:920][  0]LogConfig: Setting CVar [[r.VolumetricFog.GridPixelSize:8]]
[2020.09.15-10.15.37:920][  0]LogConfig: Setting CVar [[r.VolumetricFog.GridSizeZ:128]]
[2020.09.15-10.15.37:920][  0]LogConfig: Setting CVar [[r.VolumetricFog.HistoryMissSupersampleCount:4]]
[2020.09.15-10.15.37:920][  0]LogConfig: Setting CVar [[r.LightMaxDrawDistanceScale:1]]
[2020.09.15-10.15.37:920][  0]LogConfig: Setting CVar [[r.CapsuleShadows:1]]
[2020.09.15-10.15.37:920][  0]LogConfig: Applying CVar settings from Section [PostProcessQuality@3] File [C:/Projects/MicroDoomRep/MicroDoom/Saved/Config/Windows/Scalability.ini]
[2020.09.15-10.15.37:920][  0]LogConfig: Setting CVar [[r.MotionBlurQuality:4]]
[2020.09.15-10.15.37:920][  0]LogConfig: Setting CVar [[r.AmbientOcclusionMipLevelFactor:0.4]]
[2020.09.15-10.15.37:920][  0]LogConfig: Setting CVar [[r.AmbientOcclusionMaxQuality:100]]
[2020.09.15-10.15.37:920][  0]LogConfig: Setting CVar [[r.AmbientOcclusionLevels:-1]]
[2020.09.15-10.15.37:920][  0]LogConfig: Setting CVar [[r.AmbientOcclusionRadiusScale:1.0]]
[2020.09.15-10.15.37:920][  0]LogConfig: Setting CVar [[r.DepthOfFieldQuality:2]]
[2020.09.15-10.15.37:920][  0]LogConfig: Setting CVar [[r.RenderTargetPoolMin:400]]
[2020.09.15-10.15.37:920][  0]LogConfig: Setting CVar [[r.LensFlareQuality:2]]
[2020.09.15-10.15.37:921][  0]LogConfig: Setting CVar [[r.SceneColorFringeQuality:1]]
[2020.09.15-10.15.37:921][  0]LogConfig: Setting CVar [[r.EyeAdaptationQuality:2]]
[2020.09.15-10.15.37:921][  0]LogConfig: Setting CVar [[r.BloomQuality:5]]
[2020.09.15-10.15.37:921][  0]LogConfig: Setting CVar [[r.FastBlurThreshold:100]]
[2020.09.15-10.15.37:921][  0]LogConfig: Setting CVar [[r.Upscale.Quality:3]]
[2020.09.15-10.15.37:921][  0]LogConfig: Setting CVar [[r.Tonemapper.GrainQuantization:1]]
[2020.09.15-10.15.37:921][  0]LogConfig: Setting CVar [[r.LightShaftQuality:1]]
[2020.09.15-10.15.37:921][  0]LogConfig: Setting CVar [[r.Filter.SizeScale:1]]
[2020.09.15-10.15.37:921][  0]LogConfig: Setting CVar [[r.Tonemapper.Quality:5]]
[2020.09.15-10.15.37:921][  0]LogConfig: Setting CVar [[r.DOF.Gather.AccumulatorQuality:1        ; higher gathering accumulator quality]]
[2020.09.15-10.15.37:921][  0]LogConfig: Setting CVar [[r.DOF.Gather.PostfilterMethod:1          ; Median3x3 postfilering method]]
[2020.09.15-10.15.37:921][  0]LogConfig: Setting CVar [[r.DOF.Gather.EnableBokehSettings:0       ; no bokeh simulation when gathering]]
[2020.09.15-10.15.37:921][  0]LogConfig: Setting CVar [[r.DOF.Gather.RingCount:4                 ; medium number of samples when gathering]]
[2020.09.15-10.15.37:921][  0]LogConfig: Setting CVar [[r.DOF.Scatter.ForegroundCompositing:1    ; additive foreground scattering]]
[2020.09.15-10.15.37:921][  0]LogConfig: Setting CVar [[r.DOF.Scatter.BackgroundCompositing:2    ; additive background scattering]]
[2020.09.15-10.15.37:921][  0]LogConfig: Setting CVar [[r.DOF.Scatter.EnableBokehSettings:1      ; bokeh simulation when scattering]]
[2020.09.15-10.15.37:921][  0]LogConfig: Setting CVar [[r.DOF.Scatter.MaxSpriteRatio:0.1         ; only a maximum of 10% of scattered bokeh]]
[2020.09.15-10.15.37:921][  0]LogConfig: Setting CVar [[r.DOF.Recombine.Quality:1                ; cheap slight out of focus]]
[2020.09.15-10.15.37:921][  0]LogConfig: Setting CVar [[r.DOF.Recombine.EnableBokehSettings:0    ; no bokeh simulation on slight out of focus]]
[2020.09.15-10.15.37:921][  0]LogConfig: Setting CVar [[r.DOF.TemporalAAQuality:1                ; more stable temporal accumulation]]
[2020.09.15-10.15.37:921][  0]LogConfig: Setting CVar [[r.DOF.Kernel.MaxForegroundRadius:0.025]]
[2020.09.15-10.15.37:921][  0]LogConfig: Setting CVar [[r.DOF.Kernel.MaxBackgroundRadius:0.025]]
[2020.09.15-10.15.37:921][  0]LogConfig: Applying CVar settings from Section [TextureQuality@3] File [C:/Projects/MicroDoomRep/MicroDoom/Saved/Config/Windows/Scalability.ini]
[2020.09.15-10.15.37:921][  0]LogConfig: Setting CVar [[r.Streaming.MipBias:0]]
[2020.09.15-10.15.37:921][  0]LogConfig: Setting CVar [[r.Streaming.AmortizeCPUToGPUCopy:0]]
[2020.09.15-10.15.37:921][  0]LogConfig: Setting CVar [[r.Streaming.MaxNumTexturesToStreamPerFrame:0]]
[2020.09.15-10.15.37:921][  0]LogConfig: Setting CVar [[r.Streaming.Boost:1]]
[2020.09.15-10.15.37:921][  0]LogConfig: Setting CVar [[r.MaxAnisotropy:8]]
[2020.09.15-10.15.37:921][  0]LogConfig: Setting CVar [[r.VT.MaxAnisotropy:8]]
[2020.09.15-10.15.37:921][  0]LogConfig: Setting CVar [[r.Streaming.LimitPoolSizeToVRAM:0]]
[2020.09.15-10.15.37:921][  0]LogConfig: Setting CVar [[r.Streaming.PoolSize:1000]]
[2020.09.15-10.15.37:921][  0]LogConfig: Setting CVar [[r.Streaming.MaxEffectiveScreenSize:0]]
[2020.09.15-10.15.37:921][  0]LogConfig: Applying CVar settings from Section [EffectsQuality@3] File [C:/Projects/MicroDoomRep/MicroDoom/Saved/Config/Windows/Scalability.ini]
[2020.09.15-10.15.37:921][  0]LogConfig: Setting CVar [[r.TranslucencyLightingVolumeDim:64]]
[2020.09.15-10.15.37:921][  0]LogConfig: Setting CVar [[r.RefractionQuality:2]]
[2020.09.15-10.15.37:921][  0]LogConfig: Setting CVar [[r.SSR.Quality:3]]
[2020.09.15-10.15.37:921][  0]LogConfig: Setting CVar [[r.SSR.HalfResSceneColor:0]]
[2020.09.15-10.15.37:921][  0]LogConfig: Setting CVar [[r.SceneColorFormat:4]]
[2020.09.15-10.15.37:921][  0]LogConfig: Setting CVar [[r.DetailMode:2]]
[2020.09.15-10.15.37:921][  0]LogConfig: Setting CVar [[r.TranslucencyVolumeBlur:1]]
[2020.09.15-10.15.37:921][  0]LogConfig: Setting CVar [[r.MaterialQualityLevel:1 ; High quality]]
[2020.09.15-10.15.37:921][  0]LogConfig: Setting CVar [[r.SSS.Scale:1]]
[2020.09.15-10.15.37:921][  0]LogConfig: Setting CVar [[r.SSS.SampleSet:2]]
[2020.09.15-10.15.37:921][  0]LogConfig: Setting CVar [[r.SSS.Quality:1]]
[2020.09.15-10.15.37:921][  0]LogConfig: Setting CVar [[r.SSS.HalfRes:0]]
[2020.09.15-10.15.37:921][  0]LogConfig: Setting CVar [[r.SSGI.Quality:3]]
[2020.09.15-10.15.37:921][  0]LogConfig: Setting CVar [[r.EmitterSpawnRateScale:1.0]]
[2020.09.15-10.15.37:921][  0]LogConfig: Setting CVar [[r.ParticleLightQuality:2]]
[2020.09.15-10.15.37:921][  0]LogConfig: Setting CVar [[r.SkyAtmosphere.AerialPerspectiveLUT.FastApplyOnOpaque:1 ; Always have FastSkyLUT 1 in this case to avoid wrong sky]]
[2020.09.15-10.15.37:921][  0]LogConfig: Setting CVar [[r.SkyAtmosphere.AerialPerspectiveLUT.SampleCountPerSlice:1]]
[2020.09.15-10.15.37:921][  0]LogConfig: Setting CVar [[r.SkyAtmosphere.AerialPerspectiveLUT.DepthResolution:16.0]]
[2020.09.15-10.15.37:921][  0]LogConfig: Setting CVar [[r.SkyAtmosphere.FastSkyLUT:1]]
[2020.09.15-10.15.37:921][  0]LogConfig: Setting CVar [[r.SkyAtmosphere.FastSkyLUT.SampleCountMin:4.0]]
[2020.09.15-10.15.37:921][  0]LogConfig: Setting CVar [[r.SkyAtmosphere.FastSkyLUT.SampleCountMax:32.0]]
[2020.09.15-10.15.37:921][  0]LogConfig: Setting CVar [[r.SkyAtmosphere.SampleCountMin:4.0]]
[2020.09.15-10.15.37:921][  0]LogConfig: Setting CVar [[r.SkyAtmosphere.SampleCountMax:32.0]]
[2020.09.15-10.15.37:921][  0]LogConfig: Setting CVar [[r.SkyAtmosphere.TransmittanceLUT.UseSmallFormat:0]]
[2020.09.15-10.15.37:921][  0]LogConfig: Setting CVar [[r.SkyAtmosphere.TransmittanceLUT.SampleCount:10.0]]
[2020.09.15-10.15.37:922][  0]LogConfig: Setting CVar [[r.SkyAtmosphere.MultiScatteringLUT.SampleCount:15.0]]
[2020.09.15-10.15.37:922][  0]LogConfig: Applying CVar settings from Section [FoliageQuality@3] File [C:/Projects/MicroDoomRep/MicroDoom/Saved/Config/Windows/Scalability.ini]
[2020.09.15-10.15.37:922][  0]LogConfig: Setting CVar [[foliage.DensityScale:1.0]]
[2020.09.15-10.15.37:922][  0]LogConfig: Setting CVar [[grass.DensityScale:1.0]]
[2020.09.15-10.15.37:922][  0]LogConfig: Applying CVar settings from Section [ShadingQuality@3] File [C:/Projects/MicroDoomRep/MicroDoom/Saved/Config/Windows/Scalability.ini]
[2020.09.15-10.15.37:922][  0]LogConfig: Setting CVar [[r.HairStrands.SkyLighting.SampleCount:16]]
[2020.09.15-10.15.37:922][  0]LogConfig: Setting CVar [[r.HairStrands.SkyLighting.JitterIntegration:0]]
[2020.09.15-10.15.37:922][  0]LogConfig: Setting CVar [[r.HairStrands.SkyAO.SampleCount:16]]
[2020.09.15-10.15.37:922][  0]LogConfig: Setting CVar [[r.HairStrands.DeepShadow.SuperSampling:0]]
[2020.09.15-10.15.37:922][  0]LogConfig: Setting CVar [[r.HairStrands.VisibilityPPLL:0]]
[2020.09.15-10.15.37:922][  0]LogConfig: Setting CVar [[r.HairStrands.RasterizationScale:0.5]]
[2020.09.15-10.15.37:922][  0]LogConfig: Setting CVar [[r.HairStrands.VelocityRasterizationScale:1]]
[2020.09.15-10.15.37:922][  0]LogInit: Selected Device Profile: [Windows]
[2020.09.15-10.15.37:922][  0]LogInit: Applying CVar settings loaded from the selected device profile: [Windows]
[2020.09.15-10.15.37:922][  0]LogHAL: Display: Platform has ~ 8 GB [8494370816 / 8589934592 / 8], which maps to Default [LargestMinGB=32, LargerMinGB=12, DefaultMinGB=8, SmallerMinGB=6, SmallestMinGB=0)
[2020.09.15-10.15.37:922][  0]LogInit: Going up to parent DeviceProfile []
[2020.09.15-10.15.37:922][  0]LogConfig: Applying CVar settings from Section [ViewDistanceQuality@3] File [C:/Projects/MicroDoomRep/MicroDoom/Saved/Config/Windows/Scalability.ini]
[2020.09.15-10.15.37:922][  0]LogConfig: Setting CVar [[r.SkeletalMeshLODBias:0]]
[2020.09.15-10.15.37:922][  0]LogConfig: Setting CVar [[r.ViewDistanceScale:1.0]]
[2020.09.15-10.15.37:922][  0]LogConfig: Applying CVar settings from Section [AntiAliasingQuality@3] File [C:/Projects/MicroDoomRep/MicroDoom/Saved/Config/Windows/Scalability.ini]
[2020.09.15-10.15.37:922][  0]LogConfig: Setting CVar [[r.PostProcessAAQuality:4]]
[2020.09.15-10.15.37:922][  0]LogConfig: Applying CVar settings from Section [ShadowQuality@3] File [C:/Projects/MicroDoomRep/MicroDoom/Saved/Config/Windows/Scalability.ini]
[2020.09.15-10.15.37:922][  0]LogConfig: Setting CVar [[r.LightFunctionQuality:1]]
[2020.09.15-10.15.37:922][  0]LogConfig: Setting CVar [[r.ShadowQuality:5]]
[2020.09.15-10.15.37:922][  0]LogConfig: Setting CVar [[r.Shadow.CSM.MaxCascades:10]]
[2020.09.15-10.15.37:922][  0]LogConfig: Setting CVar [[r.Shadow.MaxResolution:2048]]
[2020.09.15-10.15.37:922][  0]LogConfig: Setting CVar [[r.Shadow.MaxCSMResolution:2048]]
[2020.09.15-10.15.37:922][  0]LogConfig: Setting CVar [[r.Shadow.RadiusThreshold:0.01]]
[2020.09.15-10.15.37:922][  0]LogConfig: Setting CVar [[r.Shadow.DistanceScale:1.0]]
[2020.09.15-10.15.37:922][  0]LogConfig: Setting CVar [[r.Shadow.CSM.TransitionScale:1.0]]
[2020.09.15-10.15.37:922][  0]LogConfig: Setting CVar [[r.Shadow.PreShadowResolutionFactor:1.0]]
[2020.09.15-10.15.37:923][  0]LogConfig: Setting CVar [[r.DistanceFieldShadowing:1]]
[2020.09.15-10.15.37:923][  0]LogConfig: Setting CVar [[r.DistanceFieldAO:1]]
[2020.09.15-10.15.37:923][  0]LogConfig: Setting CVar [[r.AOQuality:2]]
[2020.09.15-10.15.37:923][  0]LogConfig: Setting CVar [[r.VolumetricFog:1]]
[2020.09.15-10.15.37:923][  0]LogConfig: Setting CVar [[r.VolumetricFog.GridPixelSize:8]]
[2020.09.15-10.15.37:923][  0]LogConfig: Setting CVar [[r.VolumetricFog.GridSizeZ:128]]
[2020.09.15-10.15.37:923][  0]LogConfig: Setting CVar [[r.VolumetricFog.HistoryMissSupersampleCount:4]]
[2020.09.15-10.15.37:923][  0]LogConfig: Setting CVar [[r.LightMaxDrawDistanceScale:1]]
[2020.09.15-10.15.37:923][  0]LogConfig: Setting CVar [[r.CapsuleShadows:1]]
[2020.09.15-10.15.37:923][  0]LogConfig: Applying CVar settings from Section [PostProcessQuality@3] File [C:/Projects/MicroDoomRep/MicroDoom/Saved/Config/Windows/Scalability.ini]
[2020.09.15-10.15.37:923][  0]LogConfig: Setting CVar [[r.MotionBlurQuality:4]]
[2020.09.15-10.15.37:923][  0]LogConfig: Setting CVar [[r.AmbientOcclusionMipLevelFactor:0.4]]
[2020.09.15-10.15.37:923][  0]LogConfig: Setting CVar [[r.AmbientOcclusionMaxQuality:100]]
[2020.09.15-10.15.37:923][  0]LogConfig: Setting CVar [[r.AmbientOcclusionLevels:-1]]
[2020.09.15-10.15.37:923][  0]LogConfig: Setting CVar [[r.AmbientOcclusionRadiusScale:1.0]]
[2020.09.15-10.15.37:923][  0]LogConfig: Setting CVar [[r.DepthOfFieldQuality:2]]
[2020.09.15-10.15.37:923][  0]LogConfig: Setting CVar [[r.RenderTargetPoolMin:400]]
[2020.09.15-10.15.37:923][  0]LogConfig: Setting CVar [[r.LensFlareQuality:2]]
[2020.09.15-10.15.37:923][  0]LogConfig: Setting CVar [[r.SceneColorFringeQuality:1]]
[2020.09.15-10.15.37:923][  0]LogConfig: Setting CVar [[r.EyeAdaptationQuality:2]]
[2020.09.15-10.15.37:923][  0]LogConfig: Setting CVar [[r.BloomQuality:5]]
[2020.09.15-10.15.37:923][  0]LogConfig: Setting CVar [[r.FastBlurThreshold:100]]
[2020.09.15-10.15.37:923][  0]LogConfig: Setting CVar [[r.Upscale.Quality:3]]
[2020.09.15-10.15.37:923][  0]LogConfig: Setting CVar [[r.Tonemapper.GrainQuantization:1]]
[2020.09.15-10.15.37:923][  0]LogConfig: Setting CVar [[r.LightShaftQuality:1]]
[2020.09.15-10.15.37:923][  0]LogConfig: Setting CVar [[r.Filter.SizeScale:1]]
[2020.09.15-10.15.37:923][  0]LogConfig: Setting CVar [[r.Tonemapper.Quality:5]]
[2020.09.15-10.15.37:923][  0]LogConfig: Setting CVar [[r.DOF.Gather.AccumulatorQuality:1        ; higher gathering accumulator quality]]
[2020.09.15-10.15.37:923][  0]LogConfig: Setting CVar [[r.DOF.Gather.PostfilterMethod:1          ; Median3x3 postfilering method]]
[2020.09.15-10.15.37:923][  0]LogConfig: Setting CVar [[r.DOF.Gather.EnableBokehSettings:0       ; no bokeh simulation when gathering]]
[2020.09.15-10.15.37:923][  0]LogConfig: Setting CVar [[r.DOF.Gather.RingCount:4                 ; medium number of samples when gathering]]
[2020.09.15-10.15.37:923][  0]LogConfig: Setting CVar [[r.DOF.Scatter.ForegroundCompositing:1    ; additive foreground scattering]]
[2020.09.15-10.15.37:923][  0]LogConfig: Setting CVar [[r.DOF.Scatter.BackgroundCompositing:2    ; additive background scattering]]
[2020.09.15-10.15.37:923][  0]LogConfig: Setting CVar [[r.DOF.Scatter.EnableBokehSettings:1      ; bokeh simulation when scattering]]
[2020.09.15-10.15.37:923][  0]LogConfig: Setting CVar [[r.DOF.Scatter.MaxSpriteRatio:0.1         ; only a maximum of 10% of scattered bokeh]]
[2020.09.15-10.15.37:923][  0]LogConfig: Setting CVar [[r.DOF.Recombine.Quality:1                ; cheap slight out of focus]]
[2020.09.15-10.15.37:923][  0]LogConfig: Setting CVar [[r.DOF.Recombine.EnableBokehSettings:0    ; no bokeh simulation on slight out of focus]]
[2020.09.15-10.15.37:923][  0]LogConfig: Setting CVar [[r.DOF.TemporalAAQuality:1                ; more stable temporal accumulation]]
[2020.09.15-10.15.37:923][  0]LogConfig: Setting CVar [[r.DOF.Kernel.MaxForegroundRadius:0.025]]
[2020.09.15-10.15.37:923][  0]LogConfig: Setting CVar [[r.DOF.Kernel.MaxBackgroundRadius:0.025]]
[2020.09.15-10.15.37:923][  0]LogConfig: Applying CVar settings from Section [TextureQuality@3] File [C:/Projects/MicroDoomRep/MicroDoom/Saved/Config/Windows/Scalability.ini]
[2020.09.15-10.15.37:923][  0]LogConfig: Setting CVar [[r.Streaming.MipBias:0]]
[2020.09.15-10.15.37:923][  0]LogConfig: Setting CVar [[r.Streaming.AmortizeCPUToGPUCopy:0]]
[2020.09.15-10.15.37:923][  0]LogConfig: Setting CVar [[r.Streaming.MaxNumTexturesToStreamPerFrame:0]]
[2020.09.15-10.15.37:923][  0]LogConfig: Setting CVar [[r.Streaming.Boost:1]]
[2020.09.15-10.15.37:923][  0]LogConfig: Setting CVar [[r.MaxAnisotropy:8]]
[2020.09.15-10.15.37:923][  0]LogConfig: Setting CVar [[r.VT.MaxAnisotropy:8]]
[2020.09.15-10.15.37:923][  0]LogConfig: Setting CVar [[r.Streaming.LimitPoolSizeToVRAM:0]]
[2020.09.15-10.15.37:923][  0]LogConfig: Setting CVar [[r.Streaming.PoolSize:1000]]
[2020.09.15-10.15.37:923][  0]LogConfig: Setting CVar [[r.Streaming.MaxEffectiveScreenSize:0]]
[2020.09.15-10.15.37:923][  0]LogConfig: Applying CVar settings from Section [EffectsQuality@3] File [C:/Projects/MicroDoomRep/MicroDoom/Saved/Config/Windows/Scalability.ini]
[2020.09.15-10.15.37:924][  0]LogConfig: Setting CVar [[r.TranslucencyLightingVolumeDim:64]]
[2020.09.15-10.15.37:924][  0]LogConfig: Setting CVar [[r.RefractionQuality:2]]
[2020.09.15-10.15.37:924][  0]LogConfig: Setting CVar [[r.SSR.Quality:3]]
[2020.09.15-10.15.37:924][  0]LogConfig: Setting CVar [[r.SSR.HalfResSceneColor:0]]
[2020.09.15-10.15.37:924][  0]LogConfig: Setting CVar [[r.SceneColorFormat:4]]
[2020.09.15-10.15.37:924][  0]LogConfig: Setting CVar [[r.DetailMode:2]]
[2020.09.15-10.15.37:924][  0]LogConfig: Setting CVar [[r.TranslucencyVolumeBlur:1]]
[2020.09.15-10.15.37:924][  0]LogConfig: Setting CVar [[r.MaterialQualityLevel:1 ; High quality]]
[2020.09.15-10.15.37:924][  0]LogConfig: Setting CVar [[r.SSS.Scale:1]]
[2020.09.15-10.15.37:924][  0]LogConfig: Setting CVar [[r.SSS.SampleSet:2]]
[2020.09.15-10.15.37:924][  0]LogConfig: Setting CVar [[r.SSS.Quality:1]]
[2020.09.15-10.15.37:924][  0]LogConfig: Setting CVar [[r.SSS.HalfRes:0]]
[2020.09.15-10.15.37:924][  0]LogConfig: Setting CVar [[r.SSGI.Quality:3]]
[2020.09.15-10.15.37:924][  0]LogConfig: Setting CVar [[r.EmitterSpawnRateScale:1.0]]
[2020.09.15-10.15.37:924][  0]LogConfig: Setting CVar [[r.ParticleLightQuality:2]]
[2020.09.15-10.15.37:924][  0]LogConfig: Setting CVar [[r.SkyAtmosphere.AerialPerspectiveLUT.FastApplyOnOpaque:1 ; Always have FastSkyLUT 1 in this case to avoid wrong sky]]
[2020.09.15-10.15.37:924][  0]LogConfig: Setting CVar [[r.SkyAtmosphere.AerialPerspectiveLUT.SampleCountPerSlice:1]]
[2020.09.15-10.15.37:924][  0]LogConfig: Setting CVar [[r.SkyAtmosphere.AerialPerspectiveLUT.DepthResolution:16.0]]
[2020.09.15-10.15.37:924][  0]LogConfig: Setting CVar [[r.SkyAtmosphere.FastSkyLUT:1]]
[2020.09.15-10.15.37:924][  0]LogConfig: Setting CVar [[r.SkyAtmosphere.FastSkyLUT.SampleCountMin:4.0]]
[2020.09.15-10.15.37:924][  0]LogConfig: Setting CVar [[r.SkyAtmosphere.FastSkyLUT.SampleCountMax:32.0]]
[2020.09.15-10.15.37:924][  0]LogConfig: Setting CVar [[r.SkyAtmosphere.SampleCountMin:4.0]]
[2020.09.15-10.15.37:924][  0]LogConfig: Setting CVar [[r.SkyAtmosphere.SampleCountMax:32.0]]
[2020.09.15-10.15.37:924][  0]LogConfig: Setting CVar [[r.SkyAtmosphere.TransmittanceLUT.UseSmallFormat:0]]
[2020.09.15-10.15.37:924][  0]LogConfig: Setting CVar [[r.SkyAtmosphere.TransmittanceLUT.SampleCount:10.0]]
[2020.09.15-10.15.37:924][  0]LogConfig: Setting CVar [[r.SkyAtmosphere.MultiScatteringLUT.SampleCount:15.0]]
[2020.09.15-10.15.37:924][  0]LogConfig: Applying CVar settings from Section [FoliageQuality@3] File [C:/Projects/MicroDoomRep/MicroDoom/Saved/Config/Windows/Scalability.ini]
[2020.09.15-10.15.37:924][  0]LogConfig: Setting CVar [[foliage.DensityScale:1.0]]
[2020.09.15-10.15.37:924][  0]LogConfig: Setting CVar [[grass.DensityScale:1.0]]
[2020.09.15-10.15.37:924][  0]LogConfig: Applying CVar settings from Section [ShadingQuality@3] File [C:/Projects/MicroDoomRep/MicroDoom/Saved/Config/Windows/Scalability.ini]
[2020.09.15-10.15.37:924][  0]LogConfig: Setting CVar [[r.HairStrands.SkyLighting.SampleCount:16]]
[2020.09.15-10.15.37:924][  0]LogConfig: Setting CVar [[r.HairStrands.SkyLighting.JitterIntegration:0]]
[2020.09.15-10.15.37:924][  0]LogConfig: Setting CVar [[r.HairStrands.SkyAO.SampleCount:16]]
[2020.09.15-10.15.37:924][  0]LogConfig: Setting CVar [[r.HairStrands.DeepShadow.SuperSampling:0]]
[2020.09.15-10.15.37:924][  0]LogConfig: Setting CVar [[r.HairStrands.VisibilityPPLL:0]]
[2020.09.15-10.15.37:924][  0]LogConfig: Setting CVar [[r.HairStrands.RasterizationScale:0.5]]
[2020.09.15-10.15.37:924][  0]LogConfig: Setting CVar [[r.HairStrands.VelocityRasterizationScale:1]]
[2020.09.15-10.15.37:924][  0]LogConfig: Applying CVar settings from Section [Startup] File [../../../Engine/Config/ConsoleVariables.ini]
[2020.09.15-10.15.37:925][  0]LogConfig: Setting CVar [[net.UseAdaptiveNetUpdateFrequency:0]]
[2020.09.15-10.15.37:925][  0]LogConfig: Setting CVar [[p.chaos.AllowCreatePhysxBodies:1]]
[2020.09.15-10.15.37:925][  0]LogConfig: Setting CVar [[fx.SkipVectorVMBackendOptimizations:1]]
[2020.09.15-10.15.37:925][  0]LogConfig: Applying CVar settings from Section [ConsoleVariables] File [C:/Projects/MicroDoomRep/MicroDoom/Saved/Config/Windows/Engine.ini]
[2020.09.15-10.15.37:925][  0]LogInit: Computer: DESKTOP-TMALALQ
[2020.09.15-10.15.37:925][  0]LogInit: User: danil
[2020.09.15-10.15.37:925][  0]LogInit: CPU Page size=4096, Cores=4
[2020.09.15-10.15.37:925][  0]LogInit: High frequency timer resolution =10.000000 MHz
[2020.09.15-10.15.37:925][  0]LogMemory: Memory total: Physical=7.9GB (8GB approx)
[2020.09.15-10.15.37:925][  0]LogMemory: Platform Memory Stats for Windows
[2020.09.15-10.15.37:925][  0]LogMemory: Process Physical Memory: 116.05 MB used, 116.06 MB peak
[2020.09.15-10.15.37:925][  0]LogMemory: Process Virtual Memory: 103.49 MB used, 103.49 MB peak
[2020.09.15-10.15.37:925][  0]LogMemory: Physical Memory: 6467.68 MB used,  1633.18 MB free, 8100.86 MB total
[2020.09.15-10.15.37:925][  0]LogMemory: Virtual Memory: 5136.78 MB used,  134212592.00 MB free, 134217728.00 MB total
[2020.09.15-10.15.37:936][  0]LogWindows: WindowsPlatformFeatures enabled
[2020.09.15-10.15.37:994][  0]LogInit: Physics initialised using underlying interface: PhysX
[2020.09.15-10.15.37:995][  0]LogInit: Using OS detected language (en-US).
[2020.09.15-10.15.37:995][  0]LogInit: Using OS detected locale (ru-RU).
[2020.09.15-10.15.38:003][  0]LogTextLocalizationManager: No specific localization for 'en-US' exists, so the 'en' localization will be used.
[2020.09.15-10.15.38:272][  0]LogInit: Setting process to per monitor DPI aware
[2020.09.15-10.15.38:329][  0]LogSlate: New Slate User Created.  User Index 0, Is Virtual User: 0
[2020.09.15-10.15.38:330][  0]LogSlate: Slate User Registered.  User Index 0, Is Virtual User: 0
[2020.09.15-10.15.38:601][  0]LogHMD: Failed to initialize OpenVR with code 110
[2020.09.15-10.15.38:601][  0]LogD3D11RHI: D3D11 min allowed feature level: 11_0
[2020.09.15-10.15.38:601][  0]LogD3D11RHI: D3D11 max allowed feature level: 11_0
[2020.09.15-10.15.38:601][  0]LogD3D11RHI: D3D11 adapters:
[2020.09.15-10.15.38:726][  0]LogD3D11RHI:    0. 'NVIDIA GeForce GTX 950M' (Feature Level 11_0)
[2020.09.15-10.15.38:726][  0]LogD3D11RHI:       2010/0/4050 MB DedicatedVideo/DedicatedSystem/SharedSystem, Outputs:2, VendorId:0x10de
[2020.09.15-10.15.38:763][  0]LogD3D11RHI:    1. 'Intel(R) HD Graphics 530' (Feature Level 11_0)
[2020.09.15-10.15.38:763][  0]LogD3D11RHI:       128/0/4050 MB DedicatedVideo/DedicatedSystem/SharedSystem, Outputs:0, VendorId:0x8086
[2020.09.15-10.15.38:767][  0]LogD3D11RHI:    2. 'Microsoft Basic Render Driver' (Feature Level 11_0)
[2020.09.15-10.15.38:767][  0]LogD3D11RHI:       0/0/4050 MB DedicatedVideo/DedicatedSystem/SharedSystem, Outputs:0, VendorId:0x1414
[2020.09.15-10.15.38:767][  0]LogD3D11RHI: Chosen D3D11 Adapter: 0
[2020.09.15-10.15.38:851][  0]LogD3D11RHI: Creating new Direct3DDevice
[2020.09.15-10.15.38:851][  0]LogD3D11RHI:     GPU DeviceId: 0x139a (for the marketing name, search the web for "GPU Device Id")
[2020.09.15-10.15.38:851][  0]LogWindows: EnumDisplayDevices:
[2020.09.15-10.15.38:852][  0]LogWindows:    0. 'Intel(R) HD Graphics 530' (P:1 D:1)
[2020.09.15-10.15.38:852][  0]LogWindows:    1. 'Intel(R) HD Graphics 530' (P:0 D:1)
[2020.09.15-10.15.38:853][  0]LogWindows:    2. 'Intel(R) HD Graphics 530' (P:0 D:0)
[2020.09.15-10.15.38:853][  0]LogWindows: DebugString: PrimaryIsNotTheChoosenAdapter PrimaryIsNotTheChoosenAdapter PrimaryIsNotTheChoosenAdapter FoundDriverCount:0 
[2020.09.15-10.15.38:853][  0]LogD3D11RHI:     Adapter Name: NVIDIA GeForce GTX 950M
[2020.09.15-10.15.38:853][  0]LogD3D11RHI:   Driver Version: Unknown (internal:Unknown, unified:Unknown)
[2020.09.15-10.15.38:853][  0]LogD3D11RHI:      Driver Date: Unknown
[2020.09.15-10.15.38:853][  0]LogRHI: Texture pool is 1407 MB (70% of 2010 MB)
[2020.09.15-10.15.38:948][  0]LogD3D11RHI: RHI has support for 64 bit atomics
[2020.09.15-10.15.38:952][  0]LogD3D11RHI: [Aftermath] Enabled and primed
[2020.09.15-10.15.38:952][  0]LogD3D11RHI: Async texture creation enabled
[2020.09.15-10.15.38:977][  0]LogD3D11RHI: GPU Timing Frequency: 1000.000000 (Debug: 2 1)
[2020.09.15-10.15.39:512][  0]LogTargetPlatformManager: Display: Loaded TargetPlatform 'AllDesktop'
[2020.09.15-10.15.39:543][  0]LogTargetPlatformManager: Display: Loaded TargetPlatform 'Android'
[2020.09.15-10.15.39:543][  0]LogTargetPlatformManager: Display: Loaded TargetPlatform 'Android_ASTC'
[2020.09.15-10.15.39:543][  0]LogTargetPlatformManager: Display: Loaded TargetPlatform 'Android_DXT'
[2020.09.15-10.15.39:543][  0]LogTargetPlatformManager: Display: Loaded TargetPlatform 'Android_ETC2'
[2020.09.15-10.15.39:543][  0]LogTargetPlatformManager: Display: Loaded TargetPlatform 'AndroidClient'
[2020.09.15-10.15.39:543][  0]LogTargetPlatformManager: Display: Loaded TargetPlatform 'Android_ASTCClient'
[2020.09.15-10.15.39:543][  0]LogTargetPlatformManager: Display: Loaded TargetPlatform 'Android_DXTClient'
[2020.09.15-10.15.39:543][  0]LogTargetPlatformManager: Display: Loaded TargetPlatform 'Android_ETC2Client'
[2020.09.15-10.15.39:543][  0]LogTargetPlatformManager: Display: Loaded TargetPlatform 'Android_Multi'
[2020.09.15-10.15.39:544][  0]LogTargetPlatformManager: Display: Loaded TargetPlatform 'Android_MultiClient'
[2020.09.15-10.15.39:576][  0]LogTargetPlatformManager: Display: Loaded TargetPlatform 'IOSClient'
[2020.09.15-10.15.39:576][  0]LogTargetPlatformManager: Display: Loaded TargetPlatform 'IOS'
[2020.09.15-10.15.39:593][  0]LogTargetPlatformManager: Display: Loaded TargetPlatform 'Linux'
[2020.09.15-10.15.39:607][  0]LogTargetPlatformManager: Display: Loaded TargetPlatform 'LinuxNoEditor'
[2020.09.15-10.15.39:620][  0]LogTargetPlatformManager: Display: Loaded TargetPlatform 'LinuxClient'
[2020.09.15-10.15.39:634][  0]LogTargetPlatformManager: Display: Loaded TargetPlatform 'LinuxServer'
[2020.09.15-10.15.39:648][  0]LogTargetPlatformManager: Display: Loaded TargetPlatform 'LinuxAArch64NoEditor'
[2020.09.15-10.15.39:661][  0]LogTargetPlatformManager: Display: Loaded TargetPlatform 'LinuxAArch64Client'
[2020.09.15-10.15.39:674][  0]LogTargetPlatformManager: Display: Loaded TargetPlatform 'LinuxAArch64Server'
[2020.09.15-10.15.39:710][  0]LogTargetPlatformManager: Display: Loaded TargetPlatform 'Lumin'
[2020.09.15-10.15.39:711][  0]LogTargetPlatformManager: Display: Loaded TargetPlatform 'LuminClient'
[2020.09.15-10.15.39:734][  0]LogTargetPlatformManager: Display: Loaded TargetPlatform 'TVOSClient'
[2020.09.15-10.15.39:734][  0]LogTargetPlatformManager: Display: Loaded TargetPlatform 'TVOS'
[2020.09.15-10.15.39:749][  0]LogTargetPlatformManager: Display: Loaded TargetPlatform 'WindowsNoEditor'
[2020.09.15-10.15.39:764][  0]LogTargetPlatformManager: Display: Loaded TargetPlatform 'Windows'
[2020.09.15-10.15.39:777][  0]LogTargetPlatformManager: Display: Loaded TargetPlatform 'WindowsClient'
[2020.09.15-10.15.39:791][  0]LogTargetPlatformManager: Display: Loaded TargetPlatform 'WindowsServer'
[2020.09.15-10.15.39:791][  0]LogTargetPlatformManager: Display: Building Assets For Windows
[2020.09.15-10.15.39:803][  0]LogAudioDebug: Display: Lib vorbis DLL was dynamically loaded.
[2020.09.15-10.15.39:896][  0]LogShaderCompilers: Guid format shader working directory is -3 characters bigger than the processId version (../../../../../../Projects/MicroDoomRep/MicroDoom/Intermediate/Shaders/WorkingDirectory/8724/).
[2020.09.15-10.15.39:896][  0]LogShaderCompilers: Cleaned the shader compiler working directory 'C:/Users/danil/AppData/Local/Temp/UnrealShaderWorkingDir/9578D0D144C373A659E165BD7A4BC103/'.
[2020.09.15-10.15.39:897][  0]LogXGEController: Cannot use XGE Controller as Incredibuild is not installed on this machine.
[2020.09.15-10.15.39:897][  0]LogShaderCompilers: Cannot use XGE Shader Compiler as Incredibuild is not installed on this machine.
[2020.09.15-10.15.39:897][  0]LogShaderCompilers: Display: Using Local Shader Compiler.
[2020.09.15-10.15.40:968][  0]LogDerivedDataCache: Display: Max Cache Size: 512 MB
[2020.09.15-10.15.41:061][  0]LogDerivedDataCache: Loaded boot cache 0.09s 76MB C:/Users/danil/AppData/Local/UnrealEngine/4.25/DerivedDataCache/Boot.ddc.
[2020.09.15-10.15.41:061][  0]LogDerivedDataCache: Display: Loaded Boot cache: C:/Users/danil/AppData/Local/UnrealEngine/4.25/DerivedDataCache/Boot.ddc
[2020.09.15-10.15.41:061][  0]LogDerivedDataCache: FDerivedDataBackendGraph:  Pak pak cache file ../../../../../../Projects/MicroDoomRep/MicroDoom/DerivedDataCache/DDC.ddp not found, will not use a pak cache.
[2020.09.15-10.15.41:061][  0]LogDerivedDataCache: Unable to find inner node Pak for hierarchical cache Hierarchy.
[2020.09.15-10.15.41:061][  0]LogDerivedDataCache: FDerivedDataBackendGraph:  CompressedPak pak cache file ../../../../../../Projects/MicroDoomRep/MicroDoom/DerivedDataCache/Compressed.ddp not found, will not use a pak cache.
[2020.09.15-10.15.41:061][  0]LogDerivedDataCache: Unable to find inner node CompressedPak for hierarchical cache Hierarchy.
[2020.09.15-10.15.41:078][  0]LogDerivedDataCache: Display: Pak cache opened for reading ../../../Engine/DerivedDataCache/Compressed.ddp.
[2020.09.15-10.15.41:078][  0]LogDerivedDataCache: FDerivedDataBackendGraph:  EnterprisePak pak cache file ../../../Enterprise/DerivedDataCache/Compressed.ddp not found, will not use a pak cache.
[2020.09.15-10.15.41:078][  0]LogDerivedDataCache: Unable to find inner node EnterprisePak for hierarchical cache Hierarchy.
[2020.09.15-10.15.41:080][  0]LogDerivedDataCache: Using Local data cache path C:/Users/danil/AppData/Local/UnrealEngine/Common/DerivedDataCache: Writable
[2020.09.15-10.15.41:080][  0]LogDerivedDataCache: Shared data cache path not found in *engine.ini, will not use an Shared cache.
[2020.09.15-10.15.41:080][  0]LogDerivedDataCache: Unable to find inner node Shared for hierarchical cache Hierarchy.
[2020.09.15-10.15.41:158][  0]LogSlate: Using FreeType 2.10.0
[2020.09.15-10.15.41:159][  0]LogSlate: SlateFontServices - WITH_FREETYPE: 1, WITH_HARFBUZZ: 1
[2020.09.15-10.15.41:202][  0]LogAssetRegistry: FAssetRegistry took 0.0042 seconds to start up
[2020.09.15-10.15.41:531][  0]LogInit: Selected Device Profile: [Windows]
[2020.09.15-10.15.41:694][  0]LogMeshReduction: Using QuadricMeshReduction for automatic static mesh reduction
[2020.09.15-10.15.41:694][  0]LogMeshReduction: Using SimplygonMeshReduction for automatic skeletal mesh reduction
[2020.09.15-10.15.41:694][  0]LogMeshReduction: Using ProxyLODMeshReduction for automatic mesh merging
[2020.09.15-10.15.41:694][  0]LogMeshReduction: No distributed automatic mesh merging module available
[2020.09.15-10.15.41:694][  0]LogMeshMerging: No distributed automatic mesh merging module available
[2020.09.15-10.15.41:718][  0]LogNetVersion: MicroDoom 1.0.0, NetCL: 13144385, EngineNetVer: 14, GameNetVer: 0 (Checksum: 3039071950)
[2020.09.15-10.15.42:377][  0]LogAISub: UAISubsystem::UAISubsystem AISubsystem (0000019E17461B40), frame # 0
[2020.09.15-10.15.42:377][  0]LogAISub: UAISubsystem::UAISubsystem AIPerceptionSystem (0000019E173AAAC0), frame # 0
[2020.09.15-10.15.42:379][  0]LogAISub: UAISubsystem::UAISubsystem EnvQueryManager (0000019E173F1E00), frame # 0
[2020.09.15-10.15.42:478][  0]LogPackageLocalizationCache: Processed 19 localized package path(s) for 1 prioritized culture(s) in 0.090251 seconds
[2020.09.15-10.15.42:485][  0]LogUObjectArray: 15917 objects as part of root set at end of initial load.
[2020.09.15-10.15.42:485][  0]LogUObjectAllocator: 3965568 out of 0 bytes used by permanent object pool.
[2020.09.15-10.15.42:485][  0]LogUObjectArray: CloseDisregardForGC: 0/0 objects in disregard for GC pool
[2020.09.15-10.15.43:010][  0]LogTcpMessaging: Initializing TcpMessaging bridge
[2020.09.15-10.15.43:017][  0]LogUdpMessaging: Initializing bridge on interface 0.0.0.0:0 to multicast group 230.0.0.1:6666.
[2020.09.15-10.15.43:089][  0]LogLinker: Warning: Failed to load '/Game/ThirdPersonBP/ThirdPersonOverview': Can't find file.
[2020.09.15-10.15.43:090][  0]LogLinker: Warning: Failed to load '/Game/ThirdPersonBP/ThirdPersonOverview': Can't find file.
[2020.09.15-10.15.43:090][  0]LogUObjectGlobals: Warning: Failed to find object 'Class /Game/ThirdPersonBP/ThirdPersonOverview.ThirdPersonOverview_C'
[2020.09.15-10.15.43:186][  0]SourceControl: Source control is disabled
[2020.09.15-10.15.43:186][  0]SourceControl: Source control is disabled
[2020.09.15-10.15.43:192][  0]SourceControl: Source control is disabled
[2020.09.15-10.15.43:197][  0]SourceControl: Source control is disabled
[2020.09.15-10.15.43:214][  0]SourceControl: Source control is disabled
[2020.09.15-10.15.43:578][  0]LogAndroidPermission: UAndroidPermissionCallbackProxy::GetInstance
[2020.09.15-10.15.43:611][  0]LogAudioCaptureCore: Display: No Audio Capture implementations found. Audio input will be silent.
[2020.09.15-10.15.43:611][  0]LogAudioCaptureCore: Display: No Audio Capture implementations found. Audio input will be silent.
[2020.09.15-10.15.43:687][  0]LogOcInput: OculusInput pre-init called
[2020.09.15-10.15.43:703][  0]LogWindows: Failed to load 'OVRPlugin.dll' (GetLastError=126)
[2020.09.15-10.15.43:703][  0]LogWindows: File 'OVRPlugin.dll' does not exist
[2020.09.15-10.15.43:800][  0]LogEngine: Initializing Engine...
[2020.09.15-10.15.43:802][  0]LogHMD: Failed to initialize OpenVR with code 110
[2020.09.15-10.15.43:802][  0]LogMagicLeap: Warning: VR disabled because ZI is not enabled.  To enable, in the editor, Edit -> Project Settings -> Plugins -> Magic Leap Plugin -> Enable Zero Iteration
[2020.09.15-10.15.43:804][  0]LogStats: UGameplayTagsManager::InitializeManager -  0.000 s
[2020.09.15-10.15.44:011][  0]LogInit: Initializing FReadOnlyCVARCache
[2020.09.15-10.15.44:024][  0]LogAIModule: Creating AISystem for world Untitled
[2020.09.15-10.15.44:024][  0]LogAISub: UAISubsystem::UAISubsystem EnvQueryManager (0000019E19A12600), frame # 0
[2020.09.15-10.15.44:024][  0]LogAISub: UAISubsystem::UAISubsystem AIPerceptionSystem (0000019E19A807C0), frame # 0
[2020.09.15-10.15.44:070][  0]LogAudioMixer: Display: Audio Mixer Platform Settings:
[2020.09.15-10.15.44:070][  0]LogAudioMixer: Display: 	Sample Rate:						  48000
[2020.09.15-10.15.44:070][  0]LogAudioMixer: Display: 	Callback Buffer Frame Size Requested: 1024
[2020.09.15-10.15.44:070][  0]LogAudioMixer: Display: 	Callback Buffer Frame Size To Use:	  1024
[2020.09.15-10.15.44:070][  0]LogAudioMixer: Display: 	Number of buffers to queue:			  2
[2020.09.15-10.15.44:070][  0]LogAudioMixer: Display: 	Max Channels (voices):				  32
[2020.09.15-10.15.44:070][  0]LogAudioMixer: Display: 	Number of Async Source Workers:		  0
[2020.09.15-10.15.44:070][  0]LogAudio: Display: AudioDevice MaxSources: 32
[2020.09.15-10.15.44:071][  0]LogAudio: Display: Using built-in audio occlusion.
[2020.09.15-10.15.44:071][  0]LogAudioMixer: Display: Initializing audio mixer.
[2020.09.15-10.15.44:100][  0]LogAudioMixer: Display: 0: FrontLeft
[2020.09.15-10.15.44:100][  0]LogAudioMixer: Display: 1: FrontRight
[2020.09.15-10.15.44:305][  0]LogAudioMixer: Display: Using Audio Device Динамики (Realtek High Definition Audio)
[2020.09.15-10.15.44:315][  0]LogAudioMixer: Display: Initializing Sound Submixes...
[2020.09.15-10.15.44:318][  0]LogAudioMixer: Display: Creating Master Submix 'MasterSubmixDefault'
[2020.09.15-10.15.44:318][  0]LogAudioMixer: Display: Creating Master Submix 'MasterReverbSubmixDefault'
[2020.09.15-10.15.44:321][  0]LogAudioMixer: Display: Creating Master Submix 'MasterEQSubmixDefault'
[2020.09.15-10.15.44:322][  0]LogInit: FAudioDevice initialized.
[2020.09.15-10.15.44:323][  0]LogNetVersion: Set ProjectVersion to 1.0.0.0. Version Checksum will be recalculated on next use.
[2020.09.15-10.15.44:463][  0]LogDerivedDataCache: Saved boot cache 0.14s 76MB C:/Users/danil/AppData/Local/UnrealEngine/4.25/DerivedDataCache/Boot.ddc.
[2020.09.15-10.15.44:470][  0]LogInit: Texture streaming: Enabled
[2020.09.15-10.15.44:493][  0]LogEngineSessionManager: EngineSessionManager initialized
[2020.09.15-10.15.44:493][  0]LogEditorSessionSummary: Verbose: Initializing EditorSessionSummaryWriter for editor session tracking
[2020.09.15-10.15.44:495][  0]LogEditorSessionSummary: EditorSessionSummaryWriter initialized
[2020.09.15-10.15.44:583][  0]LogInit: Transaction tracking system initialized
[2020.09.15-10.15.44:616][  0]BlueprintLog: New page: Editor Load
[2020.09.15-10.15.44:716][  0]LocalizationService: Localization service is disabled
[2020.09.15-10.15.44:942][  0]LogCook: Display: Max memory allowance for cook 16384mb min free memory 0mb
[2020.09.15-10.15.44:942][  0]LogCook: Display: Mobile HDR setting 1
[2020.09.15-10.15.45:118][  0]LogFileCache: Scanning file cache for directory 'C:/Projects/MicroDoomRep/MicroDoom/Content/' took 0.01s
[2020.09.15-10.15.45:439][  0]SourceControl: Source control is disabled
[2020.09.15-10.15.45:439][  0]LogUnrealEdMisc: Loading editor; pre map load, took 9.908
[2020.09.15-10.15.45:439][  0]Cmd: MAP LOAD FILE="../../../../../../Projects/MicroDoomRep/MicroDoom/Content/MicroDoom/Maps/TestMap.umap" TEMPLATE=0 SHOWPROGRESS=1 FEATURELEVEL=3
[2020.09.15-10.15.45:439][  0]LightingResults: New page: Lighting Build
[2020.09.15-10.15.45:440][  0]LogWorld: UWorld::CleanupWorld for Untitled, bSessionEnded=true, bCleanupResources=true
[2020.09.15-10.15.45:440][  0]LogSlate: InvalidateAllWidgets triggered.  All widgets were invalidated
[2020.09.15-10.15.45:441][  0]MapCheck: New page: Map Check
[2020.09.15-10.15.45:441][  0]LightingResults: New page: Lighting Build
[2020.09.15-10.15.45:453][  0]LogAISub: UAISubsystem::~UAISubsystem EnvQueryManager (0000019E19A12600), frame # 0
[2020.09.15-10.15.45:453][  0]LogAISub: UAISubsystem::~UAISubsystem AIPerceptionSystem (0000019E19A807C0), frame # 0
[2020.09.15-10.15.45:454][  0]LogUObjectHash: Compacting FUObjectHashTables data took   1.62ms
[2020.09.15-10.15.45:601][  0]LogAIModule: Creating AISystem for world TestMap
[2020.09.15-10.15.45:601][  0]LogAISub: UAISubsystem::UAISubsystem EnvQueryManager (0000019E0A524A00), frame # 0
[2020.09.15-10.15.45:601][  0]LogAISub: UAISubsystem::UAISubsystem AIPerceptionSystem (0000019E0A50B880), frame # 0
[2020.09.15-10.15.45:606][  0]LogEditorServer: Finished looking for orphan Actors (0.000 secs)
[2020.09.15-10.15.45:626][  0]LogUObjectHash: Compacting FUObjectHashTables data took   1.03ms
[2020.09.15-10.15.45:627][  0]Cmd: MAP CHECKDEP NOCLEARLOG
[2020.09.15-10.15.45:628][  0]MapCheck: Map check complete: 0 Error(s), 0 Warning(s), took 0,242ms to complete.
[2020.09.15-10.15.45:628][  0]LogFileHelpers: Loading map 'TestMap' took 0.189
[2020.09.15-10.15.45:631][  0]LogUnrealEdMisc: Total Editor Startup Time, took 10.100
[2020.09.15-10.15.45:802][  0]LogSlate: Updating window title bar state: overlay mode, drag disabled, window buttons hidden, title bar hidden
[2020.09.15-10.15.45:816][  0]LogSlate: Updating window title bar state: overlay mode, drag disabled, window buttons hidden, title bar hidden
[2020.09.15-10.15.45:828][  0]LogSlate: Updating window title bar state: overlay mode, drag disabled, window buttons hidden, title bar hidden
[2020.09.15-10.15.45:841][  0]LogSlate: Updating window title bar state: overlay mode, drag disabled, window buttons hidden, title bar hidden
[2020.09.15-10.15.45:856][  0]LogCollectionManager: Loaded 0 collections in 0.002450 seconds
[2020.09.15-10.15.45:879][  0]LogFileCache: Scanning file cache for directory 'C:/Projects/MicroDoomRep/MicroDoom/Saved/Collections/' took 0.00s
[2020.09.15-10.15.45:880][  0]LogFileCache: Scanning file cache for directory 'C:/Projects/MicroDoomRep/MicroDoom/Content/Developers/danil/Collections/' took 0.00s
[2020.09.15-10.15.45:880][  0]LogFileCache: Scanning file cache for directory 'C:/Projects/MicroDoomRep/MicroDoom/Content/Collections/' took 0.00s
[2020.09.15-10.15.45:880][  0]LogContentBrowser: Native class hierarchy populated in 0.0149 seconds. Added 3428 classes and 823 folders.
[2020.09.15-10.15.45:883][  0]LogContentBrowser: Native class hierarchy updated for 'WidgetCarousel' in 0.0005 seconds. Added 0 classes and 0 folders.
[2020.09.15-10.15.45:965][  0]LogContentBrowser: Native class hierarchy updated for 'AddContentDialog' in 0.0004 seconds. Added 0 classes and 0 folders.
[2020.09.15-10.15.46:678][  0]LogSlate: Took 0.000412 seconds to synchronously load lazily loaded font '../../../Engine/Content/Slate/Fonts/Roboto-Regular.ttf' (155K)
[2020.09.15-10.15.46:690][  0]LogSlate: Took 0.000230 seconds to synchronously load lazily loaded font '../../../Engine/Content/Slate/Fonts/Roboto-Bold.ttf' (160K)
[2020.09.15-10.15.46:695][  0]LogSlate: Took 0.000404 seconds to synchronously load lazily loaded font '../../../Engine/Content/Editor/Slate/Fonts/FontAwesome.ttf' (139K)
[2020.09.15-10.15.46:810][  0]LogRenderer: Reallocating scene render targets to support 1184x636 Format 10 NumSamples 1 (Frame:1).
[2020.09.15-10.15.47:046][  0]LogContentBrowser: Native class hierarchy updated for 'HierarchicalLODOutliner' in 0.0041 seconds. Added 0 classes and 0 folders.
[2020.09.15-10.15.47:048][  0]LogLoad: (Engine Initialization) Total time: 11.52 seconds
[2020.09.15-10.15.47:048][  0]LogLoad: (Engine Initialization) Total Blueprint compile time: 0.00 seconds
[2020.09.15-10.15.47:340][  0]LogAssetRegistry: Asset discovery search completed in 6.1397 seconds
[2020.09.15-10.15.47:348][  0]LogCollectionManager: Fixed up redirectors for 0 collections in 0.000018 seconds (updated 0 objects)
[2020.09.15-10.15.47:350][  0]LogContentStreaming: Texture pool size now 1000 MB
[2020.09.15-10.15.47:390][  0]LogSlate: Took 0.000203 seconds to synchronously load lazily loaded font '../../../Engine/Content/Slate/Fonts/Roboto-Light.ttf' (167K)
[2020.09.15-10.15.48:194][ 13]LogSlate: Took 0.000242 seconds to synchronously load lazily loaded font '../../../Engine/Content/Slate/Fonts/Roboto-Light.ttf' (167K)
[2020.09.15-10.15.50:721][105]LogAssetEditorSubsystem: Opening Asset editor for Blueprint /Game/MicroDoom/Core/Characters/BP_BaseCharacter.BP_BaseCharacter
[2020.09.15-10.15.51:496][105]LogContentBrowser: Native class hierarchy updated for 'BlueprintGraph' in 0.0008 seconds. Added 125 classes and 0 folders.
[2020.09.15-10.15.52:903][105]LogAssetEditorSubsystem: Opening Asset editor for Blueprint /Game/MicroDoom/Characters/BP_Hero.BP_Hero
[2020.09.15-10.15.53:421][105]LogSlate: Took 0.000291 seconds to synchronously load lazily loaded font '../../../Engine/Content/Slate/Fonts/Roboto-BoldCondensed.ttf' (158K)
[2020.09.15-10.15.55:055][161]LogSlate: Took 0.009498 seconds to synchronously load lazily loaded font '../../../Engine/Content/Slate/Fonts/Roboto-Italic.ttf' (157K)
[2020.09.15-10.15.56:126][207]LogSlate: Window 'BP_Hero' being destroyed
[2020.09.15-10.16.16:180][366]Candidate modules for hot reload:
[2020.09.15-10.16.16:180][366]  MicroDoom
[2020.09.15-10.16.16:181][366]Launching UnrealBuildTool... [C:/Games/Epic Games/UE_4.25/Engine/Binaries/DotNET/UnrealBuildTool.exe  -ModuleWithSuffix=MicroDoom,7929 MicroDoomEditor Win64 Development -Project="C:/Projects/MicroDoomRep/MicroDoom/MicroDoom.uproject" "C:/Projects/MicroDoomRep/MicroDoom/MicroDoom.uproject"  -IgnoreJunk]
[2020.09.15-10.16.16:187][366]Warning: Starting HotReload took  0.0s.
[2020.09.15-10.16.27:301][834]CompilerResultsLog: New page: Compilation - 15 сент. 2020 г., 16:16:27
[2020.09.15-10.16.27:301][834]CompilerResultsLog: Using 'git status' to determine working set for adaptive non-unity build (C:\Projects\MicroDoomRep).
[2020.09.15-10.16.27:301][834]CompilerResultsLog: Building MicroDoomEditor...
[2020.09.15-10.16.27:301][834]CompilerResultsLog: Using Visual Studio 2019 14.27.29111 toolchain (C:\Program Files (x86)\Microsoft Visual Studio\2019\Community\VC\Tools\MSVC\14.27.29110) and Windows 10.0.17763.0 SDK (C:\Program Files (x86)\Windows Kits\10).
[2020.09.15-10.16.27:302][834]CompilerResultsLog: Building 3 actions with 4 processes...
[2020.09.15-10.16.27:302][834]CompilerResultsLog:   [1/3] UE4Editor-MicroDoom-7929.lib
[2020.09.15-10.16.27:302][834]CompilerResultsLog:      Creating library C:\Projects\MicroDoomRep\MicroDoom\Intermediate\Build\Win64\UE4Editor\Development\MicroDoom\UE4Editor-MicroDoom-7929.lib and object C:\Projects\MicroDoomRep\MicroDoom\Intermediate\Build\Win64\UE4Editor\Development\MicroDoom\UE4Editor-MicroDoom-7929.exp
[2020.09.15-10.16.27:302][834]CompilerResultsLog:   [2/3] UE4Editor-MicroDoom-7929.dll
[2020.09.15-10.16.27:302][834]CompilerResultsLog:      Creating library C:\Projects\MicroDoomRep\MicroDoom\Intermediate\Build\Win64\UE4Editor\Development\MicroDoom\UE4Editor-MicroDoom-7929.suppressed.lib and object C:\Projects\MicroDoomRep\MicroDoom\Intermediate\Build\Win64\UE4Editor\Development\MicroDoom\UE4Editor-MicroDoom-7929.suppressed.exp
[2020.09.15-10.16.27:302][834]CompilerResultsLog:   [3/3] MicroDoomEditor.target
[2020.09.15-10.16.27:302][834]CompilerResultsLog: Total time in Parallel executor: 7,79 seconds
[2020.09.15-10.16.27:302][834]CompilerResultsLog: Total execution time: 10,79 seconds
[2020.09.15-10.16.27:302][834]LogMainFrame: MainFrame: Module compiling took 11.131 seconds
[2020.09.15-10.16.27:371][834]LogContentBrowser: Native class hierarchy updated for 'MicroDoom' in 0.0008 seconds. Added 1 classes and 2 folders.
[2020.09.15-10.16.27:376][834]Display: HotReload successful (0 functions remapped  0 scriptstructs remapped)
[2020.09.15-10.16.27:495][834]LogContentBrowser: Native class hierarchy populated in 0.0140 seconds. Added 3428 classes and 823 folders.
[2020.09.15-10.16.27:496][834]Display: HotReload took 11.3s.
[2020.09.15-10.16.29:111][877]LogTemp: Repeating last play command: Selected Viewport
[2020.09.15-10.16.29:144][877]LogPlayLevel: PlayLevel: No blueprints needed recompiling
[2020.09.15-10.16.29:145][877]PIE: New page: PIE session: TestMap (15 сент. 2020 г., 16:16:29)
[2020.09.15-10.16.29:148][877]LogOnline: OSS: Creating online subsystem instance for: NULL
[2020.09.15-10.16.29:150][877]LogOnline: OSS: TryLoadSubsystemAndSetDefault: Loaded subsystem for module [NULL]
[2020.09.15-10.16.29:152][877]LogPlayLevel: Creating play world package: /Game/MicroDoom/Maps/UEDPIE_0_TestMap
[2020.09.15-10.16.29:155][877]LogPlayLevel: PIE: StaticDuplicateObject took: (0.002789s)
[2020.09.15-10.16.29:160][877]LogAIModule: Creating AISystem for world TestMap
[2020.09.15-10.16.29:160][877]LogAISub: UAISubsystem::UAISubsystem EnvQueryManager (0000019E47C24400), frame # 1877
[2020.09.15-10.16.29:160][877]LogAISub: UAISubsystem::UAISubsystem AIPerceptionSystem (0000019E36AD3B00), frame # 1877
[2020.09.15-10.16.29:160][877]LogPlayLevel: PIE: World Init took: (0.005678s)
[2020.09.15-10.16.29:161][877]LogPlayLevel: PIE: Created PIE world by copying editor world from /Game/MicroDoom/Maps/TestMap.TestMap to /Game/MicroDoom/Maps/UEDPIE_0_TestMap.TestMap (0.008999s)
[2020.09.15-10.16.29:230][877]LogUObjectHash: Compacting FUObjectHashTables data took   4.02ms
[2020.09.15-10.16.29:233][877]LogAudioMixer: Display: Audio Mixer Platform Settings:
[2020.09.15-10.16.29:233][877]LogAudioMixer: Display: 	Sample Rate:						  48000
[2020.09.15-10.16.29:233][877]LogAudioMixer: Display: 	Callback Buffer Frame Size Requested: 1024
[2020.09.15-10.16.29:233][877]LogAudioMixer: Display: 	Callback Buffer Frame Size To Use:	  1024
[2020.09.15-10.16.29:233][877]LogAudioMixer: Display: 	Number of buffers to queue:			  2
[2020.09.15-10.16.29:233][877]LogAudioMixer: Display: 	Max Channels (voices):				  32
[2020.09.15-10.16.29:233][877]LogAudioMixer: Display: 	Number of Async Source Workers:		  0
[2020.09.15-10.16.29:234][877]LogAudio: Display: AudioDevice MaxSources: 32
[2020.09.15-10.16.29:234][877]LogAudio: Display: Using built-in audio occlusion.
[2020.09.15-10.16.29:234][877]LogAudioMixer: Display: Initializing audio mixer.
[2020.09.15-10.16.29:240][877]LogAudioMixer: Display: 0: FrontLeft
[2020.09.15-10.16.29:240][877]LogAudioMixer: Display: 1: FrontRight
[2020.09.15-10.16.29:322][877]LogAudioMixer: Display: Using Audio Device Динамики (Realtek High Definition Audio)
[2020.09.15-10.16.29:323][877]LogAudioMixer: Display: Initializing Sound Submixes...
[2020.09.15-10.16.29:323][877]LogAudioMixer: Display: Creating Master Submix 'MasterSubmixDefault'
[2020.09.15-10.16.29:323][877]LogAudioMixer: Display: Creating Master Submix 'MasterReverbSubmixDefault'
[2020.09.15-10.16.29:324][877]LogAudioMixer: Display: Creating Master Submix 'MasterEQSubmixDefault'
[2020.09.15-10.16.29:348][877]LogInit: FAudioDevice initialized.
[2020.09.15-10.16.29:362][877]LogLoad: Game class is 'BP_MicroDoomGameMode_C'
[2020.09.15-10.16.29:369][877]LogWorld: Bringing World /Game/MicroDoom/Maps/UEDPIE_0_TestMap.TestMap up for play (max tick rate 60) at 2020.09.15-13.16.29
[2020.09.15-10.16.29:369][877]LogWorld: Bringing up level for play took: 0.001454
[2020.09.15-10.16.29:370][877]LogOnline: OSS: Creating online subsystem instance for: :Context_5
[2020.09.15-10.16.29:420][877]LogContentBrowser: Native class hierarchy updated for 'MovieSceneCapture' in 0.0005 seconds. Added 20 classes and 0 folders.
[2020.09.15-10.16.29:427][877]PIE: Server logged in
[2020.09.15-10.16.29:430][877]PIE: Play in editor total start time 0,292 seconds.
[2020.09.15-10.16.30:776][914]LogSlate: Updating window title bar state: overlay mode, drag disabled, window buttons hidden, title bar hidden
[2020.09.15-10.16.30:776][914]LogWorld: BeginTearingDown for /Game/MicroDoom/Maps/UEDPIE_0_TestMap
[2020.09.15-10.16.30:777][914]LogWorld: UWorld::CleanupWorld for TestMap, bSessionEnded=true, bCleanupResources=true
[2020.09.15-10.16.30:777][914]LogSlate: InvalidateAllWidgets triggered.  All widgets were invalidated
[2020.09.15-10.16.30:791][914]LogPlayLevel: Display: Shutting down PIE online subsystems
[2020.09.15-10.16.30:798][914]LogSlate: InvalidateAllWidgets triggered.  All widgets were invalidated
[2020.09.15-10.16.30:832][914]LogSlate: Updating window title bar state: overlay mode, drag disabled, window buttons hidden, title bar hidden
[2020.09.15-10.16.30:907][914]LogAISub: UAISubsystem::~UAISubsystem EnvQueryManager (0000019E47C24400), frame # 1914
[2020.09.15-10.16.30:907][914]LogAISub: UAISubsystem::~UAISubsystem AIPerceptionSystem (0000019E36AD3B00), frame # 1914
[2020.09.15-10.16.30:912][914]LogUObjectHash: Compacting FUObjectHashTables data took   5.00ms
[2020.09.15-10.16.30:954][915]LogPlayLevel: Display: Destroying online subsystem :Context_5
[2020.09.15-10.16.32:998][  4]LogTemp: Repeating last play command: Selected Viewport
[2020.09.15-10.16.33:024][  4]LogPlayLevel: PlayLevel: No blueprints needed recompiling
[2020.09.15-10.16.33:024][  4]PIE: New page: PIE session: TestMap (15 сент. 2020 г., 16:16:33)
[2020.09.15-10.16.33:025][  4]LogPlayLevel: Creating play world package: /Game/MicroDoom/Maps/UEDPIE_0_TestMap
[2020.09.15-10.16.33:027][  4]LogPlayLevel: PIE: StaticDuplicateObject took: (0.002289s)
[2020.09.15-10.16.33:028][  4]LogAIModule: Creating AISystem for world TestMap
[2020.09.15-10.16.33:028][  4]LogAISub: UAISubsystem::UAISubsystem EnvQueryManager (0000019E89A05C00), frame # 2004
[2020.09.15-10.16.33:029][  4]LogAISub: UAISubsystem::UAISubsystem AIPerceptionSystem (0000019E8EB70900), frame # 2004
[2020.09.15-10.16.33:029][  4]LogPlayLevel: PIE: World Init took: (0.002186s)
[2020.09.15-10.16.33:029][  4]LogPlayLevel: PIE: Created PIE world by copying editor world from /Game/MicroDoom/Maps/TestMap.TestMap to /Game/MicroDoom/Maps/UEDPIE_0_TestMap.TestMap (0.004716s)
[2020.09.15-10.16.33:068][  4]LogUObjectHash: Compacting FUObjectHashTables data took   3.53ms
[2020.09.15-10.16.33:070][  4]LogAudioMixer: Display: Audio Mixer Platform Settings:
[2020.09.15-10.16.33:070][  4]LogAudioMixer: Display: 	Sample Rate:						  48000
[2020.09.15-10.16.33:071][  4]LogAudioMixer: Display: 	Callback Buffer Frame Size Requested: 1024
[2020.09.15-10.16.33:071][  4]LogAudioMixer: Display: 	Callback Buffer Frame Size To Use:	  1024
[2020.09.15-10.16.33:071][  4]LogAudioMixer: Display: 	Number of buffers to queue:			  2
[2020.09.15-10.16.33:071][  4]LogAudioMixer: Display: 	Max Channels (voices):				  32
[2020.09.15-10.16.33:071][  4]LogAudioMixer: Display: 	Number of Async Source Workers:		  0
[2020.09.15-10.16.33:071][  4]LogAudio: Display: AudioDevice MaxSources: 32
[2020.09.15-10.16.33:071][  4]LogAudio: Display: Using built-in audio occlusion.
[2020.09.15-10.16.33:071][  4]LogAudioMixer: Display: Initializing audio mixer.
[2020.09.15-10.16.33:077][  4]LogAudioMixer: Display: 0: FrontLeft
[2020.09.15-10.16.33:077][  4]LogAudioMixer: Display: 1: FrontRight
[2020.09.15-10.16.33:161][  4]LogAudioMixer: Display: Using Audio Device Динамики (Realtek High Definition Audio)
[2020.09.15-10.16.33:162][  4]LogAudioMixer: Display: Initializing Sound Submixes...
[2020.09.15-10.16.33:162][  4]LogAudioMixer: Display: Creating Master Submix 'MasterSubmixDefault'
[2020.09.15-10.16.33:162][  4]LogAudioMixer: Display: Creating Master Submix 'MasterReverbSubmixDefault'
[2020.09.15-10.16.33:163][  4]LogAudioMixer: Display: Creating Master Submix 'MasterEQSubmixDefault'
[2020.09.15-10.16.33:188][  4]LogInit: FAudioDevice initialized.
[2020.09.15-10.16.33:196][  4]LogLoad: Game class is 'BP_MicroDoomGameMode_C'
[2020.09.15-10.16.33:198][  4]LogWorld: Bringing World /Game/MicroDoom/Maps/UEDPIE_0_TestMap.TestMap up for play (max tick rate 60) at 2020.09.15-13.16.33
[2020.09.15-10.16.33:198][  4]LogWorld: Bringing up level for play took: 0.000835
[2020.09.15-10.16.33:198][  4]LogOnline: OSS: Creating online subsystem instance for: :Context_6
[2020.09.15-10.16.33:202][  4]PIE: Server logged in
[2020.09.15-10.16.33:204][  4]PIE: Play in editor total start time 0,181 seconds.
[2020.09.15-10.16.38:884][294]LogSlate: Updating window title bar state: overlay mode, drag disabled, window buttons hidden, title bar hidden
[2020.09.15-10.16.38:885][294]LogWorld: BeginTearingDown for /Game/MicroDoom/Maps/UEDPIE_0_TestMap
[2020.09.15-10.16.38:885][294]LogWorld: UWorld::CleanupWorld for TestMap, bSessionEnded=true, bCleanupResources=true
[2020.09.15-10.16.38:885][294]LogSlate: InvalidateAllWidgets triggered.  All widgets were invalidated
[2020.09.15-10.16.38:892][294]LogPlayLevel: Display: Shutting down PIE online subsystems
[2020.09.15-10.16.38:898][294]LogSlate: InvalidateAllWidgets triggered.  All widgets were invalidated
[2020.09.15-10.16.38:963][294]LogSlate: Updating window title bar state: overlay mode, drag disabled, window buttons hidden, title bar hidden
[2020.09.15-10.16.38:964][294]LogAISub: UAISubsystem::~UAISubsystem AIPerceptionSystem (0000019E8EB70900), frame # 2294
[2020.09.15-10.16.38:964][294]LogAISub: UAISubsystem::~UAISubsystem EnvQueryManager (0000019E89A05C00), frame # 2294
[2020.09.15-10.16.38:968][294]LogUObjectHash: Compacting FUObjectHashTables data took   3.48ms
[2020.09.15-10.16.39:010][295]LogPlayLevel: Display: Destroying online subsystem :Context_6
[2020.09.15-10.17.17:294][988]LogAudioMixer: Warning: Changing default audio render device to new device: {0.0.0.00000000}.{44e20506-f16f-4bff-99a7-1b8efdd7ad88}.
[2020.09.15-10.17.17:310][988]LogTemp: Resetting audio stream to device id 
[2020.09.15-10.17.17:368][988]LogAudioMixer: Display: 0: FrontLeft
[2020.09.15-10.17.17:369][988]LogAudioMixer: Display: 1: FrontRight
[2020.09.15-10.17.28:419][377]MapCheck: New page: Map Check
[2020.09.15-10.17.28:455][377]Cmd: MAP REBUILD ALLVISIBLE
[2020.09.15-10.17.28:455][377]LogEditorServer: Rebuildmap Clear paths rebuilt
[2020.09.15-10.17.28:590][377]LogWorld: UWorld::CleanupWorld for TestMap, bSessionEnded=true, bCleanupResources=false
[2020.09.15-10.17.28:608][377]LogNavigationDataBuild: Display: UNavigationSystemV1::Build started...
[2020.09.15-10.17.28:608][377]LogNavigationDataBuild: Display:    Building navigation data using PHYSICS_INTERFACE_PHYSX.
[2020.09.15-10.17.28:608][377]LogNavigationDataBuild: Display:    Building navigation data using WITH_PHYSX.
[2020.09.15-10.17.28:654][377]LogUObjectHash: Compacting FUObjectHashTables data took   3.40ms
[2020.09.15-10.17.28:663][377]LogMaterial: Display: Missing cached shader map for material DebugViewMode MaterialTexCoordScale, compiling. 
[2020.09.15-10.17.28:676][377]LogMaterial: Display: Missing cached shader map for material DebugViewMode MaterialTexCoordScale, compiling. 
[2020.09.15-10.17.28:678][377]LogMaterial: Display: Missing cached shader map for material DebugViewMode MaterialTexCoordScale, compiling. 
[2020.09.15-10.17.30:433][377]LogShaderCompilers: Display: Worker (1/3): shaders left to compile 4
[2020.09.15-10.17.30:433][377]LogShaderCompilers: Display: Worker (2/3): shaders left to compile 3
[2020.09.15-10.17.30:433][377]LogShaderCompilers: Display: Worker (3/3): shaders left to compile 2
[2020.09.15-10.17.30:433][377]LogShaderCompilers: Display: Worker (3/3): shaders left to compile 3
[2020.09.15-10.17.30:433][377]LogShaderCompilers: Display: Worker (2/3): shaders left to compile 2
[2020.09.15-10.17.30:433][377]LogShaderCompilers: Display: Worker (1/3): shaders left to compile 1
[2020.09.15-10.17.30:433][377]TextureStreamingBuild: Display: Compiling optional shaders took 1.777 seconds.
[2020.09.15-10.17.30:453][377]LogLevel: Display: Export Material TexCoord Scales took 0.020 seconds.
[2020.09.15-10.17.30:459][377]TextureStreamingBuild: Display: Build Texture Streaming took 0.006 seconds.
[2020.09.15-10.17.30:498][377]LogUObjectHash: Compacting FUObjectHashTables data took   0.78ms
[2020.09.15-10.17.30:505][377]LightingResults: New page: Lighting Build - 15 сент. 2020 г., 16:17:30
[2020.09.15-10.17.30:577][377]LogSwarmInterface: [OpenConnection] Registering TCP channel ...
[2020.09.15-10.17.30:664][377]LogSwarmInterface: [OpenConnection] Connecting to agent ...
[2020.09.15-10.17.30:695][377]LogSwarmInterface: [TryOpenConnection] Testing the Agent
[2020.09.15-10.17.31:771][377]LogSwarmInterface: [TryOpenConnection] Opening Connection to Agent
[2020.09.15-10.17.31:771][377]LogSwarmInterface: [TryOpenConnection] Local Process ID is 8724
[2020.09.15-10.17.38:620][377]LogStaticLightingSystem: Warning: No importance volume found, so the scene bounding box was used.  You can optimize your scene's quality and lighting build times by adding importance volumes.
[2020.09.15-10.17.38:621][377]LogStaticLightingSystem: Running Lightmass w/ ImmediateImport mode ENABLED
[2020.09.15-10.17.38:621][377]LogStaticLightingSystem: Running Lightmass w/ ImmediateProcess mode ENABLED
[2020.09.15-10.17.38:621][377]LogStaticLightingSystem: Running Lightmass w/ Sorting mode ENABLED
[2020.09.15-10.17.38:621][377]LogStaticLightingSystem: Running Lightmass w/ Mapping paddings ENABLED
[2020.09.15-10.17.38:621][377]LogStaticLightingSystem: Running Lightmass w/ Mapping debug paddings DISABLED
[2020.09.15-10.17.38:897][377]Cmd: MAP CHECK DONTDISPLAYDIALOG
[2020.09.15-10.17.38:897][377]MapCheck: New page: TestMap - 15 сент. 2020 г., 16:17:38
[2020.09.15-10.17.38:898][377]MapCheck: Error: WorldSettings Maps need lighting rebuilt 
[2020.09.15-10.17.38:900][377]MapCheck: Map check complete: 1 Error(s), 0 Warning(s), took 2,963ms to complete.
[2020.09.15-10.17.38:903][377]LogEditorBuildUtils: Build time 0:10
[2020.09.15-10.17.39:643][377]LogSlate: Took 0.010025 seconds to synchronously load lazily loaded font '../../../Engine/Content/Slate/Fonts/DroidSansMono.ttf' (77K)
[2020.09.15-10.17.39:695][378]LogMaterial: Display: Missing cached shader map for material FLightmassMaterialRenderer M_Basic_Wall, compiling. 
[2020.09.15-10.17.39:706][378]LogMaterial: Display: Missing cached shader map for material FLightmassMaterialRenderer M_Basic_Wall, compiling. 
[2020.09.15-10.17.39:740][378]LogShaderCompilers: Display: Worker (1/3): shaders left to compile 4
[2020.09.15-10.17.39:740][378]LogShaderCompilers: Display: Worker (2/3): shaders left to compile 2
[2020.09.15-10.17.41:251][384]LogUObjectHash: Compacting FUObjectHashTables data took   4.39ms
[2020.09.15-10.17.46:042][521]Job is a success!
[2020.09.15-10.17.46:219][522]LogVolumetricLightmapImport: Imported Volumetric Lightmap in 0.016s
[2020.09.15-10.17.46:219][522]LogVolumetricLightmapImport:      Indirection Texture 16x16x16 = 0.0Mb
[2020.09.15-10.17.46:219][522]LogVolumetricLightmapImport:      BrickData (all levels) 0.2Mb
[2020.09.15-10.17.46:219][522]LogVolumetricLightmapImport:      Bricks at depth
[2020.09.15-10.17.46:219][522]LogVolumetricLightmapImport:          0: 2.4% covering 100.0% of volume
[2020.09.15-10.17.46:219][522]LogVolumetricLightmapImport:          1: 9.8% covering 6.2% of volume
[2020.09.15-10.17.46:219][522]LogVolumetricLightmapImport:          2: 87.8% covering 0.9% of volume
[2020.09.15-10.17.46:219][522]LogVolumetricLightmapImport:      Bricks in each level
[2020.09.15-10.17.46:219][522]LogVolumetricLightmapImport:          TestMap 			 41 bricks 	 100.0% (Persistent Level)
[2020.09.15-10.17.46:341][522]LogTexture: Display: Building textures: SkyOcclusion1_1 (AutoDXT, 256X128)
[2020.09.15-10.17.46:341][522]LogTexture: Display: Building textures: HQ_Lightmap1_1 (AutoDXT, 256X256)
[2020.09.15-10.17.46:341][522]LogTexture: Display: Building textures: LQ_Lightmap_1_1 (DXT1, 256X256)
[2020.09.15-10.17.46:341][522]LogTexture: Display: Building textures: SkyOcclusion1_2 (AutoDXT, 64X32)
[2020.09.15-10.17.46:341][522]LogTexture: Display: Building textures: HQ_Lightmap1_2 (AutoDXT, 64X64)
[2020.09.15-10.17.46:341][522]LogTexture: Display: Building textures: LQ_Lightmap_1_2 (DXT1, 64X64)
[2020.09.15-10.17.46:341][522]LogTexture: Display: Building textures: ShadowMapTexture2D_3 (G8, 32X32)
[2020.09.15-10.17.46:341][522]LogTexture: Display: Building textures: ShadowMapTexture2D_2 (G8, 256X128)
[2020.09.15-10.17.46:341][522]LogStaticLightingSystem: TestMap_BuiltData storing lightmap data for 6 meshes in 2 LightmapResourceClusters (3.0 Meshes per cluster).
[2020.09.15-10.17.46:390][522]Lightmass on DESKTOP-TMALALQ: 3.74 sec total, 777 ms importing, 176 ms setup, 379 ms photons, 1.94 sec processing, 0 ms extra exporting [6/6 mappings]. Threads: 7.79 sec total, 1.30 sec processing.
[2020.09.15-10.17.46:412][522]LogUObjectHash: Compacting FUObjectHashTables data took   3.07ms
[2020.09.15-10.17.46:526][522]LogStaticLightingSystem: Illumination: 15.9 sec (45 ms encoding lightmaps, 38 ms encoding shadowmaps)
[2020.09.15-10.17.46:526][522]LogStaticLightingSystem: Lightmap texture memory:  0.2 MB (0.2 MB streaming, 0.0 MB non-streaming), 4 textures
[2020.09.15-10.17.46:526][522]LogStaticLightingSystem: Shadowmap texture memory: 0.0 MB (0.0 MB streaming, 0.0 MB non-streaming), 2 textures
[2020.09.15-10.17.46:632][522]DumpUnbuiltLightIteractions
[2020.09.15-10.17.46:632][522]Lights with unbuilt interactions: 0
[2020.09.15-10.17.46:632][522]
[2020.09.15-10.17.46:632][522]Primitives with unbuilt interactions: 0
[2020.09.15-10.17.46:779][523]Cmd: MAP CHECK NOTIFYRESULTS
[2020.09.15-10.17.46:780][523]MapCheck: New page: TestMap - 15 сент. 2020 г., 16:17:46
[2020.09.15-10.17.46:781][523]MapCheck: Map check complete: 0 Error(s), 0 Warning(s), took 1,633ms to complete.
[2020.09.15-10.17.51:128][703]LogSlate: Window 'Message Log' being destroyed
[2020.09.15-10.17.51:147][703]LogSlate: Window 'Message Log' being destroyed
[2020.09.15-10.19.05:395][941]LogTemp: Repeating last play command: Selected Viewport
[2020.09.15-10.19.05:421][941]LogPlayLevel: PlayLevel: No blueprints needed recompiling
[2020.09.15-10.19.05:422][941]PIE: New page: PIE session: TestMap (15 сент. 2020 г., 16:19:05)
[2020.09.15-10.19.05:422][941]LogPlayLevel: Creating play world package: /Game/MicroDoom/Maps/UEDPIE_0_TestMap
[2020.09.15-10.19.05:424][941]LogPlayLevel: PIE: StaticDuplicateObject took: (0.002977s)
[2020.09.15-10.19.05:426][941]LogAIModule: Creating AISystem for world TestMap
[2020.09.15-10.19.05:426][941]LogAISub: UAISubsystem::UAISubsystem EnvQueryManager (0000019E2F913E00), frame # 8941
[2020.09.15-10.19.05:426][941]LogAISub: UAISubsystem::UAISubsystem AIPerceptionSystem (0000019E47E2DBC0), frame # 8941
[2020.09.15-10.19.05:426][941]LogPlayLevel: PIE: World Init took: (0.002106s)
[2020.09.15-10.19.05:427][941]LogPlayLevel: PIE: Created PIE world by copying editor world from /Game/MicroDoom/Maps/TestMap.TestMap to /Game/MicroDoom/Maps/UEDPIE_0_TestMap.TestMap (0.005679s)
[2020.09.15-10.19.05:465][941]LogUObjectHash: Compacting FUObjectHashTables data took   3.34ms
[2020.09.15-10.19.05:470][941]LogAudioMixer: Display: Audio Mixer Platform Settings:
[2020.09.15-10.19.05:470][941]LogAudioMixer: Display: 	Sample Rate:						  48000
[2020.09.15-10.19.05:470][941]LogAudioMixer: Display: 	Callback Buffer Frame Size Requested: 1024
[2020.09.15-10.19.05:470][941]LogAudioMixer: Display: 	Callback Buffer Frame Size To Use:	  1024
[2020.09.15-10.19.05:470][941]LogAudioMixer: Display: 	Number of buffers to queue:			  2
[2020.09.15-10.19.05:470][941]LogAudioMixer: Display: 	Max Channels (voices):				  32
[2020.09.15-10.19.05:470][941]LogAudioMixer: Display: 	Number of Async Source Workers:		  0
[2020.09.15-10.19.05:470][941]LogAudio: Display: AudioDevice MaxSources: 32
[2020.09.15-10.19.05:471][941]LogAudio: Display: Using built-in audio occlusion.
[2020.09.15-10.19.05:471][941]LogAudioMixer: Display: Initializing audio mixer.
[2020.09.15-10.19.05:478][941]LogAudioMixer: Display: 0: FrontLeft
[2020.09.15-10.19.05:478][941]LogAudioMixer: Display: 1: FrontRight
[2020.09.15-10.19.05:570][941]LogAudioMixer: Display: Using Audio Device Динамики (Realtek High Definition Audio)
[2020.09.15-10.19.05:571][941]LogAudioMixer: Display: Initializing Sound Submixes...
[2020.09.15-10.19.05:572][941]LogAudioMixer: Display: Creating Master Submix 'MasterSubmixDefault'
[2020.09.15-10.19.05:572][941]LogAudioMixer: Display: Creating Master Submix 'MasterReverbSubmixDefault'
[2020.09.15-10.19.05:573][941]LogAudioMixer: Display: Creating Master Submix 'MasterEQSubmixDefault'
[2020.09.15-10.19.05:601][941]LogInit: FAudioDevice initialized.
[2020.09.15-10.19.05:613][941]LogLoad: Game class is 'BP_MicroDoomGameMode_C'
[2020.09.15-10.19.05:614][941]LogWorld: Bringing World /Game/MicroDoom/Maps/UEDPIE_0_TestMap.TestMap up for play (max tick rate 60) at 2020.09.15-13.19.05
[2020.09.15-10.19.05:615][941]LogWorld: Bringing up level for play took: 0.000952
[2020.09.15-10.19.05:615][941]LogOnline: OSS: Creating online subsystem instance for: :Context_7
[2020.09.15-10.19.05:620][941]PIE: Server logged in
[2020.09.15-10.19.05:621][941]PIE: Play in editor total start time 0,201 seconds.
[2020.09.15-10.19.08:655][101]LogSlate: Updating window title bar state: overlay mode, drag disabled, window buttons hidden, title bar hidden
[2020.09.15-10.19.08:655][101]LogWorld: BeginTearingDown for /Game/MicroDoom/Maps/UEDPIE_0_TestMap
[2020.09.15-10.19.08:656][101]LogWorld: UWorld::CleanupWorld for TestMap, bSessionEnded=true, bCleanupResources=true
[2020.09.15-10.19.08:656][101]LogSlate: InvalidateAllWidgets triggered.  All widgets were invalidated
[2020.09.15-10.19.08:664][101]LogPlayLevel: Display: Shutting down PIE online subsystems
[2020.09.15-10.19.08:669][101]LogSlate: InvalidateAllWidgets triggered.  All widgets were invalidated
[2020.09.15-10.19.08:734][101]LogSlate: Updating window title bar state: overlay mode, drag disabled, window buttons hidden, title bar hidden
[2020.09.15-10.19.08:735][101]LogAISub: UAISubsystem::~UAISubsystem AIPerceptionSystem (0000019E47E2DBC0), frame # 9101
[2020.09.15-10.19.08:735][101]LogAISub: UAISubsystem::~UAISubsystem EnvQueryManager (0000019E2F913E00), frame # 9101
[2020.09.15-10.19.08:739][101]LogUObjectHash: Compacting FUObjectHashTables data took   3.43ms
[2020.09.15-10.19.08:779][102]LogPlayLevel: Display: Destroying online subsystem :Context_7
[2020.09.15-10.23.32:255][954]LogWindowsTextInputMethodSystem: Display: IME system now deactivated.
[2020.09.15-10.23.32:255][954]LogWindowsTextInputMethodSystem: Display: IME system now deactivated.
[2020.09.15-10.23.32:376][954]LogEditorViewport: Clicking on Actor (LMB): StaticMeshActor (Floor)
[2020.09.15-10.23.39:321][333]LogTemp: Repeating last play command: Selected Viewport
[2020.09.15-10.23.39:348][333]LogPlayLevel: PlayLevel: No blueprints needed recompiling
[2020.09.15-10.23.39:349][333]PIE: New page: PIE session: TestMap (15 сент. 2020 г., 16:23:39)
[2020.09.15-10.23.39:349][333]LogPlayLevel: Creating play world package: /Game/MicroDoom/Maps/UEDPIE_0_TestMap
[2020.09.15-10.23.39:352][333]LogPlayLevel: PIE: StaticDuplicateObject took: (0.002531s)
[2020.09.15-10.23.39:354][333]LogAIModule: Creating AISystem for world TestMap
[2020.09.15-10.23.39:354][333]LogAISub: UAISubsystem::UAISubsystem EnvQueryManager (0000019E9F2C5E00), frame # 10333
[2020.09.15-10.23.39:354][333]LogAISub: UAISubsystem::UAISubsystem AIPerceptionSystem (0000019E8138D440), frame # 10333
[2020.09.15-10.23.39:355][333]LogPlayLevel: PIE: World Init took: (0.002696s)
[2020.09.15-10.23.39:355][333]LogPlayLevel: PIE: Created PIE world by copying editor world from /Game/MicroDoom/Maps/TestMap.TestMap to /Game/MicroDoom/Maps/UEDPIE_0_TestMap.TestMap (0.005472s)
[2020.09.15-10.23.39:401][333]LogUObjectHash: Compacting FUObjectHashTables data took   4.28ms
[2020.09.15-10.23.39:403][333]LogAudioMixer: Display: Audio Mixer Platform Settings:
[2020.09.15-10.23.39:403][333]LogAudioMixer: Display: 	Sample Rate:						  48000
[2020.09.15-10.23.39:403][333]LogAudioMixer: Display: 	Callback Buffer Frame Size Requested: 1024
[2020.09.15-10.23.39:403][333]LogAudioMixer: Display: 	Callback Buffer Frame Size To Use:	  1024
[2020.09.15-10.23.39:403][333]LogAudioMixer: Display: 	Number of buffers to queue:			  2
[2020.09.15-10.23.39:403][333]LogAudioMixer: Display: 	Max Channels (voices):				  32
[2020.09.15-10.23.39:403][333]LogAudioMixer: Display: 	Number of Async Source Workers:		  0
[2020.09.15-10.23.39:403][333]LogAudio: Display: AudioDevice MaxSources: 32
[2020.09.15-10.23.39:404][333]LogAudio: Display: Using built-in audio occlusion.
[2020.09.15-10.23.39:404][333]LogAudioMixer: Display: Initializing audio mixer.
[2020.09.15-10.23.39:412][333]LogAudioMixer: Display: 0: FrontLeft
[2020.09.15-10.23.39:412][333]LogAudioMixer: Display: 1: FrontRight
[2020.09.15-10.23.39:497][333]LogAudioMixer: Display: Using Audio Device Динамики (Realtek High Definition Audio)
[2020.09.15-10.23.39:498][333]LogAudioMixer: Display: Initializing Sound Submixes...
[2020.09.15-10.23.39:498][333]LogAudioMixer: Display: Creating Master Submix 'MasterSubmixDefault'
[2020.09.15-10.23.39:498][333]LogAudioMixer: Display: Creating Master Submix 'MasterReverbSubmixDefault'
[2020.09.15-10.23.39:498][333]LogAudioMixer: Display: Creating Master Submix 'MasterEQSubmixDefault'
[2020.09.15-10.23.39:526][333]LogInit: FAudioDevice initialized.
[2020.09.15-10.23.39:535][333]LogLoad: Game class is 'BP_MicroDoomGameMode_C'
[2020.09.15-10.23.39:537][333]LogWorld: Bringing World /Game/MicroDoom/Maps/UEDPIE_0_TestMap.TestMap up for play (max tick rate 60) at 2020.09.15-13.23.39
[2020.09.15-10.23.39:537][333]LogWorld: Bringing up level for play took: 0.001185
[2020.09.15-10.23.39:538][333]LogOnline: OSS: Creating online subsystem instance for: :Context_8
[2020.09.15-10.23.39:542][333]PIE: Server logged in
[2020.09.15-10.23.39:543][333]PIE: Play in editor total start time 0,195 seconds.
[2020.09.15-10.24.01:724][533]Set new viewmode: Wireframe
[2020.09.15-10.24.02:477][578]Set new viewmode: Wireframe
[2020.09.15-10.24.04:045][669]LogSlate: Updating window title bar state: overlay mode, drag disabled, window buttons hidden, title bar hidden
[2020.09.15-10.24.04:045][669]LogWorld: BeginTearingDown for /Game/MicroDoom/Maps/UEDPIE_0_TestMap
[2020.09.15-10.24.04:045][669]LogWorld: UWorld::CleanupWorld for TestMap, bSessionEnded=true, bCleanupResources=true
[2020.09.15-10.24.04:045][669]LogSlate: InvalidateAllWidgets triggered.  All widgets were invalidated
[2020.09.15-10.24.04:055][669]LogPlayLevel: Display: Shutting down PIE online subsystems
[2020.09.15-10.24.04:061][669]LogSlate: InvalidateAllWidgets triggered.  All widgets were invalidated
[2020.09.15-10.24.04:099][669]LogSlate: Updating window title bar state: overlay mode, drag disabled, window buttons hidden, title bar hidden
[2020.09.15-10.24.04:127][669]LogAISub: UAISubsystem::~UAISubsystem AIPerceptionSystem (0000019E8138D440), frame # 11669
[2020.09.15-10.24.04:127][669]LogAISub: UAISubsystem::~UAISubsystem EnvQueryManager (0000019E9F2C5E00), frame # 11669
[2020.09.15-10.24.04:131][669]LogUObjectHash: Compacting FUObjectHashTables data took   3.38ms
[2020.09.15-10.24.04:173][670]LogPlayLevel: Display: Destroying online subsystem :Context_8
[2020.09.15-10.24.32:977][352]Cmd: OBJ SAVEPACKAGE PACKAGE="/Game/MicroDoom/Maps/TestMap" FILE="../../../../../../Projects/MicroDoomRep/MicroDoom/Content/MicroDoom/Maps/TestMap.umap" SILENT=true AUTOSAVING=false KEEPDIRTY=false
[2020.09.15-10.24.33:023][352]LogUObjectHash: Compacting FUObjectHashTables data took   2.99ms
[2020.09.15-10.24.33:066][352]LogSavePackage: Moving '../../../../../../Projects/MicroDoomRep/MicroDoom/Saved/TestMapB4AB0C044D957D64CE81FF8E5C02D928.tmp' to '../../../../../../Projects/MicroDoomRep/MicroDoom/Content/MicroDoom/Maps/TestMap.umap'
[2020.09.15-10.24.33:119][352]Cmd: OBJ SAVEPACKAGE PACKAGE="/Game/MicroDoom/Maps/TestMap_BuiltData" FILE="../../../../../../Projects/MicroDoomRep/MicroDoom/Content/MicroDoom/Maps/TestMap_BuiltData.uasset" SILENT=true
[2020.09.15-10.24.33:152][352]LogSavePackage: Moving '../../../../../../Projects/MicroDoomRep/MicroDoom/Saved/TestMap_BuiltData1BB1FF594A55F6C31B9A90844A704182.tmp' to '../../../../../../Projects/MicroDoomRep/MicroDoom/Content/MicroDoom/Maps/TestMap_BuiltData.uasset'
[2020.09.15-10.24.33:182][352]AssetCheck: New page: Asset Save: multiple assets
[2020.09.15-10.24.33:182][352]LogContentValidation: Display: Validating World /Game/MicroDoom/Maps/TestMap.TestMap
[2020.09.15-10.24.33:182][352]LogContentValidation: Display: Validating MapBuildDataRegistry /Game/MicroDoom/Maps/TestMap_BuiltData.TestMap_BuiltData
[2020.09.15-10.24.34:769][429]LogTemp: Repeating last play command: Selected Viewport
[2020.09.15-10.24.34:794][429]LogPlayLevel: PlayLevel: No blueprints needed recompiling
[2020.09.15-10.24.34:794][429]PIE: New page: PIE session: TestMap (15 сент. 2020 г., 16:24:34)
[2020.09.15-10.24.34:794][429]LogPlayLevel: Creating play world package: /Game/MicroDoom/Maps/UEDPIE_0_TestMap
[2020.09.15-10.24.34:797][429]LogPlayLevel: PIE: StaticDuplicateObject took: (0.002199s)
[2020.09.15-10.24.34:798][429]LogAIModule: Creating AISystem for world TestMap
[2020.09.15-10.24.34:798][429]LogAISub: UAISubsystem::UAISubsystem EnvQueryManager (0000019E328B0200), frame # 13429
[2020.09.15-10.24.34:799][429]LogAISub: UAISubsystem::UAISubsystem AIPerceptionSystem (0000019E595C9300), frame # 13429
[2020.09.15-10.24.34:799][429]LogPlayLevel: PIE: World Init took: (0.002314s)
[2020.09.15-10.24.34:799][429]LogPlayLevel: PIE: Created PIE world by copying editor world from /Game/MicroDoom/Maps/TestMap.TestMap to /Game/MicroDoom/Maps/UEDPIE_0_TestMap.TestMap (0.004760s)
[2020.09.15-10.24.34:841][429]LogUObjectHash: Compacting FUObjectHashTables data took   4.21ms
[2020.09.15-10.24.34:843][429]LogAudioMixer: Display: Audio Mixer Platform Settings:
[2020.09.15-10.24.34:843][429]LogAudioMixer: Display: 	Sample Rate:						  48000
[2020.09.15-10.24.34:844][429]LogAudioMixer: Display: 	Callback Buffer Frame Size Requested: 1024
[2020.09.15-10.24.34:844][429]LogAudioMixer: Display: 	Callback Buffer Frame Size To Use:	  1024
[2020.09.15-10.24.34:844][429]LogAudioMixer: Display: 	Number of buffers to queue:			  2
[2020.09.15-10.24.34:844][429]LogAudioMixer: Display: 	Max Channels (voices):				  32
[2020.09.15-10.24.34:844][429]LogAudioMixer: Display: 	Number of Async Source Workers:		  0
[2020.09.15-10.24.34:844][429]LogAudio: Display: AudioDevice MaxSources: 32
[2020.09.15-10.24.34:844][429]LogAudio: Display: Using built-in audio occlusion.
[2020.09.15-10.24.34:844][429]LogAudioMixer: Display: Initializing audio mixer.
[2020.09.15-10.24.34:850][429]LogAudioMixer: Display: 0: FrontLeft
[2020.09.15-10.24.34:850][429]LogAudioMixer: Display: 1: FrontRight
[2020.09.15-10.24.34:944][429]LogAudioMixer: Display: Using Audio Device Динамики (Realtek High Definition Audio)
[2020.09.15-10.24.34:944][429]LogAudioMixer: Display: Initializing Sound Submixes...
[2020.09.15-10.24.34:945][429]LogAudioMixer: Display: Creating Master Submix 'MasterSubmixDefault'
[2020.09.15-10.24.34:945][429]LogAudioMixer: Display: Creating Master Submix 'MasterReverbSubmixDefault'
[2020.09.15-10.24.34:945][429]LogAudioMixer: Display: Creating Master Submix 'MasterEQSubmixDefault'
[2020.09.15-10.24.34:970][429]LogInit: FAudioDevice initialized.
[2020.09.15-10.24.34:985][429]LogLoad: Game class is 'BP_MicroDoomGameMode_C'
[2020.09.15-10.24.34:987][429]LogWorld: Bringing World /Game/MicroDoom/Maps/UEDPIE_0_TestMap.TestMap up for play (max tick rate 60) at 2020.09.15-13.24.34
[2020.09.15-10.24.34:987][429]LogWorld: Bringing up level for play took: 0.000973
[2020.09.15-10.24.34:987][429]LogOnline: OSS: Creating online subsystem instance for: :Context_9
[2020.09.15-10.24.34:991][429]PIE: Server logged in
[2020.09.15-10.24.34:992][429]PIE: Play in editor total start time 0,199 seconds.
[2020.09.15-10.25.00:805][889]LogSlate: Updating window title bar state: overlay mode, drag disabled, window buttons hidden, title bar hidden
[2020.09.15-10.25.00:805][889]LogWorld: BeginTearingDown for /Game/MicroDoom/Maps/UEDPIE_0_TestMap
[2020.09.15-10.25.00:805][889]LogWorld: UWorld::CleanupWorld for TestMap, bSessionEnded=true, bCleanupResources=true
[2020.09.15-10.25.00:805][889]LogSlate: InvalidateAllWidgets triggered.  All widgets were invalidated
[2020.09.15-10.25.00:815][889]LogPlayLevel: Display: Shutting down PIE online subsystems
[2020.09.15-10.25.00:821][889]LogSlate: InvalidateAllWidgets triggered.  All widgets were invalidated
[2020.09.15-10.25.00:880][889]LogSlate: Updating window title bar state: overlay mode, drag disabled, window buttons hidden, title bar hidden
[2020.09.15-10.25.00:881][889]LogAISub: UAISubsystem::~UAISubsystem AIPerceptionSystem (0000019E595C9300), frame # 14889
[2020.09.15-10.25.00:881][889]LogAISub: UAISubsystem::~UAISubsystem EnvQueryManager (0000019E328B0200), frame # 14889
[2020.09.15-10.25.00:884][889]LogUObjectHash: Compacting FUObjectHashTables data took   3.40ms
[2020.09.15-10.25.00:932][890]LogPlayLevel: Display: Destroying online subsystem :Context_9
[2020.09.15-10.25.04:986][103]Cmd: OBJ SAVEPACKAGE PACKAGE="/Game/MicroDoom/Maps/TestMap" FILE="../../../../../../Projects/MicroDoomRep/MicroDoom/Content/MicroDoom/Maps/TestMap.umap" SILENT=true AUTOSAVING=false KEEPDIRTY=false
[2020.09.15-10.25.05:035][103]LogUObjectHash: Compacting FUObjectHashTables data took   3.24ms
[2020.09.15-10.25.05:060][103]LogSavePackage: Moving '../../../../../../Projects/MicroDoomRep/MicroDoom/Saved/TestMap5800D89B44FB3E4B0C356685956B4EE2.tmp' to '../../../../../../Projects/MicroDoomRep/MicroDoom/Content/MicroDoom/Maps/TestMap.umap'
[2020.09.15-10.25.05:099][103]Cmd: OBJ SAVEPACKAGE PACKAGE="/Game/MicroDoom/Maps/TestMap_BuiltData" FILE="../../../../../../Projects/MicroDoomRep/MicroDoom/Content/MicroDoom/Maps/TestMap_BuiltData.uasset" SILENT=true
[2020.09.15-10.25.05:122][103]LogSavePackage: Moving '../../../../../../Projects/MicroDoomRep/MicroDoom/Saved/TestMap_BuiltData9F706C344530C4DD1BC882900E361856.tmp' to '../../../../../../Projects/MicroDoomRep/MicroDoom/Content/MicroDoom/Maps/TestMap_BuiltData.uasset'
[2020.09.15-10.25.05:142][103]AssetCheck: New page: Asset Save: multiple assets
[2020.09.15-10.25.05:142][103]LogContentValidation: Display: Validating World /Game/MicroDoom/Maps/TestMap.TestMap
[2020.09.15-10.25.05:142][103]LogContentValidation: Display: Validating MapBuildDataRegistry /Game/MicroDoom/Maps/TestMap_BuiltData.TestMap_BuiltData
[2020.09.15-10.25.46:881][391]LogWindowsTextInputMethodSystem: Display: IME system now deactivated.
[2020.09.15-10.25.46:881][391]LogWindowsTextInputMethodSystem: Display: IME system now deactivated.
[2020.09.15-10.26.16:605][850]LogSlate: Window 'Pick Parent Class' being destroyed
